ARM GAS  C:\Users\63143\AppData\Local\Temp\ccP8qyks.s 			page 1


   1              		.cpu cortex-m4
   2              		.eabi_attribute 27, 1
   3              		.eabi_attribute 28, 1
   4              		.eabi_attribute 20, 1
   5              		.eabi_attribute 21, 1
   6              		.eabi_attribute 23, 3
   7              		.eabi_attribute 24, 1
   8              		.eabi_attribute 25, 1
   9              		.eabi_attribute 26, 1
  10              		.eabi_attribute 30, 1
  11              		.eabi_attribute 34, 1
  12              		.eabi_attribute 18, 4
  13              		.file	"array_queue.c"
  14              		.text
  15              	.Ltext0:
  16              		.cfi_sections	.debug_frame
  17              		.section	.text.queue_Init,"ax",%progbits
  18              		.align	1
  19              		.global	queue_Init
  20              		.syntax unified
  21              		.thumb
  22              		.thumb_func
  23              		.fpu fpv4-sp-d16
  25              	queue_Init:
  26              	.LFB123:
  27              		.file 1 "Core/Src/array_queue.c"
   1:Core/Src/array_queue.c **** #include "array_queue.h"
   2:Core/Src/array_queue.c **** #include <string.h>
   3:Core/Src/array_queue.c **** 
   4:Core/Src/array_queue.c **** Queue myqueue;
   5:Core/Src/array_queue.c **** 
   6:Core/Src/array_queue.c **** //清空某个队列
   7:Core/Src/array_queue.c **** void queue_Init(Queue *queue)
   8:Core/Src/array_queue.c **** {
  28              		.loc 1 8 0
  29              		.cfi_startproc
  30              		@ args = 0, pretend = 0, frame = 0
  31              		@ frame_needed = 0, uses_anonymous_args = 0
  32              	.LVL0:
  33 0000 08B5     		push	{r3, lr}
  34              	.LCFI0:
  35              		.cfi_def_cfa_offset 8
  36              		.cfi_offset 3, -8
  37              		.cfi_offset 14, -4
   9:Core/Src/array_queue.c ****     queue->_tail = queue->_head = 0;
  10:Core/Src/array_queue.c ****     queue->_state = queue_ok;
  38              		.loc 1 10 0
  39 0002 0223     		movs	r3, #2
  40 0004 80F80434 		strb	r3, [r0, #1028]
  11:Core/Src/array_queue.c ****     memset(queue, 0x00, QUEUE_MAX_SIZE);
  41              		.loc 1 11 0
  42 0008 4FF48062 		mov	r2, #1024
  43 000c 0021     		movs	r1, #0
  44 000e FFF7FEFF 		bl	memset
  45              	.LVL1:
  12:Core/Src/array_queue.c **** }
  46              		.loc 1 12 0
ARM GAS  C:\Users\63143\AppData\Local\Temp\ccP8qyks.s 			page 2


  47 0012 08BD     		pop	{r3, pc}
  48              		.cfi_endproc
  49              	.LFE123:
  51              		.section	.text.queue_isEmpty,"ax",%progbits
  52              		.align	1
  53              		.global	queue_isEmpty
  54              		.syntax unified
  55              		.thumb
  56              		.thumb_func
  57              		.fpu fpv4-sp-d16
  59              	queue_isEmpty:
  60              	.LFB124:
  13:Core/Src/array_queue.c **** 
  14:Core/Src/array_queue.c **** //若队列为非空返回0，否则返回非0
  15:Core/Src/array_queue.c **** quint8 queue_isEmpty(const Queue queue)
  16:Core/Src/array_queue.c **** {
  61              		.loc 1 16 0
  62              		.cfi_startproc
  63              		@ args = 1032, pretend = 16, frame = 0
  64              		@ frame_needed = 0, uses_anonymous_args = 0
  65              		@ link register save eliminated.
  66 0000 84B0     		sub	sp, sp, #16
  67              	.LCFI1:
  68              		.cfi_def_cfa_offset 16
  69 0002 8DE80F00 		stm	sp, {r0, r1, r2, r3}
  17:Core/Src/array_queue.c ****     if (queue._head != queue._tail)
  70              		.loc 1 17 0
  71 0006 BDF80020 		ldrh	r2, [sp]
  72 000a BDF80230 		ldrh	r3, [sp, #2]
  73 000e 9A42     		cmp	r2, r3
  74 0010 02D0     		beq	.L5
  18:Core/Src/array_queue.c ****     {
  19:Core/Src/array_queue.c ****         return 0;
  75              		.loc 1 19 0
  76 0012 0020     		movs	r0, #0
  77              	.L4:
  20:Core/Src/array_queue.c ****     }
  21:Core/Src/array_queue.c ****     else
  22:Core/Src/array_queue.c ****     {
  23:Core/Src/array_queue.c ****         return 1;
  24:Core/Src/array_queue.c ****     }
  25:Core/Src/array_queue.c **** }
  78              		.loc 1 25 0
  79 0014 04B0     		add	sp, sp, #16
  80              	.LCFI2:
  81              		.cfi_remember_state
  82              		.cfi_def_cfa_offset 0
  83 0016 7047     		bx	lr
  84              	.L5:
  85              	.LCFI3:
  86              		.cfi_restore_state
  23:Core/Src/array_queue.c ****     }
  87              		.loc 1 23 0
  88 0018 0120     		movs	r0, #1
  89 001a FBE7     		b	.L4
  90              		.cfi_endproc
  91              	.LFE124:
ARM GAS  C:\Users\63143\AppData\Local\Temp\ccP8qyks.s 			page 3


  93              		.section	.text.queue_isFull,"ax",%progbits
  94              		.align	1
  95              		.global	queue_isFull
  96              		.syntax unified
  97              		.thumb
  98              		.thumb_func
  99              		.fpu fpv4-sp-d16
 101              	queue_isFull:
 102              	.LFB125:
  26:Core/Src/array_queue.c **** 
  27:Core/Src/array_queue.c **** //若队列非满返回0，否则返回非0
  28:Core/Src/array_queue.c **** quint8 queue_isFull(const Queue queue)
  29:Core/Src/array_queue.c **** {
 103              		.loc 1 29 0
 104              		.cfi_startproc
 105              		@ args = 1032, pretend = 16, frame = 0
 106              		@ frame_needed = 0, uses_anonymous_args = 0
 107              		@ link register save eliminated.
 108 0000 84B0     		sub	sp, sp, #16
 109              	.LCFI4:
 110              		.cfi_def_cfa_offset 16
 111 0002 8DE80F00 		stm	sp, {r0, r1, r2, r3}
  30:Core/Src/array_queue.c ****     quint16 next_pos = ((queue._head) % QUEUE_MAX_SIZE);
 112              		.loc 1 30 0
 113 0006 BDF80030 		ldrh	r3, [sp]
 114 000a C3F30903 		ubfx	r3, r3, #0, #10
 115              	.LVL2:
  31:Core/Src/array_queue.c ****     if (next_pos != queue._tail)
 116              		.loc 1 31 0
 117 000e BDF80220 		ldrh	r2, [sp, #2]
 118 0012 9A42     		cmp	r2, r3
 119 0014 02D0     		beq	.L9
  32:Core/Src/array_queue.c ****     {
  33:Core/Src/array_queue.c ****         return 0;
 120              		.loc 1 33 0
 121 0016 0020     		movs	r0, #0
 122              	.L8:
  34:Core/Src/array_queue.c ****     }
  35:Core/Src/array_queue.c ****     else
  36:Core/Src/array_queue.c ****     {
  37:Core/Src/array_queue.c ****         return 1;
  38:Core/Src/array_queue.c ****     }
  39:Core/Src/array_queue.c **** }
 123              		.loc 1 39 0
 124 0018 04B0     		add	sp, sp, #16
 125              	.LCFI5:
 126              		.cfi_remember_state
 127              		.cfi_def_cfa_offset 0
 128 001a 7047     		bx	lr
 129              	.L9:
 130              	.LCFI6:
 131              		.cfi_restore_state
  37:Core/Src/array_queue.c ****     }
 132              		.loc 1 37 0
 133 001c 0120     		movs	r0, #1
 134 001e FBE7     		b	.L8
 135              		.cfi_endproc
ARM GAS  C:\Users\63143\AppData\Local\Temp\ccP8qyks.s 			page 4


 136              	.LFE125:
 138              		.section	.text.queue_getSize,"ax",%progbits
 139              		.align	1
 140              		.global	queue_getSize
 141              		.syntax unified
 142              		.thumb
 143              		.thumb_func
 144              		.fpu fpv4-sp-d16
 146              	queue_getSize:
 147              	.LFB126:
  40:Core/Src/array_queue.c **** 
  41:Core/Src/array_queue.c **** quint16 queue_getSize(const Queue queue)
  42:Core/Src/array_queue.c **** {
 148              		.loc 1 42 0
 149              		.cfi_startproc
 150              		@ args = 1032, pretend = 16, frame = 0
 151              		@ frame_needed = 0, uses_anonymous_args = 0
 152              		@ link register save eliminated.
 153 0000 84B0     		sub	sp, sp, #16
 154              	.LCFI7:
 155              		.cfi_def_cfa_offset 16
 156 0002 8DE80F00 		stm	sp, {r0, r1, r2, r3}
  43:Core/Src/array_queue.c ****     switch (queue._state)
 157              		.loc 1 43 0
 158 0006 9DF80434 		ldrb	r3, [sp, #1028]	@ zero_extendqisi2
 159 000a 23B1     		cbz	r3, .L13
 160 000c 022B     		cmp	r3, #2
 161 000e 05D0     		beq	.L14
  44:Core/Src/array_queue.c ****     {
  45:Core/Src/array_queue.c ****     case queue_full:
  46:Core/Src/array_queue.c ****         return QUEUE_MAX_SIZE;
  47:Core/Src/array_queue.c ****         break;
  48:Core/Src/array_queue.c ****     case queue_empty:
  49:Core/Src/array_queue.c ****         return 0;
 162              		.loc 1 49 0
 163 0010 0020     		movs	r0, #0
 164              	.L12:
  50:Core/Src/array_queue.c ****     case queue_ok:
  51:Core/Src/array_queue.c ****         return ((queue._head - queue._tail + QUEUE_MAX_SIZE) % QUEUE_MAX_SIZE);
  52:Core/Src/array_queue.c ****     default:
  53:Core/Src/array_queue.c ****         break;
  54:Core/Src/array_queue.c ****     }
  55:Core/Src/array_queue.c ****     return 0;
  56:Core/Src/array_queue.c **** }
 165              		.loc 1 56 0
 166 0012 04B0     		add	sp, sp, #16
 167              	.LCFI8:
 168              		.cfi_remember_state
 169              		.cfi_def_cfa_offset 0
 170 0014 7047     		bx	lr
 171              	.L13:
 172              	.LCFI9:
 173              		.cfi_restore_state
  46:Core/Src/array_queue.c ****         break;
 174              		.loc 1 46 0
 175 0016 4FF48060 		mov	r0, #1024
 176 001a FAE7     		b	.L12
ARM GAS  C:\Users\63143\AppData\Local\Temp\ccP8qyks.s 			page 5


 177              	.L14:
  51:Core/Src/array_queue.c ****     default:
 178              		.loc 1 51 0
 179 001c BDF80000 		ldrh	r0, [sp]
 180 0020 BDF80230 		ldrh	r3, [sp, #2]
 181 0024 C01A     		subs	r0, r0, r3
 182 0026 00F58060 		add	r0, r0, #1024
 183 002a 4342     		rsbs	r3, r0, #0
 184 002c C0F30900 		ubfx	r0, r0, #0, #10
 185 0030 C3F30903 		ubfx	r3, r3, #0, #10
 186 0034 58BF     		it	pl
 187 0036 5842     		rsbpl	r0, r3, #0
 188 0038 80B2     		uxth	r0, r0
 189 003a EAE7     		b	.L12
 190              		.cfi_endproc
 191              	.LFE126:
 193              		.section	.text.queue_pop,"ax",%progbits
 194              		.align	1
 195              		.global	queue_pop
 196              		.syntax unified
 197              		.thumb
 198              		.thumb_func
 199              		.fpu fpv4-sp-d16
 201              	queue_pop:
 202              	.LFB127:
  57:Core/Src/array_queue.c **** 
  58:Core/Src/array_queue.c **** quint8 queue_pop(Queue *queue)
  59:Core/Src/array_queue.c **** {
 203              		.loc 1 59 0
 204              		.cfi_startproc
 205              		@ args = 0, pretend = 0, frame = 0
 206              		@ frame_needed = 0, uses_anonymous_args = 0
 207              	.LVL3:
 208 0000 2DE9F043 		push	{r4, r5, r6, r7, r8, r9, lr}
 209              	.LCFI10:
 210              		.cfi_def_cfa_offset 28
 211              		.cfi_offset 4, -28
 212              		.cfi_offset 5, -24
 213              		.cfi_offset 6, -20
 214              		.cfi_offset 7, -16
 215              		.cfi_offset 8, -12
 216              		.cfi_offset 9, -8
 217              		.cfi_offset 14, -4
 218 0004 ADF57F7D 		sub	sp, sp, #1020
 219              	.LCFI11:
 220              		.cfi_def_cfa_offset 1048
  60:Core/Src/array_queue.c ****     quint16 tail_t = queue->_tail;
 221              		.loc 1 60 0
 222 0008 4588     		ldrh	r5, [r0, #2]
 223              	.LVL4:
  61:Core/Src/array_queue.c ****     if (queue->_state != queue_empty)
 224              		.loc 1 61 0
 225 000a 90F80434 		ldrb	r3, [r0, #1028]	@ zero_extendqisi2
 226 000e 012B     		cmp	r3, #1
 227 0010 2AD0     		beq	.L22
 228 0012 0446     		mov	r4, r0
  62:Core/Src/array_queue.c ****     {
ARM GAS  C:\Users\63143\AppData\Local\Temp\ccP8qyks.s 			page 6


  63:Core/Src/array_queue.c ****         queue->_tail = (tail_t + 1) % QUEUE_MAX_SIZE;
 229              		.loc 1 63 0
 230 0014 6B1C     		adds	r3, r5, #1
 231 0016 5A42     		rsbs	r2, r3, #0
 232 0018 C3F30903 		ubfx	r3, r3, #0, #10
 233 001c C2F30902 		ubfx	r2, r2, #0, #10
 234 0020 58BF     		it	pl
 235 0022 5342     		rsbpl	r3, r2, #0
 236 0024 4380     		strh	r3, [r0, #2]	@ movhi
  64:Core/Src/array_queue.c ****         if (queue_isEmpty(*queue))
 237              		.loc 1 64 0
 238 0026 D0F80090 		ldr	r9, [r0]	@ unaligned
 239 002a D0F80480 		ldr	r8, [r0, #4]	@ unaligned
 240 002e 8768     		ldr	r7, [r0, #8]	@ unaligned
 241 0030 C668     		ldr	r6, [r0, #12]	@ unaligned
 242 0032 40F2F632 		movw	r2, #1014
 243 0036 00F11001 		add	r1, r0, #16
 244 003a 6846     		mov	r0, sp
 245              	.LVL5:
 246 003c FFF7FEFF 		bl	memcpy
 247              	.LVL6:
 248 0040 4846     		mov	r0, r9
 249 0042 4146     		mov	r1, r8
 250 0044 3A46     		mov	r2, r7
 251 0046 3346     		mov	r3, r6
 252 0048 FFF7FEFF 		bl	queue_isEmpty
 253              	.LVL7:
 254 004c 40B1     		cbz	r0, .L20
  65:Core/Src/array_queue.c ****         {
  66:Core/Src/array_queue.c ****             queue->_state = queue_empty;
 255              		.loc 1 66 0
 256 004e 0123     		movs	r3, #1
 257 0050 84F80434 		strb	r3, [r4, #1028]
 258              	.L21:
  67:Core/Src/array_queue.c ****         }
  68:Core/Src/array_queue.c ****         else
  69:Core/Src/array_queue.c ****         {
  70:Core/Src/array_queue.c ****             queue->_state = queue_ok;
  71:Core/Src/array_queue.c ****         }
  72:Core/Src/array_queue.c **** 
  73:Core/Src/array_queue.c ****         return queue->_data[tail_t];
 259              		.loc 1 73 0
 260 0054 2C44     		add	r4, r4, r5
 261              	.LVL8:
 262 0056 2079     		ldrb	r0, [r4, #4]	@ zero_extendqisi2
 263              	.L19:
  74:Core/Src/array_queue.c ****     }
  75:Core/Src/array_queue.c ****     else
  76:Core/Src/array_queue.c ****     {
  77:Core/Src/array_queue.c ****         return 0;
  78:Core/Src/array_queue.c ****     }
  79:Core/Src/array_queue.c **** }
 264              		.loc 1 79 0
 265 0058 0DF57F7D 		add	sp, sp, #1020
 266              	.LCFI12:
 267              		.cfi_remember_state
 268              		.cfi_def_cfa_offset 28
ARM GAS  C:\Users\63143\AppData\Local\Temp\ccP8qyks.s 			page 7


 269              		@ sp needed
 270 005c BDE8F083 		pop	{r4, r5, r6, r7, r8, r9, pc}
 271              	.LVL9:
 272              	.L20:
 273              	.LCFI13:
 274              		.cfi_restore_state
  70:Core/Src/array_queue.c ****         }
 275              		.loc 1 70 0
 276 0060 0223     		movs	r3, #2
 277 0062 84F80434 		strb	r3, [r4, #1028]
 278 0066 F5E7     		b	.L21
 279              	.LVL10:
 280              	.L22:
  77:Core/Src/array_queue.c ****     }
 281              		.loc 1 77 0
 282 0068 0020     		movs	r0, #0
 283              	.LVL11:
 284 006a F5E7     		b	.L19
 285              		.cfi_endproc
 286              	.LFE127:
 288              		.section	.text.queue_push,"ax",%progbits
 289              		.align	1
 290              		.global	queue_push
 291              		.syntax unified
 292              		.thumb
 293              		.thumb_func
 294              		.fpu fpv4-sp-d16
 296              	queue_push:
 297              	.LFB128:
  80:Core/Src/array_queue.c **** 
  81:Core/Src/array_queue.c **** void queue_push(Queue *queue, const quint8 _data)
  82:Core/Src/array_queue.c **** {
 298              		.loc 1 82 0
 299              		.cfi_startproc
 300              		@ args = 0, pretend = 0, frame = 0
 301              		@ frame_needed = 0, uses_anonymous_args = 0
 302              	.LVL12:
  83:Core/Src/array_queue.c ****     if (queue->_state != queue_full)
 303              		.loc 1 83 0
 304 0000 90F80434 		ldrb	r3, [r0, #1028]	@ zero_extendqisi2
 305 0004 73B3     		cbz	r3, .L28
  82:Core/Src/array_queue.c ****     if (queue->_state != queue_full)
 306              		.loc 1 82 0
 307 0006 2DE9F041 		push	{r4, r5, r6, r7, r8, lr}
 308              	.LCFI14:
 309              		.cfi_def_cfa_offset 24
 310              		.cfi_offset 4, -24
 311              		.cfi_offset 5, -20
 312              		.cfi_offset 6, -16
 313              		.cfi_offset 7, -12
 314              		.cfi_offset 8, -8
 315              		.cfi_offset 14, -4
 316 000a ADF57E7D 		sub	sp, sp, #1016
 317              	.LCFI15:
 318              		.cfi_def_cfa_offset 1040
 319 000e 0446     		mov	r4, r0
  84:Core/Src/array_queue.c ****     {
ARM GAS  C:\Users\63143\AppData\Local\Temp\ccP8qyks.s 			page 8


  85:Core/Src/array_queue.c ****         queue->_data[queue->_head] = _data;
 320              		.loc 1 85 0
 321 0010 0388     		ldrh	r3, [r0]
 322 0012 C218     		adds	r2, r0, r3
 323 0014 1171     		strb	r1, [r2, #4]
  86:Core/Src/array_queue.c ****         queue->_head = (queue->_head + 1) % QUEUE_MAX_SIZE;
 324              		.loc 1 86 0
 325 0016 0133     		adds	r3, r3, #1
 326 0018 5A42     		rsbs	r2, r3, #0
 327 001a C3F30903 		ubfx	r3, r3, #0, #10
 328 001e C2F30902 		ubfx	r2, r2, #0, #10
 329 0022 58BF     		it	pl
 330 0024 5342     		rsbpl	r3, r2, #0
 331 0026 0380     		strh	r3, [r0]	@ movhi
  87:Core/Src/array_queue.c ****         if (queue_isFull(*queue))
 332              		.loc 1 87 0
 333 0028 D0F80080 		ldr	r8, [r0]	@ unaligned
 334 002c 4768     		ldr	r7, [r0, #4]	@ unaligned
 335 002e 8668     		ldr	r6, [r0, #8]	@ unaligned
 336 0030 C568     		ldr	r5, [r0, #12]	@ unaligned
 337 0032 40F2F632 		movw	r2, #1014
 338 0036 00F11001 		add	r1, r0, #16
 339              	.LVL13:
 340 003a 6846     		mov	r0, sp
 341              	.LVL14:
 342 003c FFF7FEFF 		bl	memcpy
 343              	.LVL15:
 344 0040 4046     		mov	r0, r8
 345 0042 3946     		mov	r1, r7
 346 0044 3246     		mov	r2, r6
 347 0046 2B46     		mov	r3, r5
 348 0048 FFF7FEFF 		bl	queue_isFull
 349              	.LVL16:
 350 004c 30B9     		cbnz	r0, .L31
  88:Core/Src/array_queue.c ****         {
  89:Core/Src/array_queue.c ****             queue->_state = queue_full;
  90:Core/Src/array_queue.c ****         }
  91:Core/Src/array_queue.c ****         else
  92:Core/Src/array_queue.c ****         {
  93:Core/Src/array_queue.c ****             queue->_state = queue_ok;
 351              		.loc 1 93 0
 352 004e 0223     		movs	r3, #2
 353 0050 84F80434 		strb	r3, [r4, #1028]
 354              	.L24:
  94:Core/Src/array_queue.c ****         }
  95:Core/Src/array_queue.c ****     }
  96:Core/Src/array_queue.c **** }
 355              		.loc 1 96 0
 356 0054 0DF57E7D 		add	sp, sp, #1016
 357              	.LCFI16:
 358              		.cfi_remember_state
 359              		.cfi_def_cfa_offset 24
 360              		@ sp needed
 361 0058 BDE8F081 		pop	{r4, r5, r6, r7, r8, pc}
 362              	.LVL17:
 363              	.L31:
 364              	.LCFI17:
ARM GAS  C:\Users\63143\AppData\Local\Temp\ccP8qyks.s 			page 9


 365              		.cfi_restore_state
  89:Core/Src/array_queue.c ****         }
 366              		.loc 1 89 0
 367 005c 0023     		movs	r3, #0
 368 005e 84F80434 		strb	r3, [r4, #1028]
 369 0062 F7E7     		b	.L24
 370              	.LVL18:
 371              	.L28:
 372              	.LCFI18:
 373              		.cfi_def_cfa_offset 0
 374              		.cfi_restore 4
 375              		.cfi_restore 5
 376              		.cfi_restore 6
 377              		.cfi_restore 7
 378              		.cfi_restore 8
 379              		.cfi_restore 14
 380 0064 7047     		bx	lr
 381              		.cfi_endproc
 382              	.LFE128:
 384              		.comm	myqueue,1030,4
 385              		.text
 386              	.Letext0:
 387              		.file 2 "c:\\msys64\\home\\63143\\gcc-arm-none-eabi-7-2018-q2-update-win32\\arm-none-eabi\\include
 388              		.file 3 "c:\\msys64\\home\\63143\\gcc-arm-none-eabi-7-2018-q2-update-win32\\arm-none-eabi\\include
 389              		.file 4 "Drivers/CMSIS/Include/core_cm4.h"
 390              		.file 5 "Drivers/CMSIS/Device/ST/STM32F4xx/Include/system_stm32f4xx.h"
 391              		.file 6 "Core/Inc/array_queue.h"
 392              		.file 7 "c:\\msys64\\home\\63143\\gcc-arm-none-eabi-7-2018-q2-update-win32\\arm-none-eabi\\include
 393              		.file 8 "c:\\msys64\\home\\63143\\gcc-arm-none-eabi-7-2018-q2-update-win32\\arm-none-eabi\\include
 394              		.file 9 "c:\\msys64\\home\\63143\\gcc-arm-none-eabi-7-2018-q2-update-win32\\lib\\gcc\\arm-none-eab
 395              		.file 10 "c:\\msys64\\home\\63143\\gcc-arm-none-eabi-7-2018-q2-update-win32\\arm-none-eabi\\includ
 396              		.file 11 "<built-in>"
ARM GAS  C:\Users\63143\AppData\Local\Temp\ccP8qyks.s 			page 10


DEFINED SYMBOLS
                            *ABS*:00000000 array_queue.c
C:\Users\63143\AppData\Local\Temp\ccP8qyks.s:18     .text.queue_Init:00000000 $t
C:\Users\63143\AppData\Local\Temp\ccP8qyks.s:25     .text.queue_Init:00000000 queue_Init
C:\Users\63143\AppData\Local\Temp\ccP8qyks.s:52     .text.queue_isEmpty:00000000 $t
C:\Users\63143\AppData\Local\Temp\ccP8qyks.s:59     .text.queue_isEmpty:00000000 queue_isEmpty
C:\Users\63143\AppData\Local\Temp\ccP8qyks.s:94     .text.queue_isFull:00000000 $t
C:\Users\63143\AppData\Local\Temp\ccP8qyks.s:101    .text.queue_isFull:00000000 queue_isFull
C:\Users\63143\AppData\Local\Temp\ccP8qyks.s:139    .text.queue_getSize:00000000 $t
C:\Users\63143\AppData\Local\Temp\ccP8qyks.s:146    .text.queue_getSize:00000000 queue_getSize
C:\Users\63143\AppData\Local\Temp\ccP8qyks.s:194    .text.queue_pop:00000000 $t
C:\Users\63143\AppData\Local\Temp\ccP8qyks.s:201    .text.queue_pop:00000000 queue_pop
C:\Users\63143\AppData\Local\Temp\ccP8qyks.s:289    .text.queue_push:00000000 $t
C:\Users\63143\AppData\Local\Temp\ccP8qyks.s:296    .text.queue_push:00000000 queue_push
                            *COM*:00000406 myqueue

UNDEFINED SYMBOLS
memset
memcpy
