ARM GAS  C:\Users\63143\AppData\Local\Temp\ccx6tslt.s 			page 1


   1              		.cpu cortex-m4
   2              		.eabi_attribute 27, 1
   3              		.eabi_attribute 28, 1
   4              		.eabi_attribute 20, 1
   5              		.eabi_attribute 21, 1
   6              		.eabi_attribute 23, 3
   7              		.eabi_attribute 24, 1
   8              		.eabi_attribute 25, 1
   9              		.eabi_attribute 26, 1
  10              		.eabi_attribute 30, 1
  11              		.eabi_attribute 34, 1
  12              		.eabi_attribute 18, 4
  13              		.file	"gpio.c"
  14              		.text
  15              	.Ltext0:
  16              		.cfi_sections	.debug_frame
  17              		.section	.text.MX_GPIO_Init,"ax",%progbits
  18              		.align	1
  19              		.global	MX_GPIO_Init
  20              		.syntax unified
  21              		.thumb
  22              		.thumb_func
  23              		.fpu fpv4-sp-d16
  25              	MX_GPIO_Init:
  26              	.LFB123:
  27              		.file 1 "Core/Src/gpio.c"
   1:Core/Src/gpio.c **** /**
   2:Core/Src/gpio.c ****   ******************************************************************************
   3:Core/Src/gpio.c ****   * File Name          : gpio.c
   4:Core/Src/gpio.c ****   * Description        : This file provides code for the configuration
   5:Core/Src/gpio.c ****   *                      of all used GPIO pins.
   6:Core/Src/gpio.c ****   ******************************************************************************
   7:Core/Src/gpio.c ****   ** This notice applies to any and all portions of this file
   8:Core/Src/gpio.c ****   * that are not between comment pairs USER CODE BEGIN and
   9:Core/Src/gpio.c ****   * USER CODE END. Other portions of this file, whether 
  10:Core/Src/gpio.c ****   * inserted by the user or by software development tools
  11:Core/Src/gpio.c ****   * are owned by their respective copyright owners.
  12:Core/Src/gpio.c ****   *
  13:Core/Src/gpio.c ****   * COPYRIGHT(c) 2019 STMicroelectronics
  14:Core/Src/gpio.c ****   *
  15:Core/Src/gpio.c ****   * Redistribution and use in source and binary forms, with or without modification,
  16:Core/Src/gpio.c ****   * are permitted provided that the following conditions are met:
  17:Core/Src/gpio.c ****   *   1. Redistributions of source code must retain the above copyright notice,
  18:Core/Src/gpio.c ****   *      this list of conditions and the following disclaimer.
  19:Core/Src/gpio.c ****   *   2. Redistributions in binary form must reproduce the above copyright notice,
  20:Core/Src/gpio.c ****   *      this list of conditions and the following disclaimer in the documentation
  21:Core/Src/gpio.c ****   *      and/or other materials provided with the distribution.
  22:Core/Src/gpio.c ****   *   3. Neither the name of STMicroelectronics nor the names of its contributors
  23:Core/Src/gpio.c ****   *      may be used to endorse or promote products derived from this software
  24:Core/Src/gpio.c ****   *      without specific prior written permission.
  25:Core/Src/gpio.c ****   *
  26:Core/Src/gpio.c ****   * THIS SOFTWARE IS PROVIDED BY THE COPYRIGHT HOLDERS AND CONTRIBUTORS "AS IS"
  27:Core/Src/gpio.c ****   * AND ANY EXPRESS OR IMPLIED WARRANTIES, INCLUDING, BUT NOT LIMITED TO, THE
  28:Core/Src/gpio.c ****   * IMPLIED WARRANTIES OF MERCHANTABILITY AND FITNESS FOR A PARTICULAR PURPOSE ARE
  29:Core/Src/gpio.c ****   * DISCLAIMED. IN NO EVENT SHALL THE COPYRIGHT HOLDER OR CONTRIBUTORS BE LIABLE
  30:Core/Src/gpio.c ****   * FOR ANY DIRECT, INDIRECT, INCIDENTAL, SPECIAL, EXEMPLARY, OR CONSEQUENTIAL
  31:Core/Src/gpio.c ****   * DAMAGES (INCLUDING, BUT NOT LIMITED TO, PROCUREMENT OF SUBSTITUTE GOODS OR
ARM GAS  C:\Users\63143\AppData\Local\Temp\ccx6tslt.s 			page 2


  32:Core/Src/gpio.c ****   * SERVICES; LOSS OF USE, DATA, OR PROFITS; OR BUSINESS INTERRUPTION) HOWEVER
  33:Core/Src/gpio.c ****   * CAUSED AND ON ANY THEORY OF LIABILITY, WHETHER IN CONTRACT, STRICT LIABILITY,
  34:Core/Src/gpio.c ****   * OR TORT (INCLUDING NEGLIGENCE OR OTHERWISE) ARISING IN ANY WAY OUT OF THE USE
  35:Core/Src/gpio.c ****   * OF THIS SOFTWARE, EVEN IF ADVISED OF THE POSSIBILITY OF SUCH DAMAGE.
  36:Core/Src/gpio.c ****   *
  37:Core/Src/gpio.c ****   ******************************************************************************
  38:Core/Src/gpio.c ****   */
  39:Core/Src/gpio.c **** 
  40:Core/Src/gpio.c **** /* Includes ------------------------------------------------------------------*/
  41:Core/Src/gpio.c **** #include "gpio.h"
  42:Core/Src/gpio.c **** /* USER CODE BEGIN 0 */
  43:Core/Src/gpio.c **** 
  44:Core/Src/gpio.c **** /* USER CODE END 0 */
  45:Core/Src/gpio.c **** 
  46:Core/Src/gpio.c **** /*----------------------------------------------------------------------------*/
  47:Core/Src/gpio.c **** /* Configure GPIO                                                             */
  48:Core/Src/gpio.c **** /*----------------------------------------------------------------------------*/
  49:Core/Src/gpio.c **** /* USER CODE BEGIN 1 */
  50:Core/Src/gpio.c **** 
  51:Core/Src/gpio.c **** /* USER CODE END 1 */
  52:Core/Src/gpio.c **** 
  53:Core/Src/gpio.c **** /** Configure pins as 
  54:Core/Src/gpio.c ****         * Analog 
  55:Core/Src/gpio.c ****         * Input 
  56:Core/Src/gpio.c ****         * Output
  57:Core/Src/gpio.c ****         * EVENT_OUT
  58:Core/Src/gpio.c ****         * EXTI
  59:Core/Src/gpio.c **** */
  60:Core/Src/gpio.c **** void MX_GPIO_Init(void)
  61:Core/Src/gpio.c **** {
  28              		.loc 1 61 0
  29              		.cfi_startproc
  30              		@ args = 0, pretend = 0, frame = 32
  31              		@ frame_needed = 0, uses_anonymous_args = 0
  32 0000 70B5     		push	{r4, r5, r6, lr}
  33              	.LCFI0:
  34              		.cfi_def_cfa_offset 16
  35              		.cfi_offset 4, -16
  36              		.cfi_offset 5, -12
  37              		.cfi_offset 6, -8
  38              		.cfi_offset 14, -4
  39 0002 88B0     		sub	sp, sp, #32
  40              	.LCFI1:
  41              		.cfi_def_cfa_offset 48
  62:Core/Src/gpio.c **** 
  63:Core/Src/gpio.c ****   GPIO_InitTypeDef GPIO_InitStruct = {0};
  42              		.loc 1 63 0
  43 0004 0024     		movs	r4, #0
  44 0006 0594     		str	r4, [sp, #20]
  45 0008 0694     		str	r4, [sp, #24]
  46 000a 0794     		str	r4, [sp, #28]
  47              	.LBB2:
  64:Core/Src/gpio.c **** 
  65:Core/Src/gpio.c ****   /* GPIO Ports Clock Enable */
  66:Core/Src/gpio.c ****   __HAL_RCC_GPIOH_CLK_ENABLE();
  48              		.loc 1 66 0
  49 000c 0094     		str	r4, [sp]
ARM GAS  C:\Users\63143\AppData\Local\Temp\ccx6tslt.s 			page 3


  50 000e 174B     		ldr	r3, .L3
  51 0010 1A6B     		ldr	r2, [r3, #48]
  52 0012 42F08002 		orr	r2, r2, #128
  53 0016 1A63     		str	r2, [r3, #48]
  54 0018 1A6B     		ldr	r2, [r3, #48]
  55 001a 02F08002 		and	r2, r2, #128
  56 001e 0092     		str	r2, [sp]
  57 0020 009A     		ldr	r2, [sp]
  58              	.LBE2:
  59              	.LBB3:
  67:Core/Src/gpio.c ****   __HAL_RCC_GPIOA_CLK_ENABLE();
  60              		.loc 1 67 0
  61 0022 0194     		str	r4, [sp, #4]
  62 0024 1A6B     		ldr	r2, [r3, #48]
  63 0026 42F00102 		orr	r2, r2, #1
  64 002a 1A63     		str	r2, [r3, #48]
  65 002c 1A6B     		ldr	r2, [r3, #48]
  66 002e 02F00102 		and	r2, r2, #1
  67 0032 0192     		str	r2, [sp, #4]
  68 0034 019A     		ldr	r2, [sp, #4]
  69              	.LBE3:
  70              	.LBB4:
  68:Core/Src/gpio.c ****   __HAL_RCC_GPIOG_CLK_ENABLE();
  71              		.loc 1 68 0
  72 0036 0294     		str	r4, [sp, #8]
  73 0038 1A6B     		ldr	r2, [r3, #48]
  74 003a 42F04002 		orr	r2, r2, #64
  75 003e 1A63     		str	r2, [r3, #48]
  76 0040 1B6B     		ldr	r3, [r3, #48]
  77 0042 03F04003 		and	r3, r3, #64
  78 0046 0293     		str	r3, [sp, #8]
  79 0048 029B     		ldr	r3, [sp, #8]
  80              	.LBE4:
  69:Core/Src/gpio.c **** 
  70:Core/Src/gpio.c ****   /*Configure GPIO pin Output Level */
  71:Core/Src/gpio.c ****   
  72:Core/Src/gpio.c **** 
  73:Core/Src/gpio.c ****   /*Configure GPIO pins : PG13 PG14 */
  74:Core/Src/gpio.c ****   GPIO_InitStruct.Pin = GPIO_PIN_13|GPIO_PIN_14;
  81              		.loc 1 74 0
  82 004a 4FF4C046 		mov	r6, #24576
  83 004e 0396     		str	r6, [sp, #12]
  75:Core/Src/gpio.c ****   GPIO_InitStruct.Mode = GPIO_MODE_OUTPUT_PP;
  84              		.loc 1 75 0
  85 0050 0123     		movs	r3, #1
  86 0052 0493     		str	r3, [sp, #16]
  76:Core/Src/gpio.c ****   GPIO_InitStruct.Pull = GPIO_NOPULL;
  77:Core/Src/gpio.c ****   GPIO_InitStruct.Speed = GPIO_SPEED_FREQ_LOW;
  78:Core/Src/gpio.c ****   HAL_GPIO_Init(GPIOG, &GPIO_InitStruct);
  87              		.loc 1 78 0
  88 0054 064D     		ldr	r5, .L3+4
  89 0056 03A9     		add	r1, sp, #12
  90 0058 2846     		mov	r0, r5
  91 005a FFF7FEFF 		bl	HAL_GPIO_Init
  92              	.LVL0:
  79:Core/Src/gpio.c **** 
  80:Core/Src/gpio.c ****   HAL_GPIO_WritePin(GPIOG, GPIO_PIN_13 | GPIO_PIN_14, GPIO_PIN_RESET);
ARM GAS  C:\Users\63143\AppData\Local\Temp\ccx6tslt.s 			page 4


  93              		.loc 1 80 0
  94 005e 2246     		mov	r2, r4
  95 0060 3146     		mov	r1, r6
  96 0062 2846     		mov	r0, r5
  97 0064 FFF7FEFF 		bl	HAL_GPIO_WritePin
  98              	.LVL1:
  81:Core/Src/gpio.c **** }
  99              		.loc 1 81 0
 100 0068 08B0     		add	sp, sp, #32
 101              	.LCFI2:
 102              		.cfi_def_cfa_offset 16
 103              		@ sp needed
 104 006a 70BD     		pop	{r4, r5, r6, pc}
 105              	.L4:
 106              		.align	2
 107              	.L3:
 108 006c 00380240 		.word	1073887232
 109 0070 00180240 		.word	1073879040
 110              		.cfi_endproc
 111              	.LFE123:
 113              		.text
 114              	.Letext0:
 115              		.file 2 "c:\\msys64\\home\\63143\\gcc-arm-none-eabi-7-2018-q2-update-win32\\arm-none-eabi\\include
 116              		.file 3 "c:\\msys64\\home\\63143\\gcc-arm-none-eabi-7-2018-q2-update-win32\\arm-none-eabi\\include
 117              		.file 4 "Drivers/CMSIS/Include/core_cm4.h"
 118              		.file 5 "Drivers/CMSIS/Device/ST/STM32F4xx/Include/system_stm32f4xx.h"
 119              		.file 6 "Drivers/CMSIS/Device/ST/STM32F4xx/Include/stm32f429xx.h"
 120              		.file 7 "Drivers/STM32F4xx_HAL_Driver/Inc/stm32f4xx_hal_gpio.h"
ARM GAS  C:\Users\63143\AppData\Local\Temp\ccx6tslt.s 			page 5


DEFINED SYMBOLS
                            *ABS*:00000000 gpio.c
C:\Users\63143\AppData\Local\Temp\ccx6tslt.s:18     .text.MX_GPIO_Init:00000000 $t
C:\Users\63143\AppData\Local\Temp\ccx6tslt.s:25     .text.MX_GPIO_Init:00000000 MX_GPIO_Init
C:\Users\63143\AppData\Local\Temp\ccx6tslt.s:108    .text.MX_GPIO_Init:0000006c $d

UNDEFINED SYMBOLS
HAL_GPIO_Init
HAL_GPIO_WritePin
