ARM GAS  C:\Users\63143\AppData\Local\Temp\ccCK4DXv.s 			page 1


   1              		.cpu cortex-m4
   2              		.eabi_attribute 27, 1
   3              		.eabi_attribute 28, 1
   4              		.eabi_attribute 20, 1
   5              		.eabi_attribute 21, 1
   6              		.eabi_attribute 23, 3
   7              		.eabi_attribute 24, 1
   8              		.eabi_attribute 25, 1
   9              		.eabi_attribute 26, 1
  10              		.eabi_attribute 30, 1
  11              		.eabi_attribute 34, 1
  12              		.eabi_attribute 18, 4
  13              		.file	"main.c"
  14              		.text
  15              	.Ltext0:
  16              		.cfi_sections	.debug_frame
  17              		.section	.text.SystemClock_Config,"ax",%progbits
  18              		.align	1
  19              		.global	SystemClock_Config
  20              		.syntax unified
  21              		.thumb
  22              		.thumb_func
  23              		.fpu fpv4-sp-d16
  25              	SystemClock_Config:
  26              	.LFB157:
  27              		.file 1 "Core/Src/main.c"
   1:Core/Src/main.c **** /* USER CODE BEGIN Header */
   2:Core/Src/main.c **** /**
   3:Core/Src/main.c ****   ******************************************************************************
   4:Core/Src/main.c ****   * @file           : main.c
   5:Core/Src/main.c ****   * @brief          : Main program body
   6:Core/Src/main.c ****   ******************************************************************************
   7:Core/Src/main.c ****   ** This notice applies to any and all portions of this file
   8:Core/Src/main.c ****   * that are not between comment pairs USER CODE BEGIN and
   9:Core/Src/main.c ****   * USER CODE END. Other portions of this file, whether 
  10:Core/Src/main.c ****   * inserted by the user or by software development tools
  11:Core/Src/main.c ****   * are owned by their respective copyright owners.
  12:Core/Src/main.c ****   *
  13:Core/Src/main.c ****   * COPYRIGHT(c) 2019 STMicroelectronics
  14:Core/Src/main.c ****   *
  15:Core/Src/main.c ****   * Redistribution and use in source and binary forms, with or without modification,
  16:Core/Src/main.c ****   * are permitted provided that the following conditions are met:
  17:Core/Src/main.c ****   *   1. Redistributions of source code must retain the above copyright notice,
  18:Core/Src/main.c ****   *      this list of conditions and the following disclaimer.
  19:Core/Src/main.c ****   *   2. Redistributions in binary form must reproduce the above copyright notice,
  20:Core/Src/main.c ****   *      this list of conditions and the following disclaimer in the documentation
  21:Core/Src/main.c ****   *      and/or other materials provided with the distribution.
  22:Core/Src/main.c ****   *   3. Neither the name of STMicroelectronics nor the names of its contributors
  23:Core/Src/main.c ****   *      may be used to endorse or promote products derived from this software
  24:Core/Src/main.c ****   *      without specific prior written permission.
  25:Core/Src/main.c ****   *
  26:Core/Src/main.c ****   * THIS SOFTWARE IS PROVIDED BY THE COPYRIGHT HOLDERS AND CONTRIBUTORS "AS IS"
  27:Core/Src/main.c ****   * AND ANY EXPRESS OR IMPLIED WARRANTIES, INCLUDING, BUT NOT LIMITED TO, THE
  28:Core/Src/main.c ****   * IMPLIED WARRANTIES OF MERCHANTABILITY AND FITNESS FOR A PARTICULAR PURPOSE ARE
  29:Core/Src/main.c ****   * DISCLAIMED. IN NO EVENT SHALL THE COPYRIGHT HOLDER OR CONTRIBUTORS BE LIABLE
  30:Core/Src/main.c ****   * FOR ANY DIRECT, INDIRECT, INCIDENTAL, SPECIAL, EXEMPLARY, OR CONSEQUENTIAL
  31:Core/Src/main.c ****   * DAMAGES (INCLUDING, BUT NOT LIMITED TO, PROCUREMENT OF SUBSTITUTE GOODS OR
ARM GAS  C:\Users\63143\AppData\Local\Temp\ccCK4DXv.s 			page 2


  32:Core/Src/main.c ****   * SERVICES; LOSS OF USE, DATA, OR PROFITS; OR BUSINESS INTERRUPTION) HOWEVER
  33:Core/Src/main.c ****   * CAUSED AND ON ANY THEORY OF LIABILITY, WHETHER IN CONTRACT, STRICT LIABILITY,
  34:Core/Src/main.c ****   * OR TORT (INCLUDING NEGLIGENCE OR OTHERWISE) ARISING IN ANY WAY OUT OF THE USE
  35:Core/Src/main.c ****   * OF THIS SOFTWARE, EVEN IF ADVISED OF THE POSSIBILITY OF SUCH DAMAGE.
  36:Core/Src/main.c ****   *
  37:Core/Src/main.c ****   ******************************************************************************
  38:Core/Src/main.c ****   */
  39:Core/Src/main.c **** /* USER CODE END Header */
  40:Core/Src/main.c **** 
  41:Core/Src/main.c **** /* Includes ------------------------------------------------------------------*/
  42:Core/Src/main.c **** #include "main.h"
  43:Core/Src/main.c **** #include "tim.h"
  44:Core/Src/main.c **** #include "usart.h"
  45:Core/Src/main.c **** #include "gpio.h"
  46:Core/Src/main.c **** /* Private includes ----------------------------------------------------------*/
  47:Core/Src/main.c **** /* USER CODE BEGIN Includes */
  48:Core/Src/main.c **** #include "TLV56xx.h"
  49:Core/Src/main.c **** #include "array_queue.h"
  50:Core/Src/main.c **** #include "hmi_driver.h"
  51:Core/Src/main.c **** /* USER CODE END Includes */
  52:Core/Src/main.c **** 
  53:Core/Src/main.c **** /* Private typedef -----------------------------------------------------------*/
  54:Core/Src/main.c **** /* USER CODE BEGIN PTD */
  55:Core/Src/main.c **** extern Queue myqueue;
  56:Core/Src/main.c **** /* USER CODE END PTD */
  57:Core/Src/main.c **** 
  58:Core/Src/main.c **** /* Private define ------------------------------------------------------------*/
  59:Core/Src/main.c **** /* USER CODE BEGIN PD */
  60:Core/Src/main.c **** 
  61:Core/Src/main.c **** /* USER CODE END PD */
  62:Core/Src/main.c **** 
  63:Core/Src/main.c **** /* Private macro -------------------------------------------------------------*/
  64:Core/Src/main.c **** /* USER CODE BEGIN PM */
  65:Core/Src/main.c **** 
  66:Core/Src/main.c **** /* USER CODE END PM */
  67:Core/Src/main.c **** 
  68:Core/Src/main.c **** /* Private variables ---------------------------------------------------------*/
  69:Core/Src/main.c **** 
  70:Core/Src/main.c **** /* USER CODE BEGIN PV */
  71:Core/Src/main.c **** 
  72:Core/Src/main.c **** /* USER CODE END PV */
  73:Core/Src/main.c **** 
  74:Core/Src/main.c **** /* Private function prototypes -----------------------------------------------*/
  75:Core/Src/main.c **** void SystemClock_Config(void);
  76:Core/Src/main.c **** /* USER CODE BEGIN PFP */
  77:Core/Src/main.c **** 
  78:Core/Src/main.c **** /* USER CODE END PFP */
  79:Core/Src/main.c **** 
  80:Core/Src/main.c **** /* Private user code ---------------------------------------------------------*/
  81:Core/Src/main.c **** /* USER CODE BEGIN 0 */
  82:Core/Src/main.c **** 
  83:Core/Src/main.c **** /* USER CODE END 0 */
  84:Core/Src/main.c **** 
  85:Core/Src/main.c **** /**
  86:Core/Src/main.c ****   * @brief  The application entry point.
  87:Core/Src/main.c ****   * @retval int
  88:Core/Src/main.c ****   */
ARM GAS  C:\Users\63143\AppData\Local\Temp\ccCK4DXv.s 			page 3


  89:Core/Src/main.c **** int main(void)
  90:Core/Src/main.c **** {
  91:Core/Src/main.c **** 
  92:Core/Src/main.c ****   /* USER CODE BEGIN 1 */
  93:Core/Src/main.c **** 
  94:Core/Src/main.c ****   /* USER CODE END 1 */
  95:Core/Src/main.c **** 
  96:Core/Src/main.c ****   /* MCU Configuration--------------------------------------------------------*/
  97:Core/Src/main.c **** 
  98:Core/Src/main.c ****   /* Reset of all peripherals, Initializes the Flash interface and the Systick. */
  99:Core/Src/main.c ****   HAL_Init();
 100:Core/Src/main.c **** 
 101:Core/Src/main.c ****   /* USER CODE BEGIN Init */
 102:Core/Src/main.c **** 
 103:Core/Src/main.c ****   /* USER CODE END Init */
 104:Core/Src/main.c **** 
 105:Core/Src/main.c ****   /* Configure the system clock */
 106:Core/Src/main.c ****   SystemClock_Config();
 107:Core/Src/main.c **** 
 108:Core/Src/main.c ****   /* USER CODE BEGIN SysInit */
 109:Core/Src/main.c **** 
 110:Core/Src/main.c ****   /* USER CODE END SysInit */
 111:Core/Src/main.c **** 
 112:Core/Src/main.c ****   /* Initialize all configured peripherals */
 113:Core/Src/main.c ****   MX_GPIO_Init();
 114:Core/Src/main.c ****   MX_USART1_UART_Init();
 115:Core/Src/main.c ****   MX_TIM2_Init();
 116:Core/Src/main.c ****   TLV56xx_GPIO_Init();
 117:Core/Src/main.c ****   DA_TIM3_Init(90, 50);
 118:Core/Src/main.c ****   queue_Init(&myqueue);
 119:Core/Src/main.c ****   MX_USART3_UART_Init();
 120:Core/Src/main.c ****   /* USER CODE BEGIN 2 */
 121:Core/Src/main.c ****   printf("system boot success.\n");
 122:Core/Src/main.c ****   /* USER CODE END 2 */
 123:Core/Src/main.c ****   /* Infinite loop */
 124:Core/Src/main.c ****   uint8_t str[1024] = {0};
 125:Core/Src/main.c ****   uint8_t len;
 126:Core/Src/main.c ****   /* USER CODE BEGIN WHILE */
 127:Core/Src/main.c ****   while (1)
 128:Core/Src/main.c ****   {
 129:Core/Src/main.c ****     /* USER CODE END WHILE */
 130:Core/Src/main.c ****     len = queue_find_frame(&myqueue, str);
 131:Core/Src/main.c ****     if (len)
 132:Core/Src/main.c ****     {
 133:Core/Src/main.c ****       process(str, len);
 134:Core/Src/main.c ****     }
 135:Core/Src/main.c ****     /* USER CODE BEGIN 3 */
 136:Core/Src/main.c ****   }
 137:Core/Src/main.c ****   /* USER CODE END 3 */
 138:Core/Src/main.c **** }
 139:Core/Src/main.c **** 
 140:Core/Src/main.c **** /**
 141:Core/Src/main.c ****   * @brief System Clock Configuration
 142:Core/Src/main.c ****   * @retval None
 143:Core/Src/main.c ****   */
 144:Core/Src/main.c **** void SystemClock_Config(void)
 145:Core/Src/main.c **** {
ARM GAS  C:\Users\63143\AppData\Local\Temp\ccCK4DXv.s 			page 4


  28              		.loc 1 145 0
  29              		.cfi_startproc
  30              		@ args = 0, pretend = 0, frame = 80
  31              		@ frame_needed = 0, uses_anonymous_args = 0
  32 0000 30B5     		push	{r4, r5, lr}
  33              	.LCFI0:
  34              		.cfi_def_cfa_offset 12
  35              		.cfi_offset 4, -12
  36              		.cfi_offset 5, -8
  37              		.cfi_offset 14, -4
  38 0002 95B0     		sub	sp, sp, #84
  39              	.LCFI1:
  40              		.cfi_def_cfa_offset 96
 146:Core/Src/main.c ****   RCC_OscInitTypeDef RCC_OscInitStruct = {0};
  41              		.loc 1 146 0
  42 0004 3022     		movs	r2, #48
  43 0006 0021     		movs	r1, #0
  44 0008 08A8     		add	r0, sp, #32
  45 000a FFF7FEFF 		bl	memset
  46              	.LVL0:
 147:Core/Src/main.c ****   RCC_ClkInitTypeDef RCC_ClkInitStruct = {0};
  47              		.loc 1 147 0
  48 000e 0024     		movs	r4, #0
  49 0010 0394     		str	r4, [sp, #12]
  50 0012 0494     		str	r4, [sp, #16]
  51 0014 0594     		str	r4, [sp, #20]
  52 0016 0694     		str	r4, [sp, #24]
  53 0018 0794     		str	r4, [sp, #28]
  54              	.LBB2:
 148:Core/Src/main.c **** 
 149:Core/Src/main.c ****   /**Configure the main internal regulator output voltage 
 150:Core/Src/main.c ****   */
 151:Core/Src/main.c ****   __HAL_RCC_PWR_CLK_ENABLE();
  55              		.loc 1 151 0
  56 001a 0194     		str	r4, [sp, #4]
  57 001c 1C4B     		ldr	r3, .L3
  58 001e 1A6C     		ldr	r2, [r3, #64]
  59 0020 42F08052 		orr	r2, r2, #268435456
  60 0024 1A64     		str	r2, [r3, #64]
  61 0026 1B6C     		ldr	r3, [r3, #64]
  62 0028 03F08053 		and	r3, r3, #268435456
  63 002c 0193     		str	r3, [sp, #4]
  64 002e 019B     		ldr	r3, [sp, #4]
  65              	.LBE2:
  66              	.LBB3:
 152:Core/Src/main.c ****   __HAL_PWR_VOLTAGESCALING_CONFIG(PWR_REGULATOR_VOLTAGE_SCALE1);
  67              		.loc 1 152 0
  68 0030 0294     		str	r4, [sp, #8]
  69 0032 184B     		ldr	r3, .L3+4
  70 0034 1A68     		ldr	r2, [r3]
  71 0036 42F44042 		orr	r2, r2, #49152
  72 003a 1A60     		str	r2, [r3]
  73 003c 1B68     		ldr	r3, [r3]
  74 003e 03F44043 		and	r3, r3, #49152
  75 0042 0293     		str	r3, [sp, #8]
  76 0044 029B     		ldr	r3, [sp, #8]
  77              	.LBE3:
ARM GAS  C:\Users\63143\AppData\Local\Temp\ccCK4DXv.s 			page 5


 153:Core/Src/main.c ****   /**Initializes the CPU, AHB and APB busses clocks 
 154:Core/Src/main.c ****   */
 155:Core/Src/main.c ****   RCC_OscInitStruct.OscillatorType = RCC_OSCILLATORTYPE_HSE;
  78              		.loc 1 155 0
  79 0046 0123     		movs	r3, #1
  80 0048 0893     		str	r3, [sp, #32]
 156:Core/Src/main.c ****   RCC_OscInitStruct.HSEState = RCC_HSE_ON;
  81              		.loc 1 156 0
  82 004a 4FF48033 		mov	r3, #65536
  83 004e 0993     		str	r3, [sp, #36]
 157:Core/Src/main.c ****   RCC_OscInitStruct.PLL.PLLState = RCC_PLL_ON;
  84              		.loc 1 157 0
  85 0050 0225     		movs	r5, #2
  86 0052 0E95     		str	r5, [sp, #56]
 158:Core/Src/main.c ****   RCC_OscInitStruct.PLL.PLLSource = RCC_PLLSOURCE_HSE;
  87              		.loc 1 158 0
  88 0054 4FF48003 		mov	r3, #4194304
  89 0058 0F93     		str	r3, [sp, #60]
 159:Core/Src/main.c ****   RCC_OscInitStruct.PLL.PLLM = 4;
  90              		.loc 1 159 0
  91 005a 0423     		movs	r3, #4
  92 005c 1093     		str	r3, [sp, #64]
 160:Core/Src/main.c ****   RCC_OscInitStruct.PLL.PLLN = 180;
  93              		.loc 1 160 0
  94 005e B422     		movs	r2, #180
  95 0060 1192     		str	r2, [sp, #68]
 161:Core/Src/main.c ****   RCC_OscInitStruct.PLL.PLLP = RCC_PLLP_DIV2;
  96              		.loc 1 161 0
  97 0062 1295     		str	r5, [sp, #72]
 162:Core/Src/main.c ****   RCC_OscInitStruct.PLL.PLLQ = 4;
  98              		.loc 1 162 0
  99 0064 1393     		str	r3, [sp, #76]
 163:Core/Src/main.c ****   if (HAL_RCC_OscConfig(&RCC_OscInitStruct) != HAL_OK)
 100              		.loc 1 163 0
 101 0066 08A8     		add	r0, sp, #32
 102 0068 FFF7FEFF 		bl	HAL_RCC_OscConfig
 103              	.LVL1:
 164:Core/Src/main.c ****   {
 165:Core/Src/main.c ****     Error_Handler();
 166:Core/Src/main.c ****   }
 167:Core/Src/main.c ****   /**Activate the Over-Drive mode 
 168:Core/Src/main.c ****   */
 169:Core/Src/main.c ****   if (HAL_PWREx_EnableOverDrive() != HAL_OK)
 104              		.loc 1 169 0
 105 006c FFF7FEFF 		bl	HAL_PWREx_EnableOverDrive
 106              	.LVL2:
 170:Core/Src/main.c ****   {
 171:Core/Src/main.c ****     Error_Handler();
 172:Core/Src/main.c ****   }
 173:Core/Src/main.c ****   /**Initializes the CPU, AHB and APB busses clocks 
 174:Core/Src/main.c ****   */
 175:Core/Src/main.c ****   RCC_ClkInitStruct.ClockType = RCC_CLOCKTYPE_HCLK | RCC_CLOCKTYPE_SYSCLK | RCC_CLOCKTYPE_PCLK1 | R
 107              		.loc 1 175 0
 108 0070 0F23     		movs	r3, #15
 109 0072 0393     		str	r3, [sp, #12]
 176:Core/Src/main.c ****   RCC_ClkInitStruct.SYSCLKSource = RCC_SYSCLKSOURCE_PLLCLK;
 110              		.loc 1 176 0
ARM GAS  C:\Users\63143\AppData\Local\Temp\ccCK4DXv.s 			page 6


 111 0074 0495     		str	r5, [sp, #16]
 177:Core/Src/main.c ****   RCC_ClkInitStruct.AHBCLKDivider = RCC_SYSCLK_DIV1;
 112              		.loc 1 177 0
 113 0076 0594     		str	r4, [sp, #20]
 178:Core/Src/main.c ****   RCC_ClkInitStruct.APB1CLKDivider = RCC_HCLK_DIV4;
 114              		.loc 1 178 0
 115 0078 4FF4A053 		mov	r3, #5120
 116 007c 0693     		str	r3, [sp, #24]
 179:Core/Src/main.c ****   RCC_ClkInitStruct.APB2CLKDivider = RCC_HCLK_DIV2;
 117              		.loc 1 179 0
 118 007e 4FF48053 		mov	r3, #4096
 119 0082 0793     		str	r3, [sp, #28]
 180:Core/Src/main.c **** 
 181:Core/Src/main.c ****   if (HAL_RCC_ClockConfig(&RCC_ClkInitStruct, FLASH_LATENCY_5) != HAL_OK)
 120              		.loc 1 181 0
 121 0084 0521     		movs	r1, #5
 122 0086 03A8     		add	r0, sp, #12
 123 0088 FFF7FEFF 		bl	HAL_RCC_ClockConfig
 124              	.LVL3:
 182:Core/Src/main.c ****   {
 183:Core/Src/main.c ****     Error_Handler();
 184:Core/Src/main.c ****   }
 185:Core/Src/main.c **** }
 125              		.loc 1 185 0
 126 008c 15B0     		add	sp, sp, #84
 127              	.LCFI2:
 128              		.cfi_def_cfa_offset 12
 129              		@ sp needed
 130 008e 30BD     		pop	{r4, r5, pc}
 131              	.L4:
 132              		.align	2
 133              	.L3:
 134 0090 00380240 		.word	1073887232
 135 0094 00700040 		.word	1073770496
 136              		.cfi_endproc
 137              	.LFE157:
 139              		.section	.text.main,"ax",%progbits
 140              		.align	1
 141              		.global	main
 142              		.syntax unified
 143              		.thumb
 144              		.thumb_func
 145              		.fpu fpv4-sp-d16
 147              	main:
 148              	.LFB156:
  90:Core/Src/main.c **** 
 149              		.loc 1 90 0
 150              		.cfi_startproc
 151              		@ args = 0, pretend = 0, frame = 1024
 152              		@ frame_needed = 0, uses_anonymous_args = 0
 153 0000 00B5     		push	{lr}
 154              	.LCFI3:
 155              		.cfi_def_cfa_offset 4
 156              		.cfi_offset 14, -4
 157 0002 ADF2044D 		subw	sp, sp, #1028
 158              	.LCFI4:
 159              		.cfi_def_cfa_offset 1032
ARM GAS  C:\Users\63143\AppData\Local\Temp\ccCK4DXv.s 			page 7


  99:Core/Src/main.c **** 
 160              		.loc 1 99 0
 161 0006 FFF7FEFF 		bl	HAL_Init
 162              	.LVL4:
 106:Core/Src/main.c **** 
 163              		.loc 1 106 0
 164 000a FFF7FEFF 		bl	SystemClock_Config
 165              	.LVL5:
 113:Core/Src/main.c ****   MX_USART1_UART_Init();
 166              		.loc 1 113 0
 167 000e FFF7FEFF 		bl	MX_GPIO_Init
 168              	.LVL6:
 114:Core/Src/main.c ****   MX_TIM2_Init();
 169              		.loc 1 114 0
 170 0012 FFF7FEFF 		bl	MX_USART1_UART_Init
 171              	.LVL7:
 115:Core/Src/main.c ****   TLV56xx_GPIO_Init();
 172              		.loc 1 115 0
 173 0016 FFF7FEFF 		bl	MX_TIM2_Init
 174              	.LVL8:
 116:Core/Src/main.c ****   DA_TIM3_Init(90, 50);
 175              		.loc 1 116 0
 176 001a FFF7FEFF 		bl	TLV56xx_GPIO_Init
 177              	.LVL9:
 117:Core/Src/main.c ****   queue_Init(&myqueue);
 178              		.loc 1 117 0
 179 001e 3221     		movs	r1, #50
 180 0020 5A20     		movs	r0, #90
 181 0022 FFF7FEFF 		bl	DA_TIM3_Init
 182              	.LVL10:
 118:Core/Src/main.c ****   MX_USART3_UART_Init();
 183              		.loc 1 118 0
 184 0026 0D48     		ldr	r0, .L9
 185 0028 FFF7FEFF 		bl	queue_Init
 186              	.LVL11:
 119:Core/Src/main.c ****   /* USER CODE BEGIN 2 */
 187              		.loc 1 119 0
 188 002c FFF7FEFF 		bl	MX_USART3_UART_Init
 189              	.LVL12:
 121:Core/Src/main.c ****   /* USER CODE END 2 */
 190              		.loc 1 121 0
 191 0030 0B48     		ldr	r0, .L9+4
 192 0032 FFF7FEFF 		bl	puts
 193              	.LVL13:
 124:Core/Src/main.c ****   uint8_t len;
 194              		.loc 1 124 0
 195 0036 4FF48062 		mov	r2, #1024
 196 003a 0021     		movs	r1, #0
 197 003c 6846     		mov	r0, sp
 198 003e FFF7FEFF 		bl	memset
 199              	.LVL14:
 200              	.L6:
 130:Core/Src/main.c ****     if (len)
 201              		.loc 1 130 0
 202 0042 6946     		mov	r1, sp
 203 0044 0548     		ldr	r0, .L9
 204 0046 FFF7FEFF 		bl	queue_find_frame
ARM GAS  C:\Users\63143\AppData\Local\Temp\ccCK4DXv.s 			page 8


 205              	.LVL15:
 131:Core/Src/main.c ****     {
 206              		.loc 1 131 0
 207 004a 10F0FF0F 		tst	r0, #255
 208 004e F8D0     		beq	.L6
 133:Core/Src/main.c ****     }
 209              		.loc 1 133 0
 210 0050 C1B2     		uxtb	r1, r0
 211 0052 6846     		mov	r0, sp
 212              	.LVL16:
 213 0054 FFF7FEFF 		bl	process
 214              	.LVL17:
 215 0058 F3E7     		b	.L6
 216              	.L10:
 217 005a 00BF     		.align	2
 218              	.L9:
 219 005c 00000000 		.word	myqueue
 220 0060 00000000 		.word	.LC0
 221              		.cfi_endproc
 222              	.LFE156:
 224              		.section	.text.Error_Handler,"ax",%progbits
 225              		.align	1
 226              		.global	Error_Handler
 227              		.syntax unified
 228              		.thumb
 229              		.thumb_func
 230              		.fpu fpv4-sp-d16
 232              	Error_Handler:
 233              	.LFB158:
 186:Core/Src/main.c **** 
 187:Core/Src/main.c **** /* USER CODE BEGIN 4 */
 188:Core/Src/main.c **** 
 189:Core/Src/main.c **** /* USER CODE END 4 */
 190:Core/Src/main.c **** 
 191:Core/Src/main.c **** /**
 192:Core/Src/main.c ****   * @brief  This function is executed in case of error occurrence.
 193:Core/Src/main.c ****   * @retval None
 194:Core/Src/main.c ****   */
 195:Core/Src/main.c **** void Error_Handler(void)
 196:Core/Src/main.c **** {
 234              		.loc 1 196 0
 235              		.cfi_startproc
 236              		@ args = 0, pretend = 0, frame = 0
 237              		@ frame_needed = 0, uses_anonymous_args = 0
 238              		@ link register save eliminated.
 197:Core/Src/main.c ****   /* USER CODE BEGIN Error_Handler_Debug */
 198:Core/Src/main.c ****   /* User can add his own implementation to report the HAL error return state */
 199:Core/Src/main.c **** 
 200:Core/Src/main.c ****   /* USER CODE END Error_Handler_Debug */
 201:Core/Src/main.c **** }
 239              		.loc 1 201 0
 240 0000 7047     		bx	lr
 241              		.cfi_endproc
 242              	.LFE158:
 244              		.section	.rodata.main.str1.4,"aMS",%progbits,1
 245              		.align	2
 246              	.LC0:
ARM GAS  C:\Users\63143\AppData\Local\Temp\ccCK4DXv.s 			page 9


 247 0000 73797374 		.ascii	"system boot success.\000"
 247      656D2062 
 247      6F6F7420 
 247      73756363 
 247      6573732E 
 248              		.text
 249              	.Letext0:
 250              		.file 2 "c:\\msys64\\home\\63143\\gcc-arm-none-eabi-7-2018-q2-update-win32\\arm-none-eabi\\include
 251              		.file 3 "c:\\msys64\\home\\63143\\gcc-arm-none-eabi-7-2018-q2-update-win32\\arm-none-eabi\\include
 252              		.file 4 "Drivers/CMSIS/Include/core_cm4.h"
 253              		.file 5 "Drivers/CMSIS/Device/ST/STM32F4xx/Include/system_stm32f4xx.h"
 254              		.file 6 "Drivers/CMSIS/Device/ST/STM32F4xx/Include/stm32f429xx.h"
 255              		.file 7 "Drivers/STM32F4xx_HAL_Driver/Inc/stm32f4xx_hal_def.h"
 256              		.file 8 "Drivers/STM32F4xx_HAL_Driver/Inc/stm32f4xx_hal_rcc_ex.h"
 257              		.file 9 "Drivers/STM32F4xx_HAL_Driver/Inc/stm32f4xx_hal_rcc.h"
 258              		.file 10 "Drivers/STM32F4xx_HAL_Driver/Inc/stm32f4xx_hal_dma.h"
 259              		.file 11 "Drivers/STM32F4xx_HAL_Driver/Inc/stm32f4xx_hal_tim.h"
 260              		.file 12 "Drivers/STM32F4xx_HAL_Driver/Inc/stm32f4xx_hal_uart.h"
 261              		.file 13 "c:\\msys64\\home\\63143\\gcc-arm-none-eabi-7-2018-q2-update-win32\\arm-none-eabi\\includ
 262              		.file 14 "c:\\msys64\\home\\63143\\gcc-arm-none-eabi-7-2018-q2-update-win32\\arm-none-eabi\\includ
 263              		.file 15 "c:\\msys64\\home\\63143\\gcc-arm-none-eabi-7-2018-q2-update-win32\\lib\\gcc\\arm-none-ea
 264              		.file 16 "c:\\msys64\\home\\63143\\gcc-arm-none-eabi-7-2018-q2-update-win32\\arm-none-eabi\\includ
 265              		.file 17 "c:\\msys64\\home\\63143\\gcc-arm-none-eabi-7-2018-q2-update-win32\\arm-none-eabi\\includ
 266              		.file 18 "Drivers/CMSIS/Include/arm_math.h"
 267              		.file 19 "Core/Inc/tim.h"
 268              		.file 20 "Core/Inc/usart.h"
 269              		.file 21 "Core/Inc/array_queue.h"
 270              		.file 22 "Core/Inc/hmi_driver.h"
 271              		.file 23 "Drivers/STM32F4xx_HAL_Driver/Inc/stm32f4xx_hal_pwr_ex.h"
 272              		.file 24 "Drivers/STM32F4xx_HAL_Driver/Inc/stm32f4xx_hal.h"
 273              		.file 25 "Core/Inc/gpio.h"
 274              		.file 26 "Core/Inc/TLV56xx.h"
 275              		.file 27 "<built-in>"
ARM GAS  C:\Users\63143\AppData\Local\Temp\ccCK4DXv.s 			page 10


DEFINED SYMBOLS
                            *ABS*:00000000 main.c
C:\Users\63143\AppData\Local\Temp\ccCK4DXv.s:18     .text.SystemClock_Config:00000000 $t
C:\Users\63143\AppData\Local\Temp\ccCK4DXv.s:25     .text.SystemClock_Config:00000000 SystemClock_Config
C:\Users\63143\AppData\Local\Temp\ccCK4DXv.s:134    .text.SystemClock_Config:00000090 $d
C:\Users\63143\AppData\Local\Temp\ccCK4DXv.s:140    .text.main:00000000 $t
C:\Users\63143\AppData\Local\Temp\ccCK4DXv.s:147    .text.main:00000000 main
C:\Users\63143\AppData\Local\Temp\ccCK4DXv.s:219    .text.main:0000005c $d
C:\Users\63143\AppData\Local\Temp\ccCK4DXv.s:225    .text.Error_Handler:00000000 $t
C:\Users\63143\AppData\Local\Temp\ccCK4DXv.s:232    .text.Error_Handler:00000000 Error_Handler
C:\Users\63143\AppData\Local\Temp\ccCK4DXv.s:245    .rodata.main.str1.4:00000000 $d

UNDEFINED SYMBOLS
memset
HAL_RCC_OscConfig
HAL_PWREx_EnableOverDrive
HAL_RCC_ClockConfig
HAL_Init
MX_GPIO_Init
MX_USART1_UART_Init
MX_TIM2_Init
TLV56xx_GPIO_Init
DA_TIM3_Init
queue_Init
MX_USART3_UART_Init
puts
queue_find_frame
process
myqueue
