ARM GAS  C:\Users\63143\AppData\Local\Temp\ccSnR133.s 			page 1


   1              		.cpu cortex-m4
   2              		.eabi_attribute 27, 1
   3              		.eabi_attribute 28, 1
   4              		.eabi_attribute 20, 1
   5              		.eabi_attribute 21, 1
   6              		.eabi_attribute 23, 3
   7              		.eabi_attribute 24, 1
   8              		.eabi_attribute 25, 1
   9              		.eabi_attribute 26, 1
  10              		.eabi_attribute 30, 1
  11              		.eabi_attribute 34, 1
  12              		.eabi_attribute 18, 4
  13              		.file	"stm32f4xx_hal_gpio.c"
  14              		.text
  15              	.Ltext0:
  16              		.cfi_sections	.debug_frame
  17              		.section	.text.HAL_GPIO_Init,"ax",%progbits
  18              		.align	1
  19              		.global	HAL_GPIO_Init
  20              		.syntax unified
  21              		.thumb
  22              		.thumb_func
  23              		.fpu fpv4-sp-d16
  25              	HAL_GPIO_Init:
  26              	.LFB123:
  27              		.file 1 "Drivers/STM32F4xx_HAL_Driver/Src/stm32f4xx_hal_gpio.c"
   1:Drivers/STM32F4xx_HAL_Driver/Src/stm32f4xx_hal_gpio.c **** /**
   2:Drivers/STM32F4xx_HAL_Driver/Src/stm32f4xx_hal_gpio.c ****   ******************************************************************************
   3:Drivers/STM32F4xx_HAL_Driver/Src/stm32f4xx_hal_gpio.c ****   * @file    stm32f4xx_hal_gpio.c
   4:Drivers/STM32F4xx_HAL_Driver/Src/stm32f4xx_hal_gpio.c ****   * @author  MCD Application Team
   5:Drivers/STM32F4xx_HAL_Driver/Src/stm32f4xx_hal_gpio.c ****   * @brief   GPIO HAL module driver.
   6:Drivers/STM32F4xx_HAL_Driver/Src/stm32f4xx_hal_gpio.c ****   *          This file provides firmware functions to manage the following 
   7:Drivers/STM32F4xx_HAL_Driver/Src/stm32f4xx_hal_gpio.c ****   *          functionalities of the General Purpose Input/Output (GPIO) peripheral:
   8:Drivers/STM32F4xx_HAL_Driver/Src/stm32f4xx_hal_gpio.c ****   *           + Initialization and de-initialization functions
   9:Drivers/STM32F4xx_HAL_Driver/Src/stm32f4xx_hal_gpio.c ****   *           + IO operation functions
  10:Drivers/STM32F4xx_HAL_Driver/Src/stm32f4xx_hal_gpio.c ****   *
  11:Drivers/STM32F4xx_HAL_Driver/Src/stm32f4xx_hal_gpio.c ****   @verbatim
  12:Drivers/STM32F4xx_HAL_Driver/Src/stm32f4xx_hal_gpio.c ****   ==============================================================================
  13:Drivers/STM32F4xx_HAL_Driver/Src/stm32f4xx_hal_gpio.c ****                     ##### GPIO Peripheral features #####
  14:Drivers/STM32F4xx_HAL_Driver/Src/stm32f4xx_hal_gpio.c ****   ==============================================================================
  15:Drivers/STM32F4xx_HAL_Driver/Src/stm32f4xx_hal_gpio.c ****   [..] 
  16:Drivers/STM32F4xx_HAL_Driver/Src/stm32f4xx_hal_gpio.c ****   Subject to the specific hardware characteristics of each I/O port listed in the datasheet, each
  17:Drivers/STM32F4xx_HAL_Driver/Src/stm32f4xx_hal_gpio.c ****   port bit of the General Purpose IO (GPIO) Ports, can be individually configured by software
  18:Drivers/STM32F4xx_HAL_Driver/Src/stm32f4xx_hal_gpio.c ****   in several modes:
  19:Drivers/STM32F4xx_HAL_Driver/Src/stm32f4xx_hal_gpio.c ****   (+) Input mode 
  20:Drivers/STM32F4xx_HAL_Driver/Src/stm32f4xx_hal_gpio.c ****   (+) Analog mode
  21:Drivers/STM32F4xx_HAL_Driver/Src/stm32f4xx_hal_gpio.c ****   (+) Output mode
  22:Drivers/STM32F4xx_HAL_Driver/Src/stm32f4xx_hal_gpio.c ****   (+) Alternate function mode
  23:Drivers/STM32F4xx_HAL_Driver/Src/stm32f4xx_hal_gpio.c ****   (+) External interrupt/event lines
  24:Drivers/STM32F4xx_HAL_Driver/Src/stm32f4xx_hal_gpio.c **** 
  25:Drivers/STM32F4xx_HAL_Driver/Src/stm32f4xx_hal_gpio.c ****   [..]  
  26:Drivers/STM32F4xx_HAL_Driver/Src/stm32f4xx_hal_gpio.c ****   During and just after reset, the alternate functions and external interrupt  
  27:Drivers/STM32F4xx_HAL_Driver/Src/stm32f4xx_hal_gpio.c ****   lines are not active and the I/O ports are configured in input floating mode.
  28:Drivers/STM32F4xx_HAL_Driver/Src/stm32f4xx_hal_gpio.c ****   
  29:Drivers/STM32F4xx_HAL_Driver/Src/stm32f4xx_hal_gpio.c ****   [..]   
  30:Drivers/STM32F4xx_HAL_Driver/Src/stm32f4xx_hal_gpio.c ****   All GPIO pins have weak internal pull-up and pull-down resistors, which can be 
  31:Drivers/STM32F4xx_HAL_Driver/Src/stm32f4xx_hal_gpio.c ****   activated or not.
ARM GAS  C:\Users\63143\AppData\Local\Temp\ccSnR133.s 			page 2


  32:Drivers/STM32F4xx_HAL_Driver/Src/stm32f4xx_hal_gpio.c **** 
  33:Drivers/STM32F4xx_HAL_Driver/Src/stm32f4xx_hal_gpio.c ****   [..]
  34:Drivers/STM32F4xx_HAL_Driver/Src/stm32f4xx_hal_gpio.c ****   In Output or Alternate mode, each IO can be configured on open-drain or push-pull
  35:Drivers/STM32F4xx_HAL_Driver/Src/stm32f4xx_hal_gpio.c ****   type and the IO speed can be selected depending on the VDD value.
  36:Drivers/STM32F4xx_HAL_Driver/Src/stm32f4xx_hal_gpio.c **** 
  37:Drivers/STM32F4xx_HAL_Driver/Src/stm32f4xx_hal_gpio.c ****   [..]  
  38:Drivers/STM32F4xx_HAL_Driver/Src/stm32f4xx_hal_gpio.c ****   All ports have external interrupt/event capability. To use external interrupt 
  39:Drivers/STM32F4xx_HAL_Driver/Src/stm32f4xx_hal_gpio.c ****   lines, the port must be configured in input mode. All available GPIO pins are 
  40:Drivers/STM32F4xx_HAL_Driver/Src/stm32f4xx_hal_gpio.c ****   connected to the 16 external interrupt/event lines from EXTI0 to EXTI15.
  41:Drivers/STM32F4xx_HAL_Driver/Src/stm32f4xx_hal_gpio.c ****   
  42:Drivers/STM32F4xx_HAL_Driver/Src/stm32f4xx_hal_gpio.c ****   [..]
  43:Drivers/STM32F4xx_HAL_Driver/Src/stm32f4xx_hal_gpio.c ****   The external interrupt/event controller consists of up to 23 edge detectors 
  44:Drivers/STM32F4xx_HAL_Driver/Src/stm32f4xx_hal_gpio.c ****   (16 lines are connected to GPIO) for generating event/interrupt requests (each 
  45:Drivers/STM32F4xx_HAL_Driver/Src/stm32f4xx_hal_gpio.c ****   input line can be independently configured to select the type (interrupt or event) 
  46:Drivers/STM32F4xx_HAL_Driver/Src/stm32f4xx_hal_gpio.c ****   and the corresponding trigger event (rising or falling or both). Each line can 
  47:Drivers/STM32F4xx_HAL_Driver/Src/stm32f4xx_hal_gpio.c ****   also be masked independently. 
  48:Drivers/STM32F4xx_HAL_Driver/Src/stm32f4xx_hal_gpio.c **** 
  49:Drivers/STM32F4xx_HAL_Driver/Src/stm32f4xx_hal_gpio.c ****                      ##### How to use this driver #####
  50:Drivers/STM32F4xx_HAL_Driver/Src/stm32f4xx_hal_gpio.c ****   ==============================================================================  
  51:Drivers/STM32F4xx_HAL_Driver/Src/stm32f4xx_hal_gpio.c ****   [..]
  52:Drivers/STM32F4xx_HAL_Driver/Src/stm32f4xx_hal_gpio.c ****     (#) Enable the GPIO AHB clock using the following function: __HAL_RCC_GPIOx_CLK_ENABLE(). 
  53:Drivers/STM32F4xx_HAL_Driver/Src/stm32f4xx_hal_gpio.c **** 
  54:Drivers/STM32F4xx_HAL_Driver/Src/stm32f4xx_hal_gpio.c ****     (#) Configure the GPIO pin(s) using HAL_GPIO_Init().
  55:Drivers/STM32F4xx_HAL_Driver/Src/stm32f4xx_hal_gpio.c ****         (++) Configure the IO mode using "Mode" member from GPIO_InitTypeDef structure
  56:Drivers/STM32F4xx_HAL_Driver/Src/stm32f4xx_hal_gpio.c ****         (++) Activate Pull-up, Pull-down resistor using "Pull" member from GPIO_InitTypeDef 
  57:Drivers/STM32F4xx_HAL_Driver/Src/stm32f4xx_hal_gpio.c ****              structure.
  58:Drivers/STM32F4xx_HAL_Driver/Src/stm32f4xx_hal_gpio.c ****         (++) In case of Output or alternate function mode selection: the speed is 
  59:Drivers/STM32F4xx_HAL_Driver/Src/stm32f4xx_hal_gpio.c ****              configured through "Speed" member from GPIO_InitTypeDef structure.
  60:Drivers/STM32F4xx_HAL_Driver/Src/stm32f4xx_hal_gpio.c ****         (++) In alternate mode is selection, the alternate function connected to the IO
  61:Drivers/STM32F4xx_HAL_Driver/Src/stm32f4xx_hal_gpio.c ****              is configured through "Alternate" member from GPIO_InitTypeDef structure.
  62:Drivers/STM32F4xx_HAL_Driver/Src/stm32f4xx_hal_gpio.c ****         (++) Analog mode is required when a pin is to be used as ADC channel 
  63:Drivers/STM32F4xx_HAL_Driver/Src/stm32f4xx_hal_gpio.c ****              or DAC output.
  64:Drivers/STM32F4xx_HAL_Driver/Src/stm32f4xx_hal_gpio.c ****         (++) In case of external interrupt/event selection the "Mode" member from 
  65:Drivers/STM32F4xx_HAL_Driver/Src/stm32f4xx_hal_gpio.c ****              GPIO_InitTypeDef structure select the type (interrupt or event) and 
  66:Drivers/STM32F4xx_HAL_Driver/Src/stm32f4xx_hal_gpio.c ****              the corresponding trigger event (rising or falling or both).
  67:Drivers/STM32F4xx_HAL_Driver/Src/stm32f4xx_hal_gpio.c **** 
  68:Drivers/STM32F4xx_HAL_Driver/Src/stm32f4xx_hal_gpio.c ****     (#) In case of external interrupt/event mode selection, configure NVIC IRQ priority 
  69:Drivers/STM32F4xx_HAL_Driver/Src/stm32f4xx_hal_gpio.c ****         mapped to the EXTI line using HAL_NVIC_SetPriority() and enable it using
  70:Drivers/STM32F4xx_HAL_Driver/Src/stm32f4xx_hal_gpio.c ****         HAL_NVIC_EnableIRQ().
  71:Drivers/STM32F4xx_HAL_Driver/Src/stm32f4xx_hal_gpio.c ****          
  72:Drivers/STM32F4xx_HAL_Driver/Src/stm32f4xx_hal_gpio.c ****     (#) To get the level of a pin configured in input mode use HAL_GPIO_ReadPin().
  73:Drivers/STM32F4xx_HAL_Driver/Src/stm32f4xx_hal_gpio.c ****             
  74:Drivers/STM32F4xx_HAL_Driver/Src/stm32f4xx_hal_gpio.c ****     (#) To set/reset the level of a pin configured in output mode use 
  75:Drivers/STM32F4xx_HAL_Driver/Src/stm32f4xx_hal_gpio.c ****         HAL_GPIO_WritePin()/HAL_GPIO_TogglePin().
  76:Drivers/STM32F4xx_HAL_Driver/Src/stm32f4xx_hal_gpio.c ****     
  77:Drivers/STM32F4xx_HAL_Driver/Src/stm32f4xx_hal_gpio.c ****     (#) To lock pin configuration until next reset use HAL_GPIO_LockPin().
  78:Drivers/STM32F4xx_HAL_Driver/Src/stm32f4xx_hal_gpio.c **** 
  79:Drivers/STM32F4xx_HAL_Driver/Src/stm32f4xx_hal_gpio.c ****                  
  80:Drivers/STM32F4xx_HAL_Driver/Src/stm32f4xx_hal_gpio.c ****     (#) During and just after reset, the alternate functions are not 
  81:Drivers/STM32F4xx_HAL_Driver/Src/stm32f4xx_hal_gpio.c ****         active and the GPIO pins are configured in input floating mode (except JTAG
  82:Drivers/STM32F4xx_HAL_Driver/Src/stm32f4xx_hal_gpio.c ****         pins).
  83:Drivers/STM32F4xx_HAL_Driver/Src/stm32f4xx_hal_gpio.c ****   
  84:Drivers/STM32F4xx_HAL_Driver/Src/stm32f4xx_hal_gpio.c ****     (#) The LSE oscillator pins OSC32_IN and OSC32_OUT can be used as general purpose 
  85:Drivers/STM32F4xx_HAL_Driver/Src/stm32f4xx_hal_gpio.c ****         (PC14 and PC15, respectively) when the LSE oscillator is off. The LSE has 
  86:Drivers/STM32F4xx_HAL_Driver/Src/stm32f4xx_hal_gpio.c ****         priority over the GPIO function.
  87:Drivers/STM32F4xx_HAL_Driver/Src/stm32f4xx_hal_gpio.c ****   
  88:Drivers/STM32F4xx_HAL_Driver/Src/stm32f4xx_hal_gpio.c ****     (#) The HSE oscillator pins OSC_IN/OSC_OUT can be used as 
ARM GAS  C:\Users\63143\AppData\Local\Temp\ccSnR133.s 			page 3


  89:Drivers/STM32F4xx_HAL_Driver/Src/stm32f4xx_hal_gpio.c ****         general purpose PH0 and PH1, respectively, when the HSE oscillator is off. 
  90:Drivers/STM32F4xx_HAL_Driver/Src/stm32f4xx_hal_gpio.c ****         The HSE has priority over the GPIO function.
  91:Drivers/STM32F4xx_HAL_Driver/Src/stm32f4xx_hal_gpio.c ****   
  92:Drivers/STM32F4xx_HAL_Driver/Src/stm32f4xx_hal_gpio.c ****   @endverbatim
  93:Drivers/STM32F4xx_HAL_Driver/Src/stm32f4xx_hal_gpio.c ****   ******************************************************************************
  94:Drivers/STM32F4xx_HAL_Driver/Src/stm32f4xx_hal_gpio.c ****   * @attention
  95:Drivers/STM32F4xx_HAL_Driver/Src/stm32f4xx_hal_gpio.c ****   *
  96:Drivers/STM32F4xx_HAL_Driver/Src/stm32f4xx_hal_gpio.c ****   * <h2><center>&copy; Copyright (c) 2017 STMicroelectronics.
  97:Drivers/STM32F4xx_HAL_Driver/Src/stm32f4xx_hal_gpio.c ****   * All rights reserved.</center></h2>
  98:Drivers/STM32F4xx_HAL_Driver/Src/stm32f4xx_hal_gpio.c ****   *
  99:Drivers/STM32F4xx_HAL_Driver/Src/stm32f4xx_hal_gpio.c ****   * This software component is licensed by ST under BSD 3-Clause license,
 100:Drivers/STM32F4xx_HAL_Driver/Src/stm32f4xx_hal_gpio.c ****   * the "License"; You may not use this file except in compliance with the
 101:Drivers/STM32F4xx_HAL_Driver/Src/stm32f4xx_hal_gpio.c ****   * License. You may obtain a copy of the License at:
 102:Drivers/STM32F4xx_HAL_Driver/Src/stm32f4xx_hal_gpio.c ****   *                        opensource.org/licenses/BSD-3-Clause
 103:Drivers/STM32F4xx_HAL_Driver/Src/stm32f4xx_hal_gpio.c ****   *
 104:Drivers/STM32F4xx_HAL_Driver/Src/stm32f4xx_hal_gpio.c ****   ******************************************************************************
 105:Drivers/STM32F4xx_HAL_Driver/Src/stm32f4xx_hal_gpio.c ****   */ 
 106:Drivers/STM32F4xx_HAL_Driver/Src/stm32f4xx_hal_gpio.c **** 
 107:Drivers/STM32F4xx_HAL_Driver/Src/stm32f4xx_hal_gpio.c **** /* Includes ------------------------------------------------------------------*/
 108:Drivers/STM32F4xx_HAL_Driver/Src/stm32f4xx_hal_gpio.c **** #include "stm32f4xx_hal.h"
 109:Drivers/STM32F4xx_HAL_Driver/Src/stm32f4xx_hal_gpio.c **** 
 110:Drivers/STM32F4xx_HAL_Driver/Src/stm32f4xx_hal_gpio.c **** /** @addtogroup STM32F4xx_HAL_Driver
 111:Drivers/STM32F4xx_HAL_Driver/Src/stm32f4xx_hal_gpio.c ****   * @{
 112:Drivers/STM32F4xx_HAL_Driver/Src/stm32f4xx_hal_gpio.c ****   */
 113:Drivers/STM32F4xx_HAL_Driver/Src/stm32f4xx_hal_gpio.c **** 
 114:Drivers/STM32F4xx_HAL_Driver/Src/stm32f4xx_hal_gpio.c **** /** @defgroup GPIO GPIO
 115:Drivers/STM32F4xx_HAL_Driver/Src/stm32f4xx_hal_gpio.c ****   * @brief GPIO HAL module driver
 116:Drivers/STM32F4xx_HAL_Driver/Src/stm32f4xx_hal_gpio.c ****   * @{
 117:Drivers/STM32F4xx_HAL_Driver/Src/stm32f4xx_hal_gpio.c ****   */
 118:Drivers/STM32F4xx_HAL_Driver/Src/stm32f4xx_hal_gpio.c **** 
 119:Drivers/STM32F4xx_HAL_Driver/Src/stm32f4xx_hal_gpio.c **** #ifdef HAL_GPIO_MODULE_ENABLED
 120:Drivers/STM32F4xx_HAL_Driver/Src/stm32f4xx_hal_gpio.c **** 
 121:Drivers/STM32F4xx_HAL_Driver/Src/stm32f4xx_hal_gpio.c **** /* Private typedef -----------------------------------------------------------*/
 122:Drivers/STM32F4xx_HAL_Driver/Src/stm32f4xx_hal_gpio.c **** /* Private define ------------------------------------------------------------*/
 123:Drivers/STM32F4xx_HAL_Driver/Src/stm32f4xx_hal_gpio.c **** /** @addtogroup GPIO_Private_Constants GPIO Private Constants
 124:Drivers/STM32F4xx_HAL_Driver/Src/stm32f4xx_hal_gpio.c ****   * @{
 125:Drivers/STM32F4xx_HAL_Driver/Src/stm32f4xx_hal_gpio.c ****   */
 126:Drivers/STM32F4xx_HAL_Driver/Src/stm32f4xx_hal_gpio.c **** #define GPIO_MODE             0x00000003U
 127:Drivers/STM32F4xx_HAL_Driver/Src/stm32f4xx_hal_gpio.c **** #define EXTI_MODE             0x10000000U
 128:Drivers/STM32F4xx_HAL_Driver/Src/stm32f4xx_hal_gpio.c **** #define GPIO_MODE_IT          0x00010000U
 129:Drivers/STM32F4xx_HAL_Driver/Src/stm32f4xx_hal_gpio.c **** #define GPIO_MODE_EVT         0x00020000U
 130:Drivers/STM32F4xx_HAL_Driver/Src/stm32f4xx_hal_gpio.c **** #define RISING_EDGE           0x00100000U
 131:Drivers/STM32F4xx_HAL_Driver/Src/stm32f4xx_hal_gpio.c **** #define FALLING_EDGE          0x00200000U
 132:Drivers/STM32F4xx_HAL_Driver/Src/stm32f4xx_hal_gpio.c **** #define GPIO_OUTPUT_TYPE      0x00000010U
 133:Drivers/STM32F4xx_HAL_Driver/Src/stm32f4xx_hal_gpio.c **** 
 134:Drivers/STM32F4xx_HAL_Driver/Src/stm32f4xx_hal_gpio.c **** #define GPIO_NUMBER           16U
 135:Drivers/STM32F4xx_HAL_Driver/Src/stm32f4xx_hal_gpio.c **** /**
 136:Drivers/STM32F4xx_HAL_Driver/Src/stm32f4xx_hal_gpio.c ****   * @}
 137:Drivers/STM32F4xx_HAL_Driver/Src/stm32f4xx_hal_gpio.c ****   */
 138:Drivers/STM32F4xx_HAL_Driver/Src/stm32f4xx_hal_gpio.c **** /* Private macro -------------------------------------------------------------*/
 139:Drivers/STM32F4xx_HAL_Driver/Src/stm32f4xx_hal_gpio.c **** /* Private variables ---------------------------------------------------------*/
 140:Drivers/STM32F4xx_HAL_Driver/Src/stm32f4xx_hal_gpio.c **** /* Private function prototypes -----------------------------------------------*/
 141:Drivers/STM32F4xx_HAL_Driver/Src/stm32f4xx_hal_gpio.c **** /* Private functions ---------------------------------------------------------*/
 142:Drivers/STM32F4xx_HAL_Driver/Src/stm32f4xx_hal_gpio.c **** /* Exported functions --------------------------------------------------------*/
 143:Drivers/STM32F4xx_HAL_Driver/Src/stm32f4xx_hal_gpio.c **** /** @defgroup GPIO_Exported_Functions GPIO Exported Functions
 144:Drivers/STM32F4xx_HAL_Driver/Src/stm32f4xx_hal_gpio.c ****   * @{
 145:Drivers/STM32F4xx_HAL_Driver/Src/stm32f4xx_hal_gpio.c ****   */
ARM GAS  C:\Users\63143\AppData\Local\Temp\ccSnR133.s 			page 4


 146:Drivers/STM32F4xx_HAL_Driver/Src/stm32f4xx_hal_gpio.c **** 
 147:Drivers/STM32F4xx_HAL_Driver/Src/stm32f4xx_hal_gpio.c **** /** @defgroup GPIO_Exported_Functions_Group1 Initialization and de-initialization functions
 148:Drivers/STM32F4xx_HAL_Driver/Src/stm32f4xx_hal_gpio.c ****   *  @brief    Initialization and Configuration functions
 149:Drivers/STM32F4xx_HAL_Driver/Src/stm32f4xx_hal_gpio.c ****   *
 150:Drivers/STM32F4xx_HAL_Driver/Src/stm32f4xx_hal_gpio.c **** @verbatim    
 151:Drivers/STM32F4xx_HAL_Driver/Src/stm32f4xx_hal_gpio.c ****  ===============================================================================
 152:Drivers/STM32F4xx_HAL_Driver/Src/stm32f4xx_hal_gpio.c ****               ##### Initialization and de-initialization functions #####
 153:Drivers/STM32F4xx_HAL_Driver/Src/stm32f4xx_hal_gpio.c ****  ===============================================================================
 154:Drivers/STM32F4xx_HAL_Driver/Src/stm32f4xx_hal_gpio.c ****   [..]
 155:Drivers/STM32F4xx_HAL_Driver/Src/stm32f4xx_hal_gpio.c ****     This section provides functions allowing to initialize and de-initialize the GPIOs
 156:Drivers/STM32F4xx_HAL_Driver/Src/stm32f4xx_hal_gpio.c ****     to be ready for use.
 157:Drivers/STM32F4xx_HAL_Driver/Src/stm32f4xx_hal_gpio.c ****  
 158:Drivers/STM32F4xx_HAL_Driver/Src/stm32f4xx_hal_gpio.c **** @endverbatim
 159:Drivers/STM32F4xx_HAL_Driver/Src/stm32f4xx_hal_gpio.c ****   * @{
 160:Drivers/STM32F4xx_HAL_Driver/Src/stm32f4xx_hal_gpio.c ****   */
 161:Drivers/STM32F4xx_HAL_Driver/Src/stm32f4xx_hal_gpio.c **** 
 162:Drivers/STM32F4xx_HAL_Driver/Src/stm32f4xx_hal_gpio.c **** 
 163:Drivers/STM32F4xx_HAL_Driver/Src/stm32f4xx_hal_gpio.c **** /**
 164:Drivers/STM32F4xx_HAL_Driver/Src/stm32f4xx_hal_gpio.c ****   * @brief  Initializes the GPIOx peripheral according to the specified parameters in the GPIO_Init
 165:Drivers/STM32F4xx_HAL_Driver/Src/stm32f4xx_hal_gpio.c ****   * @param  GPIOx where x can be (A..K) to select the GPIO peripheral for STM32F429X device or
 166:Drivers/STM32F4xx_HAL_Driver/Src/stm32f4xx_hal_gpio.c ****   *                      x can be (A..I) to select the GPIO peripheral for STM32F40XX and STM32F427
 167:Drivers/STM32F4xx_HAL_Driver/Src/stm32f4xx_hal_gpio.c ****   * @param  GPIO_Init pointer to a GPIO_InitTypeDef structure that contains
 168:Drivers/STM32F4xx_HAL_Driver/Src/stm32f4xx_hal_gpio.c ****   *         the configuration information for the specified GPIO peripheral.
 169:Drivers/STM32F4xx_HAL_Driver/Src/stm32f4xx_hal_gpio.c ****   * @retval None
 170:Drivers/STM32F4xx_HAL_Driver/Src/stm32f4xx_hal_gpio.c ****   */
 171:Drivers/STM32F4xx_HAL_Driver/Src/stm32f4xx_hal_gpio.c **** void HAL_GPIO_Init(GPIO_TypeDef  *GPIOx, GPIO_InitTypeDef *GPIO_Init)
 172:Drivers/STM32F4xx_HAL_Driver/Src/stm32f4xx_hal_gpio.c **** {
  28              		.loc 1 172 0
  29              		.cfi_startproc
  30              		@ args = 0, pretend = 0, frame = 8
  31              		@ frame_needed = 0, uses_anonymous_args = 0
  32              		@ link register save eliminated.
  33              	.LVL0:
 173:Drivers/STM32F4xx_HAL_Driver/Src/stm32f4xx_hal_gpio.c ****   uint32_t position;
 174:Drivers/STM32F4xx_HAL_Driver/Src/stm32f4xx_hal_gpio.c ****   uint32_t ioposition = 0x00U;
 175:Drivers/STM32F4xx_HAL_Driver/Src/stm32f4xx_hal_gpio.c ****   uint32_t iocurrent = 0x00U;
 176:Drivers/STM32F4xx_HAL_Driver/Src/stm32f4xx_hal_gpio.c ****   uint32_t temp = 0x00U;
 177:Drivers/STM32F4xx_HAL_Driver/Src/stm32f4xx_hal_gpio.c **** 
 178:Drivers/STM32F4xx_HAL_Driver/Src/stm32f4xx_hal_gpio.c ****   /* Check the parameters */
 179:Drivers/STM32F4xx_HAL_Driver/Src/stm32f4xx_hal_gpio.c ****   assert_param(IS_GPIO_ALL_INSTANCE(GPIOx));
 180:Drivers/STM32F4xx_HAL_Driver/Src/stm32f4xx_hal_gpio.c ****   assert_param(IS_GPIO_PIN(GPIO_Init->Pin));
 181:Drivers/STM32F4xx_HAL_Driver/Src/stm32f4xx_hal_gpio.c ****   assert_param(IS_GPIO_MODE(GPIO_Init->Mode));
 182:Drivers/STM32F4xx_HAL_Driver/Src/stm32f4xx_hal_gpio.c ****   assert_param(IS_GPIO_PULL(GPIO_Init->Pull));
 183:Drivers/STM32F4xx_HAL_Driver/Src/stm32f4xx_hal_gpio.c **** 
 184:Drivers/STM32F4xx_HAL_Driver/Src/stm32f4xx_hal_gpio.c ****   /* Configure the port pins */
 185:Drivers/STM32F4xx_HAL_Driver/Src/stm32f4xx_hal_gpio.c ****   for(position = 0U; position < GPIO_NUMBER; position++)
  34              		.loc 1 185 0
  35 0000 0023     		movs	r3, #0
  36              	.LVL1:
  37 0002 0F2B     		cmp	r3, #15
  38 0004 00F2E380 		bhi	.L27
 172:Drivers/STM32F4xx_HAL_Driver/Src/stm32f4xx_hal_gpio.c ****   uint32_t position;
  39              		.loc 1 172 0
  40 0008 F0B4     		push	{r4, r5, r6, r7}
  41              	.LCFI0:
  42              		.cfi_def_cfa_offset 16
  43              		.cfi_offset 4, -16
ARM GAS  C:\Users\63143\AppData\Local\Temp\ccSnR133.s 			page 5


  44              		.cfi_offset 5, -12
  45              		.cfi_offset 6, -8
  46              		.cfi_offset 7, -4
  47 000a 82B0     		sub	sp, sp, #8
  48              	.LCFI1:
  49              		.cfi_def_cfa_offset 24
  50 000c 39E0     		b	.L13
  51              	.LVL2:
  52              	.L29:
 186:Drivers/STM32F4xx_HAL_Driver/Src/stm32f4xx_hal_gpio.c ****   {
 187:Drivers/STM32F4xx_HAL_Driver/Src/stm32f4xx_hal_gpio.c ****     /* Get the IO position */
 188:Drivers/STM32F4xx_HAL_Driver/Src/stm32f4xx_hal_gpio.c ****     ioposition = 0x01U << position;
 189:Drivers/STM32F4xx_HAL_Driver/Src/stm32f4xx_hal_gpio.c ****     /* Get the current IO position */
 190:Drivers/STM32F4xx_HAL_Driver/Src/stm32f4xx_hal_gpio.c ****     iocurrent = (uint32_t)(GPIO_Init->Pin) & ioposition;
 191:Drivers/STM32F4xx_HAL_Driver/Src/stm32f4xx_hal_gpio.c **** 
 192:Drivers/STM32F4xx_HAL_Driver/Src/stm32f4xx_hal_gpio.c ****     if(iocurrent == ioposition)
 193:Drivers/STM32F4xx_HAL_Driver/Src/stm32f4xx_hal_gpio.c ****     {
 194:Drivers/STM32F4xx_HAL_Driver/Src/stm32f4xx_hal_gpio.c ****       /*--------------------- GPIO Mode Configuration ------------------------*/
 195:Drivers/STM32F4xx_HAL_Driver/Src/stm32f4xx_hal_gpio.c ****       /* In case of Alternate function mode selection */
 196:Drivers/STM32F4xx_HAL_Driver/Src/stm32f4xx_hal_gpio.c ****       if((GPIO_Init->Mode == GPIO_MODE_AF_PP) || (GPIO_Init->Mode == GPIO_MODE_AF_OD))
 197:Drivers/STM32F4xx_HAL_Driver/Src/stm32f4xx_hal_gpio.c ****       {
 198:Drivers/STM32F4xx_HAL_Driver/Src/stm32f4xx_hal_gpio.c ****         /* Check the Alternate function parameter */
 199:Drivers/STM32F4xx_HAL_Driver/Src/stm32f4xx_hal_gpio.c ****         assert_param(IS_GPIO_AF(GPIO_Init->Alternate));
 200:Drivers/STM32F4xx_HAL_Driver/Src/stm32f4xx_hal_gpio.c ****         /* Configure Alternate function mapped with the current IO */
 201:Drivers/STM32F4xx_HAL_Driver/Src/stm32f4xx_hal_gpio.c ****         temp = GPIOx->AFR[position >> 3U];
 202:Drivers/STM32F4xx_HAL_Driver/Src/stm32f4xx_hal_gpio.c ****         temp &= ~(0xFU << ((uint32_t)(position & 0x07U) * 4U)) ;
 203:Drivers/STM32F4xx_HAL_Driver/Src/stm32f4xx_hal_gpio.c ****         temp |= ((uint32_t)(GPIO_Init->Alternate) << (((uint32_t)position & 0x07U) * 4U));
 204:Drivers/STM32F4xx_HAL_Driver/Src/stm32f4xx_hal_gpio.c ****         GPIOx->AFR[position >> 3U] = temp;
 205:Drivers/STM32F4xx_HAL_Driver/Src/stm32f4xx_hal_gpio.c ****       }
 206:Drivers/STM32F4xx_HAL_Driver/Src/stm32f4xx_hal_gpio.c **** 
 207:Drivers/STM32F4xx_HAL_Driver/Src/stm32f4xx_hal_gpio.c ****       /* Configure IO Direction mode (Input, Output, Alternate or Analog) */
 208:Drivers/STM32F4xx_HAL_Driver/Src/stm32f4xx_hal_gpio.c ****       temp = GPIOx->MODER;
 209:Drivers/STM32F4xx_HAL_Driver/Src/stm32f4xx_hal_gpio.c ****       temp &= ~(GPIO_MODER_MODER0 << (position * 2U));
 210:Drivers/STM32F4xx_HAL_Driver/Src/stm32f4xx_hal_gpio.c ****       temp |= ((GPIO_Init->Mode & GPIO_MODE) << (position * 2U));
 211:Drivers/STM32F4xx_HAL_Driver/Src/stm32f4xx_hal_gpio.c ****       GPIOx->MODER = temp;
 212:Drivers/STM32F4xx_HAL_Driver/Src/stm32f4xx_hal_gpio.c **** 
 213:Drivers/STM32F4xx_HAL_Driver/Src/stm32f4xx_hal_gpio.c ****       /* In case of Output or Alternate function mode selection */
 214:Drivers/STM32F4xx_HAL_Driver/Src/stm32f4xx_hal_gpio.c ****       if((GPIO_Init->Mode == GPIO_MODE_OUTPUT_PP) || (GPIO_Init->Mode == GPIO_MODE_AF_PP) ||
 215:Drivers/STM32F4xx_HAL_Driver/Src/stm32f4xx_hal_gpio.c ****          (GPIO_Init->Mode == GPIO_MODE_OUTPUT_OD) || (GPIO_Init->Mode == GPIO_MODE_AF_OD))
 216:Drivers/STM32F4xx_HAL_Driver/Src/stm32f4xx_hal_gpio.c ****       {
 217:Drivers/STM32F4xx_HAL_Driver/Src/stm32f4xx_hal_gpio.c ****         /* Check the Speed parameter */
 218:Drivers/STM32F4xx_HAL_Driver/Src/stm32f4xx_hal_gpio.c ****         assert_param(IS_GPIO_SPEED(GPIO_Init->Speed));
 219:Drivers/STM32F4xx_HAL_Driver/Src/stm32f4xx_hal_gpio.c ****         /* Configure the IO Speed */
 220:Drivers/STM32F4xx_HAL_Driver/Src/stm32f4xx_hal_gpio.c ****         temp = GPIOx->OSPEEDR; 
 221:Drivers/STM32F4xx_HAL_Driver/Src/stm32f4xx_hal_gpio.c ****         temp &= ~(GPIO_OSPEEDER_OSPEEDR0 << (position * 2U));
 222:Drivers/STM32F4xx_HAL_Driver/Src/stm32f4xx_hal_gpio.c ****         temp |= (GPIO_Init->Speed << (position * 2U));
 223:Drivers/STM32F4xx_HAL_Driver/Src/stm32f4xx_hal_gpio.c ****         GPIOx->OSPEEDR = temp;
 224:Drivers/STM32F4xx_HAL_Driver/Src/stm32f4xx_hal_gpio.c **** 
 225:Drivers/STM32F4xx_HAL_Driver/Src/stm32f4xx_hal_gpio.c ****         /* Configure the IO Output Type */
 226:Drivers/STM32F4xx_HAL_Driver/Src/stm32f4xx_hal_gpio.c ****         temp = GPIOx->OTYPER;
 227:Drivers/STM32F4xx_HAL_Driver/Src/stm32f4xx_hal_gpio.c ****         temp &= ~(GPIO_OTYPER_OT_0 << position) ;
 228:Drivers/STM32F4xx_HAL_Driver/Src/stm32f4xx_hal_gpio.c ****         temp |= (((GPIO_Init->Mode & GPIO_OUTPUT_TYPE) >> 4U) << position);
 229:Drivers/STM32F4xx_HAL_Driver/Src/stm32f4xx_hal_gpio.c ****         GPIOx->OTYPER = temp;
 230:Drivers/STM32F4xx_HAL_Driver/Src/stm32f4xx_hal_gpio.c ****       }
 231:Drivers/STM32F4xx_HAL_Driver/Src/stm32f4xx_hal_gpio.c **** 
 232:Drivers/STM32F4xx_HAL_Driver/Src/stm32f4xx_hal_gpio.c ****       /* Activate the Pull-up or Pull down resistor for the current IO */
 233:Drivers/STM32F4xx_HAL_Driver/Src/stm32f4xx_hal_gpio.c ****       temp = GPIOx->PUPDR;
ARM GAS  C:\Users\63143\AppData\Local\Temp\ccSnR133.s 			page 6


 234:Drivers/STM32F4xx_HAL_Driver/Src/stm32f4xx_hal_gpio.c ****       temp &= ~(GPIO_PUPDR_PUPDR0 << (position * 2U));
 235:Drivers/STM32F4xx_HAL_Driver/Src/stm32f4xx_hal_gpio.c ****       temp |= ((GPIO_Init->Pull) << (position * 2U));
 236:Drivers/STM32F4xx_HAL_Driver/Src/stm32f4xx_hal_gpio.c ****       GPIOx->PUPDR = temp;
 237:Drivers/STM32F4xx_HAL_Driver/Src/stm32f4xx_hal_gpio.c **** 
 238:Drivers/STM32F4xx_HAL_Driver/Src/stm32f4xx_hal_gpio.c ****       /*--------------------- EXTI Mode Configuration ------------------------*/
 239:Drivers/STM32F4xx_HAL_Driver/Src/stm32f4xx_hal_gpio.c ****       /* Configure the External Interrupt or event for the current IO */
 240:Drivers/STM32F4xx_HAL_Driver/Src/stm32f4xx_hal_gpio.c ****       if((GPIO_Init->Mode & EXTI_MODE) == EXTI_MODE)
 241:Drivers/STM32F4xx_HAL_Driver/Src/stm32f4xx_hal_gpio.c ****       {
 242:Drivers/STM32F4xx_HAL_Driver/Src/stm32f4xx_hal_gpio.c ****         /* Enable SYSCFG Clock */
 243:Drivers/STM32F4xx_HAL_Driver/Src/stm32f4xx_hal_gpio.c ****         __HAL_RCC_SYSCFG_CLK_ENABLE();
 244:Drivers/STM32F4xx_HAL_Driver/Src/stm32f4xx_hal_gpio.c **** 
 245:Drivers/STM32F4xx_HAL_Driver/Src/stm32f4xx_hal_gpio.c ****         temp = SYSCFG->EXTICR[position >> 2U];
 246:Drivers/STM32F4xx_HAL_Driver/Src/stm32f4xx_hal_gpio.c ****         temp &= ~(0x0FU << (4U * (position & 0x03U)));
 247:Drivers/STM32F4xx_HAL_Driver/Src/stm32f4xx_hal_gpio.c ****         temp |= ((uint32_t)(GPIO_GET_INDEX(GPIOx)) << (4U * (position & 0x03U)));
  53              		.loc 1 247 0
  54 000e 0922     		movs	r2, #9
  55 0010 00E0     		b	.L8
  56              	.L14:
  57 0012 0022     		movs	r2, #0
  58              	.L8:
  59              		.loc 1 247 0 is_stmt 0 discriminator 40
  60 0014 B240     		lsls	r2, r2, r6
  61 0016 3A43     		orrs	r2, r2, r7
  62              	.LVL3:
 248:Drivers/STM32F4xx_HAL_Driver/Src/stm32f4xx_hal_gpio.c ****         SYSCFG->EXTICR[position >> 2U] = temp;
  63              		.loc 1 248 0 is_stmt 1 discriminator 40
  64 0018 0234     		adds	r4, r4, #2
  65 001a 6D4E     		ldr	r6, .L30
  66 001c 46F82420 		str	r2, [r6, r4, lsl #2]
 249:Drivers/STM32F4xx_HAL_Driver/Src/stm32f4xx_hal_gpio.c **** 
 250:Drivers/STM32F4xx_HAL_Driver/Src/stm32f4xx_hal_gpio.c ****         /* Clear EXTI line configuration */
 251:Drivers/STM32F4xx_HAL_Driver/Src/stm32f4xx_hal_gpio.c ****         temp = EXTI->IMR;
  67              		.loc 1 251 0 discriminator 40
  68 0020 6C4A     		ldr	r2, .L30+4
  69              	.LVL4:
  70 0022 1468     		ldr	r4, [r2]
  71              	.LVL5:
 252:Drivers/STM32F4xx_HAL_Driver/Src/stm32f4xx_hal_gpio.c ****         temp &= ~((uint32_t)iocurrent);
  72              		.loc 1 252 0 discriminator 40
  73 0024 EA43     		mvns	r2, r5
  74 0026 02EA0406 		and	r6, r2, r4
  75              	.LVL6:
 253:Drivers/STM32F4xx_HAL_Driver/Src/stm32f4xx_hal_gpio.c ****         if((GPIO_Init->Mode & GPIO_MODE_IT) == GPIO_MODE_IT)
  76              		.loc 1 253 0 discriminator 40
  77 002a 4F68     		ldr	r7, [r1, #4]
  78 002c 17F4803F 		tst	r7, #65536
  79 0030 01D0     		beq	.L9
 254:Drivers/STM32F4xx_HAL_Driver/Src/stm32f4xx_hal_gpio.c ****         {
 255:Drivers/STM32F4xx_HAL_Driver/Src/stm32f4xx_hal_gpio.c ****           temp |= iocurrent;
  80              		.loc 1 255 0
  81 0032 45EA0406 		orr	r6, r5, r4
  82              	.LVL7:
  83              	.L9:
 256:Drivers/STM32F4xx_HAL_Driver/Src/stm32f4xx_hal_gpio.c ****         }
 257:Drivers/STM32F4xx_HAL_Driver/Src/stm32f4xx_hal_gpio.c ****         EXTI->IMR = temp;
  84              		.loc 1 257 0
  85 0036 674C     		ldr	r4, .L30+4
ARM GAS  C:\Users\63143\AppData\Local\Temp\ccSnR133.s 			page 7


  86 0038 2660     		str	r6, [r4]
 258:Drivers/STM32F4xx_HAL_Driver/Src/stm32f4xx_hal_gpio.c **** 
 259:Drivers/STM32F4xx_HAL_Driver/Src/stm32f4xx_hal_gpio.c ****         temp = EXTI->EMR;
  87              		.loc 1 259 0
  88 003a 6468     		ldr	r4, [r4, #4]
  89              	.LVL8:
 260:Drivers/STM32F4xx_HAL_Driver/Src/stm32f4xx_hal_gpio.c ****         temp &= ~((uint32_t)iocurrent);
  90              		.loc 1 260 0
  91 003c 02EA0406 		and	r6, r2, r4
  92              	.LVL9:
 261:Drivers/STM32F4xx_HAL_Driver/Src/stm32f4xx_hal_gpio.c ****         if((GPIO_Init->Mode & GPIO_MODE_EVT) == GPIO_MODE_EVT)
  93              		.loc 1 261 0
  94 0040 4F68     		ldr	r7, [r1, #4]
  95 0042 17F4003F 		tst	r7, #131072
  96 0046 01D0     		beq	.L10
 262:Drivers/STM32F4xx_HAL_Driver/Src/stm32f4xx_hal_gpio.c ****         {
 263:Drivers/STM32F4xx_HAL_Driver/Src/stm32f4xx_hal_gpio.c ****           temp |= iocurrent;
  97              		.loc 1 263 0
  98 0048 45EA0406 		orr	r6, r5, r4
  99              	.LVL10:
 100              	.L10:
 264:Drivers/STM32F4xx_HAL_Driver/Src/stm32f4xx_hal_gpio.c ****         }
 265:Drivers/STM32F4xx_HAL_Driver/Src/stm32f4xx_hal_gpio.c ****         EXTI->EMR = temp;
 101              		.loc 1 265 0
 102 004c 614C     		ldr	r4, .L30+4
 103 004e 6660     		str	r6, [r4, #4]
 266:Drivers/STM32F4xx_HAL_Driver/Src/stm32f4xx_hal_gpio.c **** 
 267:Drivers/STM32F4xx_HAL_Driver/Src/stm32f4xx_hal_gpio.c ****         /* Clear Rising Falling edge configuration */
 268:Drivers/STM32F4xx_HAL_Driver/Src/stm32f4xx_hal_gpio.c ****         temp = EXTI->RTSR;
 104              		.loc 1 268 0
 105 0050 A468     		ldr	r4, [r4, #8]
 106              	.LVL11:
 269:Drivers/STM32F4xx_HAL_Driver/Src/stm32f4xx_hal_gpio.c ****         temp &= ~((uint32_t)iocurrent);
 107              		.loc 1 269 0
 108 0052 02EA0406 		and	r6, r2, r4
 109              	.LVL12:
 270:Drivers/STM32F4xx_HAL_Driver/Src/stm32f4xx_hal_gpio.c ****         if((GPIO_Init->Mode & RISING_EDGE) == RISING_EDGE)
 110              		.loc 1 270 0
 111 0056 4F68     		ldr	r7, [r1, #4]
 112 0058 17F4801F 		tst	r7, #1048576
 113 005c 01D0     		beq	.L11
 271:Drivers/STM32F4xx_HAL_Driver/Src/stm32f4xx_hal_gpio.c ****         {
 272:Drivers/STM32F4xx_HAL_Driver/Src/stm32f4xx_hal_gpio.c ****           temp |= iocurrent;
 114              		.loc 1 272 0
 115 005e 45EA0406 		orr	r6, r5, r4
 116              	.LVL13:
 117              	.L11:
 273:Drivers/STM32F4xx_HAL_Driver/Src/stm32f4xx_hal_gpio.c ****         }
 274:Drivers/STM32F4xx_HAL_Driver/Src/stm32f4xx_hal_gpio.c ****         EXTI->RTSR = temp;
 118              		.loc 1 274 0
 119 0062 5C4C     		ldr	r4, .L30+4
 120 0064 A660     		str	r6, [r4, #8]
 275:Drivers/STM32F4xx_HAL_Driver/Src/stm32f4xx_hal_gpio.c **** 
 276:Drivers/STM32F4xx_HAL_Driver/Src/stm32f4xx_hal_gpio.c ****         temp = EXTI->FTSR;
 121              		.loc 1 276 0
 122 0066 E468     		ldr	r4, [r4, #12]
 123              	.LVL14:
ARM GAS  C:\Users\63143\AppData\Local\Temp\ccSnR133.s 			page 8


 277:Drivers/STM32F4xx_HAL_Driver/Src/stm32f4xx_hal_gpio.c ****         temp &= ~((uint32_t)iocurrent);
 124              		.loc 1 277 0
 125 0068 2240     		ands	r2, r2, r4
 126              	.LVL15:
 278:Drivers/STM32F4xx_HAL_Driver/Src/stm32f4xx_hal_gpio.c ****         if((GPIO_Init->Mode & FALLING_EDGE) == FALLING_EDGE)
 127              		.loc 1 278 0
 128 006a 4E68     		ldr	r6, [r1, #4]
 129 006c 16F4001F 		tst	r6, #2097152
 130 0070 01D0     		beq	.L12
 279:Drivers/STM32F4xx_HAL_Driver/Src/stm32f4xx_hal_gpio.c ****         {
 280:Drivers/STM32F4xx_HAL_Driver/Src/stm32f4xx_hal_gpio.c ****           temp |= iocurrent;
 131              		.loc 1 280 0
 132 0072 45EA0402 		orr	r2, r5, r4
 133              	.LVL16:
 134              	.L12:
 281:Drivers/STM32F4xx_HAL_Driver/Src/stm32f4xx_hal_gpio.c ****         }
 282:Drivers/STM32F4xx_HAL_Driver/Src/stm32f4xx_hal_gpio.c ****         EXTI->FTSR = temp;
 135              		.loc 1 282 0
 136 0076 574C     		ldr	r4, .L30+4
 137 0078 E260     		str	r2, [r4, #12]
 138              	.LVL17:
 139              	.L3:
 185:Drivers/STM32F4xx_HAL_Driver/Src/stm32f4xx_hal_gpio.c ****   {
 140              		.loc 1 185 0 discriminator 2
 141 007a 0133     		adds	r3, r3, #1
 142              	.LVL18:
 143 007c 0F2B     		cmp	r3, #15
 144 007e 00F2A380 		bhi	.L28
 145              	.LVL19:
 146              	.L13:
 188:Drivers/STM32F4xx_HAL_Driver/Src/stm32f4xx_hal_gpio.c ****     /* Get the current IO position */
 147              		.loc 1 188 0
 148 0082 0122     		movs	r2, #1
 149 0084 9A40     		lsls	r2, r2, r3
 150              	.LVL20:
 190:Drivers/STM32F4xx_HAL_Driver/Src/stm32f4xx_hal_gpio.c **** 
 151              		.loc 1 190 0
 152 0086 0C68     		ldr	r4, [r1]
 153 0088 04EA0205 		and	r5, r4, r2
 154              	.LVL21:
 192:Drivers/STM32F4xx_HAL_Driver/Src/stm32f4xx_hal_gpio.c ****     {
 155              		.loc 1 192 0
 156 008c AA42     		cmp	r2, r5
 157 008e F4D1     		bne	.L3
 196:Drivers/STM32F4xx_HAL_Driver/Src/stm32f4xx_hal_gpio.c ****       {
 158              		.loc 1 196 0
 159 0090 4C68     		ldr	r4, [r1, #4]
 160 0092 022C     		cmp	r4, #2
 161 0094 01D0     		beq	.L4
 196:Drivers/STM32F4xx_HAL_Driver/Src/stm32f4xx_hal_gpio.c ****       {
 162              		.loc 1 196 0 is_stmt 0 discriminator 1
 163 0096 122C     		cmp	r4, #18
 164 0098 10D1     		bne	.L5
 165              	.L4:
 201:Drivers/STM32F4xx_HAL_Driver/Src/stm32f4xx_hal_gpio.c ****         temp &= ~(0xFU << ((uint32_t)(position & 0x07U) * 4U)) ;
 166              		.loc 1 201 0 is_stmt 1
 167 009a DE08     		lsrs	r6, r3, #3
ARM GAS  C:\Users\63143\AppData\Local\Temp\ccSnR133.s 			page 9


 168 009c 0836     		adds	r6, r6, #8
 169 009e 50F826C0 		ldr	ip, [r0, r6, lsl #2]
 170              	.LVL22:
 202:Drivers/STM32F4xx_HAL_Driver/Src/stm32f4xx_hal_gpio.c ****         temp |= ((uint32_t)(GPIO_Init->Alternate) << (((uint32_t)position & 0x07U) * 4U));
 171              		.loc 1 202 0
 172 00a2 03F00704 		and	r4, r3, #7
 173 00a6 A700     		lsls	r7, r4, #2
 174 00a8 0F24     		movs	r4, #15
 175 00aa BC40     		lsls	r4, r4, r7
 176 00ac 2CEA040C 		bic	ip, ip, r4
 177              	.LVL23:
 203:Drivers/STM32F4xx_HAL_Driver/Src/stm32f4xx_hal_gpio.c ****         GPIOx->AFR[position >> 3U] = temp;
 178              		.loc 1 203 0
 179 00b0 0C69     		ldr	r4, [r1, #16]
 180 00b2 BC40     		lsls	r4, r4, r7
 181 00b4 44EA0C04 		orr	r4, r4, ip
 182              	.LVL24:
 204:Drivers/STM32F4xx_HAL_Driver/Src/stm32f4xx_hal_gpio.c ****       }
 183              		.loc 1 204 0
 184 00b8 40F82640 		str	r4, [r0, r6, lsl #2]
 185              	.LVL25:
 186              	.L5:
 208:Drivers/STM32F4xx_HAL_Driver/Src/stm32f4xx_hal_gpio.c ****       temp &= ~(GPIO_MODER_MODER0 << (position * 2U));
 187              		.loc 1 208 0
 188 00bc 0468     		ldr	r4, [r0]
 189              	.LVL26:
 209:Drivers/STM32F4xx_HAL_Driver/Src/stm32f4xx_hal_gpio.c ****       temp |= ((GPIO_Init->Mode & GPIO_MODE) << (position * 2U));
 190              		.loc 1 209 0
 191 00be 5F00     		lsls	r7, r3, #1
 192 00c0 0326     		movs	r6, #3
 193 00c2 BE40     		lsls	r6, r6, r7
 194 00c4 F643     		mvns	r6, r6
 195 00c6 06EA040C 		and	ip, r6, r4
 196              	.LVL27:
 210:Drivers/STM32F4xx_HAL_Driver/Src/stm32f4xx_hal_gpio.c ****       GPIOx->MODER = temp;
 197              		.loc 1 210 0
 198 00ca 4C68     		ldr	r4, [r1, #4]
 199 00cc 04F00304 		and	r4, r4, #3
 200 00d0 BC40     		lsls	r4, r4, r7
 201 00d2 44EA0C04 		orr	r4, r4, ip
 202              	.LVL28:
 211:Drivers/STM32F4xx_HAL_Driver/Src/stm32f4xx_hal_gpio.c **** 
 203              		.loc 1 211 0
 204 00d6 0460     		str	r4, [r0]
 214:Drivers/STM32F4xx_HAL_Driver/Src/stm32f4xx_hal_gpio.c ****          (GPIO_Init->Mode == GPIO_MODE_OUTPUT_OD) || (GPIO_Init->Mode == GPIO_MODE_AF_OD))
 205              		.loc 1 214 0
 206 00d8 4C68     		ldr	r4, [r1, #4]
 207              	.LVL29:
 208 00da 04F1FF3C 		add	ip, r4, #-1
 209 00de BCF1010F 		cmp	ip, #1
 210 00e2 03D9     		bls	.L6
 214:Drivers/STM32F4xx_HAL_Driver/Src/stm32f4xx_hal_gpio.c ****          (GPIO_Init->Mode == GPIO_MODE_OUTPUT_OD) || (GPIO_Init->Mode == GPIO_MODE_AF_OD))
 211              		.loc 1 214 0 is_stmt 0 discriminator 1
 212 00e4 112C     		cmp	r4, #17
 213 00e6 01D0     		beq	.L6
 215:Drivers/STM32F4xx_HAL_Driver/Src/stm32f4xx_hal_gpio.c ****       {
 214              		.loc 1 215 0 is_stmt 1
ARM GAS  C:\Users\63143\AppData\Local\Temp\ccSnR133.s 			page 10


 215 00e8 122C     		cmp	r4, #18
 216 00ea 10D1     		bne	.L7
 217              	.L6:
 220:Drivers/STM32F4xx_HAL_Driver/Src/stm32f4xx_hal_gpio.c ****         temp &= ~(GPIO_OSPEEDER_OSPEEDR0 << (position * 2U));
 218              		.loc 1 220 0
 219 00ec 8468     		ldr	r4, [r0, #8]
 220              	.LVL30:
 221:Drivers/STM32F4xx_HAL_Driver/Src/stm32f4xx_hal_gpio.c ****         temp |= (GPIO_Init->Speed << (position * 2U));
 221              		.loc 1 221 0
 222 00ee 06EA040C 		and	ip, r6, r4
 223              	.LVL31:
 222:Drivers/STM32F4xx_HAL_Driver/Src/stm32f4xx_hal_gpio.c ****         GPIOx->OSPEEDR = temp;
 224              		.loc 1 222 0
 225 00f2 CC68     		ldr	r4, [r1, #12]
 226 00f4 BC40     		lsls	r4, r4, r7
 227 00f6 44EA0C04 		orr	r4, r4, ip
 228              	.LVL32:
 223:Drivers/STM32F4xx_HAL_Driver/Src/stm32f4xx_hal_gpio.c **** 
 229              		.loc 1 223 0
 230 00fa 8460     		str	r4, [r0, #8]
 226:Drivers/STM32F4xx_HAL_Driver/Src/stm32f4xx_hal_gpio.c ****         temp &= ~(GPIO_OTYPER_OT_0 << position) ;
 231              		.loc 1 226 0
 232 00fc 4468     		ldr	r4, [r0, #4]
 233              	.LVL33:
 227:Drivers/STM32F4xx_HAL_Driver/Src/stm32f4xx_hal_gpio.c ****         temp |= (((GPIO_Init->Mode & GPIO_OUTPUT_TYPE) >> 4U) << position);
 234              		.loc 1 227 0
 235 00fe 24EA0202 		bic	r2, r4, r2
 236              	.LVL34:
 228:Drivers/STM32F4xx_HAL_Driver/Src/stm32f4xx_hal_gpio.c ****         GPIOx->OTYPER = temp;
 237              		.loc 1 228 0
 238 0102 4C68     		ldr	r4, [r1, #4]
 239 0104 C4F30014 		ubfx	r4, r4, #4, #1
 240 0108 9C40     		lsls	r4, r4, r3
 241 010a 1443     		orrs	r4, r4, r2
 242              	.LVL35:
 229:Drivers/STM32F4xx_HAL_Driver/Src/stm32f4xx_hal_gpio.c ****       }
 243              		.loc 1 229 0
 244 010c 4460     		str	r4, [r0, #4]
 245              	.LVL36:
 246              	.L7:
 233:Drivers/STM32F4xx_HAL_Driver/Src/stm32f4xx_hal_gpio.c ****       temp &= ~(GPIO_PUPDR_PUPDR0 << (position * 2U));
 247              		.loc 1 233 0
 248 010e C268     		ldr	r2, [r0, #12]
 249              	.LVL37:
 234:Drivers/STM32F4xx_HAL_Driver/Src/stm32f4xx_hal_gpio.c ****       temp |= ((GPIO_Init->Pull) << (position * 2U));
 250              		.loc 1 234 0
 251 0110 1640     		ands	r6, r6, r2
 252              	.LVL38:
 235:Drivers/STM32F4xx_HAL_Driver/Src/stm32f4xx_hal_gpio.c ****       GPIOx->PUPDR = temp;
 253              		.loc 1 235 0
 254 0112 8A68     		ldr	r2, [r1, #8]
 255 0114 BA40     		lsls	r2, r2, r7
 256 0116 3243     		orrs	r2, r2, r6
 257              	.LVL39:
 236:Drivers/STM32F4xx_HAL_Driver/Src/stm32f4xx_hal_gpio.c **** 
 258              		.loc 1 236 0
 259 0118 C260     		str	r2, [r0, #12]
ARM GAS  C:\Users\63143\AppData\Local\Temp\ccSnR133.s 			page 11


 240:Drivers/STM32F4xx_HAL_Driver/Src/stm32f4xx_hal_gpio.c ****       {
 260              		.loc 1 240 0
 261 011a 4A68     		ldr	r2, [r1, #4]
 262              	.LVL40:
 263 011c 12F0805F 		tst	r2, #268435456
 264 0120 ABD0     		beq	.L3
 265              	.LBB2:
 243:Drivers/STM32F4xx_HAL_Driver/Src/stm32f4xx_hal_gpio.c **** 
 266              		.loc 1 243 0
 267 0122 0022     		movs	r2, #0
 268 0124 0192     		str	r2, [sp, #4]
 269              	.LVL41:
 270 0126 2C4A     		ldr	r2, .L30+8
 271 0128 546C     		ldr	r4, [r2, #68]
 272 012a 44F48044 		orr	r4, r4, #16384
 273 012e 5464     		str	r4, [r2, #68]
 274 0130 526C     		ldr	r2, [r2, #68]
 275 0132 02F48042 		and	r2, r2, #16384
 276 0136 0192     		str	r2, [sp, #4]
 277 0138 019A     		ldr	r2, [sp, #4]
 278              	.LBE2:
 245:Drivers/STM32F4xx_HAL_Driver/Src/stm32f4xx_hal_gpio.c ****         temp &= ~(0x0FU << (4U * (position & 0x03U)));
 279              		.loc 1 245 0
 280 013a 9C08     		lsrs	r4, r3, #2
 281 013c A61C     		adds	r6, r4, #2
 282 013e 244A     		ldr	r2, .L30
 283 0140 52F82670 		ldr	r7, [r2, r6, lsl #2]
 284              	.LVL42:
 246:Drivers/STM32F4xx_HAL_Driver/Src/stm32f4xx_hal_gpio.c ****         temp |= ((uint32_t)(GPIO_GET_INDEX(GPIOx)) << (4U * (position & 0x03U)));
 285              		.loc 1 246 0
 286 0144 03F00302 		and	r2, r3, #3
 287 0148 9600     		lsls	r6, r2, #2
 288 014a 0F22     		movs	r2, #15
 289 014c B240     		lsls	r2, r2, r6
 290 014e 27EA0207 		bic	r7, r7, r2
 291              	.LVL43:
 247:Drivers/STM32F4xx_HAL_Driver/Src/stm32f4xx_hal_gpio.c ****         SYSCFG->EXTICR[position >> 2U] = temp;
 292              		.loc 1 247 0
 293 0152 224A     		ldr	r2, .L30+12
 294 0154 9042     		cmp	r0, r2
 295 0156 3FF45CAF 		beq	.L14
 247:Drivers/STM32F4xx_HAL_Driver/Src/stm32f4xx_hal_gpio.c ****         SYSCFG->EXTICR[position >> 2U] = temp;
 296              		.loc 1 247 0 is_stmt 0 discriminator 1
 297 015a 02F58062 		add	r2, r2, #1024
 298 015e 9042     		cmp	r0, r2
 299 0160 22D0     		beq	.L15
 247:Drivers/STM32F4xx_HAL_Driver/Src/stm32f4xx_hal_gpio.c ****         SYSCFG->EXTICR[position >> 2U] = temp;
 300              		.loc 1 247 0 discriminator 3
 301 0162 02F58062 		add	r2, r2, #1024
 302 0166 9042     		cmp	r0, r2
 303 0168 20D0     		beq	.L16
 247:Drivers/STM32F4xx_HAL_Driver/Src/stm32f4xx_hal_gpio.c ****         SYSCFG->EXTICR[position >> 2U] = temp;
 304              		.loc 1 247 0 discriminator 5
 305 016a 02F58062 		add	r2, r2, #1024
 306 016e 9042     		cmp	r0, r2
 307 0170 1ED0     		beq	.L17
 247:Drivers/STM32F4xx_HAL_Driver/Src/stm32f4xx_hal_gpio.c ****         SYSCFG->EXTICR[position >> 2U] = temp;
ARM GAS  C:\Users\63143\AppData\Local\Temp\ccSnR133.s 			page 12


 308              		.loc 1 247 0 discriminator 7
 309 0172 02F58062 		add	r2, r2, #1024
 310 0176 9042     		cmp	r0, r2
 311 0178 1CD0     		beq	.L18
 247:Drivers/STM32F4xx_HAL_Driver/Src/stm32f4xx_hal_gpio.c ****         SYSCFG->EXTICR[position >> 2U] = temp;
 312              		.loc 1 247 0 discriminator 9
 313 017a 02F58062 		add	r2, r2, #1024
 314 017e 9042     		cmp	r0, r2
 315 0180 1AD0     		beq	.L19
 247:Drivers/STM32F4xx_HAL_Driver/Src/stm32f4xx_hal_gpio.c ****         SYSCFG->EXTICR[position >> 2U] = temp;
 316              		.loc 1 247 0 discriminator 11
 317 0182 02F58062 		add	r2, r2, #1024
 318 0186 9042     		cmp	r0, r2
 319 0188 18D0     		beq	.L20
 247:Drivers/STM32F4xx_HAL_Driver/Src/stm32f4xx_hal_gpio.c ****         SYSCFG->EXTICR[position >> 2U] = temp;
 320              		.loc 1 247 0 discriminator 13
 321 018a 02F58062 		add	r2, r2, #1024
 322 018e 9042     		cmp	r0, r2
 323 0190 16D0     		beq	.L21
 247:Drivers/STM32F4xx_HAL_Driver/Src/stm32f4xx_hal_gpio.c ****         SYSCFG->EXTICR[position >> 2U] = temp;
 324              		.loc 1 247 0 discriminator 15
 325 0192 02F58062 		add	r2, r2, #1024
 326 0196 9042     		cmp	r0, r2
 327 0198 14D0     		beq	.L22
 247:Drivers/STM32F4xx_HAL_Driver/Src/stm32f4xx_hal_gpio.c ****         SYSCFG->EXTICR[position >> 2U] = temp;
 328              		.loc 1 247 0 discriminator 17
 329 019a 02F58062 		add	r2, r2, #1024
 330 019e 9042     		cmp	r0, r2
 331 01a0 3FF435AF 		beq	.L29
 247:Drivers/STM32F4xx_HAL_Driver/Src/stm32f4xx_hal_gpio.c ****         SYSCFG->EXTICR[position >> 2U] = temp;
 332              		.loc 1 247 0
 333 01a4 0A22     		movs	r2, #10
 334 01a6 35E7     		b	.L8
 335              	.L15:
 336 01a8 0122     		movs	r2, #1
 337              	.LVL44:
 338 01aa 33E7     		b	.L8
 339              	.LVL45:
 340              	.L16:
 341 01ac 0222     		movs	r2, #2
 342 01ae 31E7     		b	.L8
 343              	.L17:
 344 01b0 0322     		movs	r2, #3
 345 01b2 2FE7     		b	.L8
 346              	.L18:
 347 01b4 0422     		movs	r2, #4
 348 01b6 2DE7     		b	.L8
 349              	.L19:
 350 01b8 0522     		movs	r2, #5
 351 01ba 2BE7     		b	.L8
 352              	.L20:
 353 01bc 0622     		movs	r2, #6
 354 01be 29E7     		b	.L8
 355              	.L21:
 356 01c0 0722     		movs	r2, #7
 357 01c2 27E7     		b	.L8
 358              	.L22:
ARM GAS  C:\Users\63143\AppData\Local\Temp\ccSnR133.s 			page 13


 359 01c4 0822     		movs	r2, #8
 360 01c6 25E7     		b	.L8
 361              	.LVL46:
 362              	.L28:
 283:Drivers/STM32F4xx_HAL_Driver/Src/stm32f4xx_hal_gpio.c ****       }
 284:Drivers/STM32F4xx_HAL_Driver/Src/stm32f4xx_hal_gpio.c ****     }
 285:Drivers/STM32F4xx_HAL_Driver/Src/stm32f4xx_hal_gpio.c ****   }
 286:Drivers/STM32F4xx_HAL_Driver/Src/stm32f4xx_hal_gpio.c **** }
 363              		.loc 1 286 0 is_stmt 1
 364 01c8 02B0     		add	sp, sp, #8
 365              	.LCFI2:
 366              		.cfi_def_cfa_offset 16
 367              		@ sp needed
 368 01ca F0BC     		pop	{r4, r5, r6, r7}
 369              	.LCFI3:
 370              		.cfi_restore 7
 371              		.cfi_restore 6
 372              		.cfi_restore 5
 373              		.cfi_restore 4
 374              		.cfi_def_cfa_offset 0
 375              	.LVL47:
 376 01cc 7047     		bx	lr
 377              	.LVL48:
 378              	.L27:
 379 01ce 7047     		bx	lr
 380              	.L31:
 381              		.align	2
 382              	.L30:
 383 01d0 00380140 		.word	1073821696
 384 01d4 003C0140 		.word	1073822720
 385 01d8 00380240 		.word	1073887232
 386 01dc 00000240 		.word	1073872896
 387              		.cfi_endproc
 388              	.LFE123:
 390              		.section	.text.HAL_GPIO_DeInit,"ax",%progbits
 391              		.align	1
 392              		.global	HAL_GPIO_DeInit
 393              		.syntax unified
 394              		.thumb
 395              		.thumb_func
 396              		.fpu fpv4-sp-d16
 398              	HAL_GPIO_DeInit:
 399              	.LFB124:
 287:Drivers/STM32F4xx_HAL_Driver/Src/stm32f4xx_hal_gpio.c **** 
 288:Drivers/STM32F4xx_HAL_Driver/Src/stm32f4xx_hal_gpio.c **** /**
 289:Drivers/STM32F4xx_HAL_Driver/Src/stm32f4xx_hal_gpio.c ****   * @brief  De-initializes the GPIOx peripheral registers to their default reset values.
 290:Drivers/STM32F4xx_HAL_Driver/Src/stm32f4xx_hal_gpio.c ****   * @param  GPIOx where x can be (A..K) to select the GPIO peripheral for STM32F429X device or
 291:Drivers/STM32F4xx_HAL_Driver/Src/stm32f4xx_hal_gpio.c ****   *                      x can be (A..I) to select the GPIO peripheral for STM32F40XX and STM32F427
 292:Drivers/STM32F4xx_HAL_Driver/Src/stm32f4xx_hal_gpio.c ****   * @param  GPIO_Pin specifies the port bit to be written.
 293:Drivers/STM32F4xx_HAL_Driver/Src/stm32f4xx_hal_gpio.c ****   *          This parameter can be one of GPIO_PIN_x where x can be (0..15).
 294:Drivers/STM32F4xx_HAL_Driver/Src/stm32f4xx_hal_gpio.c ****   * @retval None
 295:Drivers/STM32F4xx_HAL_Driver/Src/stm32f4xx_hal_gpio.c ****   */
 296:Drivers/STM32F4xx_HAL_Driver/Src/stm32f4xx_hal_gpio.c **** void HAL_GPIO_DeInit(GPIO_TypeDef  *GPIOx, uint32_t GPIO_Pin)
 297:Drivers/STM32F4xx_HAL_Driver/Src/stm32f4xx_hal_gpio.c **** {
 400              		.loc 1 297 0
 401              		.cfi_startproc
 402              		@ args = 0, pretend = 0, frame = 0
ARM GAS  C:\Users\63143\AppData\Local\Temp\ccSnR133.s 			page 14


 403              		@ frame_needed = 0, uses_anonymous_args = 0
 404              	.LVL49:
 298:Drivers/STM32F4xx_HAL_Driver/Src/stm32f4xx_hal_gpio.c ****   uint32_t position;
 299:Drivers/STM32F4xx_HAL_Driver/Src/stm32f4xx_hal_gpio.c ****   uint32_t ioposition = 0x00U;
 300:Drivers/STM32F4xx_HAL_Driver/Src/stm32f4xx_hal_gpio.c ****   uint32_t iocurrent = 0x00U;
 301:Drivers/STM32F4xx_HAL_Driver/Src/stm32f4xx_hal_gpio.c ****   uint32_t tmp = 0x00U;
 302:Drivers/STM32F4xx_HAL_Driver/Src/stm32f4xx_hal_gpio.c **** 
 303:Drivers/STM32F4xx_HAL_Driver/Src/stm32f4xx_hal_gpio.c ****   /* Check the parameters */
 304:Drivers/STM32F4xx_HAL_Driver/Src/stm32f4xx_hal_gpio.c ****   assert_param(IS_GPIO_ALL_INSTANCE(GPIOx));
 305:Drivers/STM32F4xx_HAL_Driver/Src/stm32f4xx_hal_gpio.c ****   
 306:Drivers/STM32F4xx_HAL_Driver/Src/stm32f4xx_hal_gpio.c ****   /* Configure the port pins */
 307:Drivers/STM32F4xx_HAL_Driver/Src/stm32f4xx_hal_gpio.c ****   for(position = 0U; position < GPIO_NUMBER; position++)
 405              		.loc 1 307 0
 406 0000 0023     		movs	r3, #0
 407              	.LVL50:
 408 0002 0F2B     		cmp	r3, #15
 409 0004 00F29380 		bhi	.L51
 297:Drivers/STM32F4xx_HAL_Driver/Src/stm32f4xx_hal_gpio.c ****   uint32_t position;
 410              		.loc 1 297 0
 411 0008 F0B5     		push	{r4, r5, r6, r7, lr}
 412              	.LCFI4:
 413              		.cfi_def_cfa_offset 20
 414              		.cfi_offset 4, -20
 415              		.cfi_offset 5, -16
 416              		.cfi_offset 6, -12
 417              		.cfi_offset 7, -8
 418              		.cfi_offset 14, -4
 419 000a 29E0     		b	.L37
 420              	.LVL51:
 421              	.L54:
 308:Drivers/STM32F4xx_HAL_Driver/Src/stm32f4xx_hal_gpio.c ****   {
 309:Drivers/STM32F4xx_HAL_Driver/Src/stm32f4xx_hal_gpio.c ****     /* Get the IO position */
 310:Drivers/STM32F4xx_HAL_Driver/Src/stm32f4xx_hal_gpio.c ****     ioposition = 0x01U << position;
 311:Drivers/STM32F4xx_HAL_Driver/Src/stm32f4xx_hal_gpio.c ****     /* Get the current IO position */
 312:Drivers/STM32F4xx_HAL_Driver/Src/stm32f4xx_hal_gpio.c ****     iocurrent = (GPIO_Pin) & ioposition;
 313:Drivers/STM32F4xx_HAL_Driver/Src/stm32f4xx_hal_gpio.c **** 
 314:Drivers/STM32F4xx_HAL_Driver/Src/stm32f4xx_hal_gpio.c ****     if(iocurrent == ioposition)
 315:Drivers/STM32F4xx_HAL_Driver/Src/stm32f4xx_hal_gpio.c ****     {
 316:Drivers/STM32F4xx_HAL_Driver/Src/stm32f4xx_hal_gpio.c ****       /*------------------------- EXTI Mode Configuration --------------------*/
 317:Drivers/STM32F4xx_HAL_Driver/Src/stm32f4xx_hal_gpio.c ****       tmp = SYSCFG->EXTICR[position >> 2U];
 318:Drivers/STM32F4xx_HAL_Driver/Src/stm32f4xx_hal_gpio.c ****       tmp &= (0x0FU << (4U * (position & 0x03U)));
 319:Drivers/STM32F4xx_HAL_Driver/Src/stm32f4xx_hal_gpio.c ****       if(tmp == ((uint32_t)(GPIO_GET_INDEX(GPIOx)) << (4U * (position & 0x03U))))
 422              		.loc 1 319 0
 423 000c 0927     		movs	r7, #9
 424 000e 00E0     		b	.L35
 425              	.L38:
 426 0010 0027     		movs	r7, #0
 427              	.L35:
 428              		.loc 1 319 0 is_stmt 0 discriminator 40
 429 0012 07FA05F5 		lsl	r5, r7, r5
 430 0016 B542     		cmp	r5, r6
 431 0018 70D0     		beq	.L52
 432              	.LVL52:
 433              	.L36:
 320:Drivers/STM32F4xx_HAL_Driver/Src/stm32f4xx_hal_gpio.c ****       {
 321:Drivers/STM32F4xx_HAL_Driver/Src/stm32f4xx_hal_gpio.c ****         /* Configure the External Interrupt or event for the current IO */
 322:Drivers/STM32F4xx_HAL_Driver/Src/stm32f4xx_hal_gpio.c ****         tmp = 0x0FU << (4U * (position & 0x03U));
ARM GAS  C:\Users\63143\AppData\Local\Temp\ccSnR133.s 			page 15


 323:Drivers/STM32F4xx_HAL_Driver/Src/stm32f4xx_hal_gpio.c ****         SYSCFG->EXTICR[position >> 2U] &= ~tmp;
 324:Drivers/STM32F4xx_HAL_Driver/Src/stm32f4xx_hal_gpio.c **** 
 325:Drivers/STM32F4xx_HAL_Driver/Src/stm32f4xx_hal_gpio.c ****         /* Clear EXTI line configuration */
 326:Drivers/STM32F4xx_HAL_Driver/Src/stm32f4xx_hal_gpio.c ****         EXTI->IMR &= ~((uint32_t)iocurrent);
 327:Drivers/STM32F4xx_HAL_Driver/Src/stm32f4xx_hal_gpio.c ****         EXTI->EMR &= ~((uint32_t)iocurrent);
 328:Drivers/STM32F4xx_HAL_Driver/Src/stm32f4xx_hal_gpio.c ****         
 329:Drivers/STM32F4xx_HAL_Driver/Src/stm32f4xx_hal_gpio.c ****         /* Clear Rising Falling edge configuration */
 330:Drivers/STM32F4xx_HAL_Driver/Src/stm32f4xx_hal_gpio.c ****         EXTI->RTSR &= ~((uint32_t)iocurrent);
 331:Drivers/STM32F4xx_HAL_Driver/Src/stm32f4xx_hal_gpio.c ****         EXTI->FTSR &= ~((uint32_t)iocurrent);
 332:Drivers/STM32F4xx_HAL_Driver/Src/stm32f4xx_hal_gpio.c ****       }
 333:Drivers/STM32F4xx_HAL_Driver/Src/stm32f4xx_hal_gpio.c **** 
 334:Drivers/STM32F4xx_HAL_Driver/Src/stm32f4xx_hal_gpio.c ****       /*------------------------- GPIO Mode Configuration --------------------*/
 335:Drivers/STM32F4xx_HAL_Driver/Src/stm32f4xx_hal_gpio.c ****       /* Configure IO Direction in Input Floating Mode */
 336:Drivers/STM32F4xx_HAL_Driver/Src/stm32f4xx_hal_gpio.c ****       GPIOx->MODER &= ~(GPIO_MODER_MODER0 << (position * 2U));
 434              		.loc 1 336 0 is_stmt 1
 435 001a 0568     		ldr	r5, [r0]
 436 001c 5E00     		lsls	r6, r3, #1
 437 001e 0324     		movs	r4, #3
 438 0020 B440     		lsls	r4, r4, r6
 439 0022 E443     		mvns	r4, r4
 440 0024 2540     		ands	r5, r5, r4
 441 0026 0560     		str	r5, [r0]
 337:Drivers/STM32F4xx_HAL_Driver/Src/stm32f4xx_hal_gpio.c **** 
 338:Drivers/STM32F4xx_HAL_Driver/Src/stm32f4xx_hal_gpio.c ****       /* Configure the default Alternate Function in current IO */
 339:Drivers/STM32F4xx_HAL_Driver/Src/stm32f4xx_hal_gpio.c ****       GPIOx->AFR[position >> 3U] &= ~(0xFU << ((uint32_t)(position & 0x07U) * 4U)) ;
 442              		.loc 1 339 0
 443 0028 DD08     		lsrs	r5, r3, #3
 444 002a 0835     		adds	r5, r5, #8
 445 002c 50F82560 		ldr	r6, [r0, r5, lsl #2]
 446 0030 03F00707 		and	r7, r3, #7
 447 0034 4FEA870C 		lsl	ip, r7, #2
 448 0038 0F27     		movs	r7, #15
 449 003a 07FA0CF7 		lsl	r7, r7, ip
 450 003e 26EA0706 		bic	r6, r6, r7
 451 0042 40F82560 		str	r6, [r0, r5, lsl #2]
 340:Drivers/STM32F4xx_HAL_Driver/Src/stm32f4xx_hal_gpio.c **** 
 341:Drivers/STM32F4xx_HAL_Driver/Src/stm32f4xx_hal_gpio.c ****       /* Configure the default value for IO Speed */
 342:Drivers/STM32F4xx_HAL_Driver/Src/stm32f4xx_hal_gpio.c ****       GPIOx->OSPEEDR &= ~(GPIO_OSPEEDER_OSPEEDR0 << (position * 2U));
 452              		.loc 1 342 0
 453 0046 8568     		ldr	r5, [r0, #8]
 454 0048 2540     		ands	r5, r5, r4
 455 004a 8560     		str	r5, [r0, #8]
 343:Drivers/STM32F4xx_HAL_Driver/Src/stm32f4xx_hal_gpio.c **** 
 344:Drivers/STM32F4xx_HAL_Driver/Src/stm32f4xx_hal_gpio.c ****       /* Configure the default value IO Output Type */
 345:Drivers/STM32F4xx_HAL_Driver/Src/stm32f4xx_hal_gpio.c ****       GPIOx->OTYPER  &= ~(GPIO_OTYPER_OT_0 << position) ;
 456              		.loc 1 345 0
 457 004c 4568     		ldr	r5, [r0, #4]
 458 004e 25EA0202 		bic	r2, r5, r2
 459              	.LVL53:
 460 0052 4260     		str	r2, [r0, #4]
 346:Drivers/STM32F4xx_HAL_Driver/Src/stm32f4xx_hal_gpio.c **** 
 347:Drivers/STM32F4xx_HAL_Driver/Src/stm32f4xx_hal_gpio.c ****       /* Deactivate the Pull-up and Pull-down resistor for the current IO */
 348:Drivers/STM32F4xx_HAL_Driver/Src/stm32f4xx_hal_gpio.c ****       GPIOx->PUPDR &= ~(GPIO_PUPDR_PUPDR0 << (position * 2U));
 461              		.loc 1 348 0
 462 0054 C268     		ldr	r2, [r0, #12]
 463 0056 1440     		ands	r4, r4, r2
 464 0058 C460     		str	r4, [r0, #12]
ARM GAS  C:\Users\63143\AppData\Local\Temp\ccSnR133.s 			page 16


 465              	.L34:
 307:Drivers/STM32F4xx_HAL_Driver/Src/stm32f4xx_hal_gpio.c ****   {
 466              		.loc 1 307 0 discriminator 2
 467 005a 0133     		adds	r3, r3, #1
 468              	.LVL54:
 469 005c 0F2B     		cmp	r3, #15
 470 005e 65D8     		bhi	.L53
 471              	.LVL55:
 472              	.L37:
 310:Drivers/STM32F4xx_HAL_Driver/Src/stm32f4xx_hal_gpio.c ****     /* Get the current IO position */
 473              		.loc 1 310 0
 474 0060 0122     		movs	r2, #1
 475 0062 9A40     		lsls	r2, r2, r3
 476              	.LVL56:
 312:Drivers/STM32F4xx_HAL_Driver/Src/stm32f4xx_hal_gpio.c **** 
 477              		.loc 1 312 0
 478 0064 02EA0104 		and	r4, r2, r1
 479              	.LVL57:
 314:Drivers/STM32F4xx_HAL_Driver/Src/stm32f4xx_hal_gpio.c ****     {
 480              		.loc 1 314 0
 481 0068 A242     		cmp	r2, r4
 482 006a F6D1     		bne	.L34
 317:Drivers/STM32F4xx_HAL_Driver/Src/stm32f4xx_hal_gpio.c ****       tmp &= (0x0FU << (4U * (position & 0x03U)));
 483              		.loc 1 317 0
 484 006c 4FEA930C 		lsr	ip, r3, #2
 485 0070 0CF10206 		add	r6, ip, #2
 486 0074 2E4D     		ldr	r5, .L55
 487 0076 55F82660 		ldr	r6, [r5, r6, lsl #2]
 488              	.LVL58:
 318:Drivers/STM32F4xx_HAL_Driver/Src/stm32f4xx_hal_gpio.c ****       if(tmp == ((uint32_t)(GPIO_GET_INDEX(GPIOx)) << (4U * (position & 0x03U))))
 489              		.loc 1 318 0
 490 007a 03F00305 		and	r5, r3, #3
 491 007e AD00     		lsls	r5, r5, #2
 492 0080 0F27     		movs	r7, #15
 493 0082 07FA05FE 		lsl	lr, r7, r5
 494 0086 0EEA0606 		and	r6, lr, r6
 495              	.LVL59:
 319:Drivers/STM32F4xx_HAL_Driver/Src/stm32f4xx_hal_gpio.c ****       {
 496              		.loc 1 319 0
 497 008a 2A4F     		ldr	r7, .L55+4
 498 008c B842     		cmp	r0, r7
 499 008e BFD0     		beq	.L38
 319:Drivers/STM32F4xx_HAL_Driver/Src/stm32f4xx_hal_gpio.c ****       {
 500              		.loc 1 319 0 is_stmt 0 discriminator 1
 501 0090 07F58067 		add	r7, r7, #1024
 502 0094 B842     		cmp	r0, r7
 503 0096 21D0     		beq	.L39
 319:Drivers/STM32F4xx_HAL_Driver/Src/stm32f4xx_hal_gpio.c ****       {
 504              		.loc 1 319 0 discriminator 3
 505 0098 07F58067 		add	r7, r7, #1024
 506 009c B842     		cmp	r0, r7
 507 009e 1FD0     		beq	.L40
 319:Drivers/STM32F4xx_HAL_Driver/Src/stm32f4xx_hal_gpio.c ****       {
 508              		.loc 1 319 0 discriminator 5
 509 00a0 07F58067 		add	r7, r7, #1024
 510 00a4 B842     		cmp	r0, r7
 511 00a6 1DD0     		beq	.L41
ARM GAS  C:\Users\63143\AppData\Local\Temp\ccSnR133.s 			page 17


 319:Drivers/STM32F4xx_HAL_Driver/Src/stm32f4xx_hal_gpio.c ****       {
 512              		.loc 1 319 0 discriminator 7
 513 00a8 07F58067 		add	r7, r7, #1024
 514 00ac B842     		cmp	r0, r7
 515 00ae 1BD0     		beq	.L42
 319:Drivers/STM32F4xx_HAL_Driver/Src/stm32f4xx_hal_gpio.c ****       {
 516              		.loc 1 319 0 discriminator 9
 517 00b0 07F58067 		add	r7, r7, #1024
 518 00b4 B842     		cmp	r0, r7
 519 00b6 19D0     		beq	.L43
 319:Drivers/STM32F4xx_HAL_Driver/Src/stm32f4xx_hal_gpio.c ****       {
 520              		.loc 1 319 0 discriminator 11
 521 00b8 07F58067 		add	r7, r7, #1024
 522 00bc B842     		cmp	r0, r7
 523 00be 17D0     		beq	.L44
 319:Drivers/STM32F4xx_HAL_Driver/Src/stm32f4xx_hal_gpio.c ****       {
 524              		.loc 1 319 0 discriminator 13
 525 00c0 07F58067 		add	r7, r7, #1024
 526 00c4 B842     		cmp	r0, r7
 527 00c6 15D0     		beq	.L45
 319:Drivers/STM32F4xx_HAL_Driver/Src/stm32f4xx_hal_gpio.c ****       {
 528              		.loc 1 319 0 discriminator 15
 529 00c8 07F58067 		add	r7, r7, #1024
 530 00cc B842     		cmp	r0, r7
 531 00ce 13D0     		beq	.L46
 319:Drivers/STM32F4xx_HAL_Driver/Src/stm32f4xx_hal_gpio.c ****       {
 532              		.loc 1 319 0 discriminator 17
 533 00d0 07F58067 		add	r7, r7, #1024
 534 00d4 B842     		cmp	r0, r7
 535 00d6 99D0     		beq	.L54
 319:Drivers/STM32F4xx_HAL_Driver/Src/stm32f4xx_hal_gpio.c ****       {
 536              		.loc 1 319 0
 537 00d8 0A27     		movs	r7, #10
 538 00da 9AE7     		b	.L35
 539              	.L39:
 540 00dc 0127     		movs	r7, #1
 541 00de 98E7     		b	.L35
 542              	.L40:
 543 00e0 0227     		movs	r7, #2
 544 00e2 96E7     		b	.L35
 545              	.L41:
 546 00e4 0327     		movs	r7, #3
 547 00e6 94E7     		b	.L35
 548              	.L42:
 549 00e8 0427     		movs	r7, #4
 550 00ea 92E7     		b	.L35
 551              	.L43:
 552 00ec 0527     		movs	r7, #5
 553 00ee 90E7     		b	.L35
 554              	.L44:
 555 00f0 0627     		movs	r7, #6
 556 00f2 8EE7     		b	.L35
 557              	.L45:
 558 00f4 0727     		movs	r7, #7
 559 00f6 8CE7     		b	.L35
 560              	.L46:
 561 00f8 0827     		movs	r7, #8
ARM GAS  C:\Users\63143\AppData\Local\Temp\ccSnR133.s 			page 18


 562 00fa 8AE7     		b	.L35
 563              	.L52:
 564              	.LVL60:
 323:Drivers/STM32F4xx_HAL_Driver/Src/stm32f4xx_hal_gpio.c **** 
 565              		.loc 1 323 0 is_stmt 1
 566 00fc 0C4E     		ldr	r6, .L55
 567 00fe 0CF10205 		add	r5, ip, #2
 568 0102 56F82570 		ldr	r7, [r6, r5, lsl #2]
 569 0106 27EA0E07 		bic	r7, r7, lr
 570 010a 46F82570 		str	r7, [r6, r5, lsl #2]
 326:Drivers/STM32F4xx_HAL_Driver/Src/stm32f4xx_hal_gpio.c ****         EXTI->EMR &= ~((uint32_t)iocurrent);
 571              		.loc 1 326 0
 572 010e 0A4D     		ldr	r5, .L55+8
 573 0110 2E68     		ldr	r6, [r5]
 574 0112 E443     		mvns	r4, r4
 575              	.LVL61:
 576 0114 2640     		ands	r6, r6, r4
 577 0116 2E60     		str	r6, [r5]
 327:Drivers/STM32F4xx_HAL_Driver/Src/stm32f4xx_hal_gpio.c ****         
 578              		.loc 1 327 0
 579 0118 6E68     		ldr	r6, [r5, #4]
 580 011a 2640     		ands	r6, r6, r4
 581 011c 6E60     		str	r6, [r5, #4]
 330:Drivers/STM32F4xx_HAL_Driver/Src/stm32f4xx_hal_gpio.c ****         EXTI->FTSR &= ~((uint32_t)iocurrent);
 582              		.loc 1 330 0
 583 011e AE68     		ldr	r6, [r5, #8]
 584 0120 2640     		ands	r6, r6, r4
 585 0122 AE60     		str	r6, [r5, #8]
 331:Drivers/STM32F4xx_HAL_Driver/Src/stm32f4xx_hal_gpio.c ****       }
 586              		.loc 1 331 0
 587 0124 EE68     		ldr	r6, [r5, #12]
 588 0126 3440     		ands	r4, r4, r6
 589              	.LVL62:
 590 0128 EC60     		str	r4, [r5, #12]
 591 012a 76E7     		b	.L36
 592              	.LVL63:
 593              	.L53:
 349:Drivers/STM32F4xx_HAL_Driver/Src/stm32f4xx_hal_gpio.c ****     }
 350:Drivers/STM32F4xx_HAL_Driver/Src/stm32f4xx_hal_gpio.c ****   }
 351:Drivers/STM32F4xx_HAL_Driver/Src/stm32f4xx_hal_gpio.c **** }
 594              		.loc 1 351 0
 595 012c F0BD     		pop	{r4, r5, r6, r7, pc}
 596              	.LVL64:
 597              	.L51:
 598              	.LCFI5:
 599              		.cfi_def_cfa_offset 0
 600              		.cfi_restore 4
 601              		.cfi_restore 5
 602              		.cfi_restore 6
 603              		.cfi_restore 7
 604              		.cfi_restore 14
 605 012e 7047     		bx	lr
 606              	.L56:
 607              		.align	2
 608              	.L55:
 609 0130 00380140 		.word	1073821696
 610 0134 00000240 		.word	1073872896
ARM GAS  C:\Users\63143\AppData\Local\Temp\ccSnR133.s 			page 19


 611 0138 003C0140 		.word	1073822720
 612              		.cfi_endproc
 613              	.LFE124:
 615              		.section	.text.HAL_GPIO_ReadPin,"ax",%progbits
 616              		.align	1
 617              		.global	HAL_GPIO_ReadPin
 618              		.syntax unified
 619              		.thumb
 620              		.thumb_func
 621              		.fpu fpv4-sp-d16
 623              	HAL_GPIO_ReadPin:
 624              	.LFB125:
 352:Drivers/STM32F4xx_HAL_Driver/Src/stm32f4xx_hal_gpio.c **** 
 353:Drivers/STM32F4xx_HAL_Driver/Src/stm32f4xx_hal_gpio.c **** /**
 354:Drivers/STM32F4xx_HAL_Driver/Src/stm32f4xx_hal_gpio.c ****   * @}
 355:Drivers/STM32F4xx_HAL_Driver/Src/stm32f4xx_hal_gpio.c ****   */
 356:Drivers/STM32F4xx_HAL_Driver/Src/stm32f4xx_hal_gpio.c **** 
 357:Drivers/STM32F4xx_HAL_Driver/Src/stm32f4xx_hal_gpio.c **** /** @defgroup GPIO_Exported_Functions_Group2 IO operation functions 
 358:Drivers/STM32F4xx_HAL_Driver/Src/stm32f4xx_hal_gpio.c ****   *  @brief   GPIO Read and Write
 359:Drivers/STM32F4xx_HAL_Driver/Src/stm32f4xx_hal_gpio.c ****   *
 360:Drivers/STM32F4xx_HAL_Driver/Src/stm32f4xx_hal_gpio.c **** @verbatim
 361:Drivers/STM32F4xx_HAL_Driver/Src/stm32f4xx_hal_gpio.c ****  ===============================================================================
 362:Drivers/STM32F4xx_HAL_Driver/Src/stm32f4xx_hal_gpio.c ****                        ##### IO operation functions #####
 363:Drivers/STM32F4xx_HAL_Driver/Src/stm32f4xx_hal_gpio.c ****  ===============================================================================
 364:Drivers/STM32F4xx_HAL_Driver/Src/stm32f4xx_hal_gpio.c **** 
 365:Drivers/STM32F4xx_HAL_Driver/Src/stm32f4xx_hal_gpio.c **** @endverbatim
 366:Drivers/STM32F4xx_HAL_Driver/Src/stm32f4xx_hal_gpio.c ****   * @{
 367:Drivers/STM32F4xx_HAL_Driver/Src/stm32f4xx_hal_gpio.c ****   */
 368:Drivers/STM32F4xx_HAL_Driver/Src/stm32f4xx_hal_gpio.c **** 
 369:Drivers/STM32F4xx_HAL_Driver/Src/stm32f4xx_hal_gpio.c **** /**
 370:Drivers/STM32F4xx_HAL_Driver/Src/stm32f4xx_hal_gpio.c ****   * @brief  Reads the specified input port pin.
 371:Drivers/STM32F4xx_HAL_Driver/Src/stm32f4xx_hal_gpio.c ****   * @param  GPIOx where x can be (A..K) to select the GPIO peripheral for STM32F429X device or
 372:Drivers/STM32F4xx_HAL_Driver/Src/stm32f4xx_hal_gpio.c ****   *                      x can be (A..I) to select the GPIO peripheral for STM32F40XX and STM32F427
 373:Drivers/STM32F4xx_HAL_Driver/Src/stm32f4xx_hal_gpio.c ****   * @param  GPIO_Pin specifies the port bit to read.
 374:Drivers/STM32F4xx_HAL_Driver/Src/stm32f4xx_hal_gpio.c ****   *         This parameter can be GPIO_PIN_x where x can be (0..15).
 375:Drivers/STM32F4xx_HAL_Driver/Src/stm32f4xx_hal_gpio.c ****   * @retval The input port pin value.
 376:Drivers/STM32F4xx_HAL_Driver/Src/stm32f4xx_hal_gpio.c ****   */
 377:Drivers/STM32F4xx_HAL_Driver/Src/stm32f4xx_hal_gpio.c **** GPIO_PinState HAL_GPIO_ReadPin(GPIO_TypeDef* GPIOx, uint16_t GPIO_Pin)
 378:Drivers/STM32F4xx_HAL_Driver/Src/stm32f4xx_hal_gpio.c **** {
 625              		.loc 1 378 0
 626              		.cfi_startproc
 627              		@ args = 0, pretend = 0, frame = 0
 628              		@ frame_needed = 0, uses_anonymous_args = 0
 629              		@ link register save eliminated.
 630              	.LVL65:
 379:Drivers/STM32F4xx_HAL_Driver/Src/stm32f4xx_hal_gpio.c ****   GPIO_PinState bitstatus;
 380:Drivers/STM32F4xx_HAL_Driver/Src/stm32f4xx_hal_gpio.c **** 
 381:Drivers/STM32F4xx_HAL_Driver/Src/stm32f4xx_hal_gpio.c ****   /* Check the parameters */
 382:Drivers/STM32F4xx_HAL_Driver/Src/stm32f4xx_hal_gpio.c ****   assert_param(IS_GPIO_PIN(GPIO_Pin));
 383:Drivers/STM32F4xx_HAL_Driver/Src/stm32f4xx_hal_gpio.c **** 
 384:Drivers/STM32F4xx_HAL_Driver/Src/stm32f4xx_hal_gpio.c ****   if((GPIOx->IDR & GPIO_Pin) != (uint32_t)GPIO_PIN_RESET)
 631              		.loc 1 384 0
 632 0000 0369     		ldr	r3, [r0, #16]
 633 0002 1942     		tst	r1, r3
 634 0004 01D1     		bne	.L60
 385:Drivers/STM32F4xx_HAL_Driver/Src/stm32f4xx_hal_gpio.c ****   {
 386:Drivers/STM32F4xx_HAL_Driver/Src/stm32f4xx_hal_gpio.c ****     bitstatus = GPIO_PIN_SET;
ARM GAS  C:\Users\63143\AppData\Local\Temp\ccSnR133.s 			page 20


 387:Drivers/STM32F4xx_HAL_Driver/Src/stm32f4xx_hal_gpio.c ****   }
 388:Drivers/STM32F4xx_HAL_Driver/Src/stm32f4xx_hal_gpio.c ****   else
 389:Drivers/STM32F4xx_HAL_Driver/Src/stm32f4xx_hal_gpio.c ****   {
 390:Drivers/STM32F4xx_HAL_Driver/Src/stm32f4xx_hal_gpio.c ****     bitstatus = GPIO_PIN_RESET;
 635              		.loc 1 390 0
 636 0006 0020     		movs	r0, #0
 637              	.LVL66:
 391:Drivers/STM32F4xx_HAL_Driver/Src/stm32f4xx_hal_gpio.c ****   }
 392:Drivers/STM32F4xx_HAL_Driver/Src/stm32f4xx_hal_gpio.c ****   return bitstatus;
 393:Drivers/STM32F4xx_HAL_Driver/Src/stm32f4xx_hal_gpio.c **** }
 638              		.loc 1 393 0
 639 0008 7047     		bx	lr
 640              	.LVL67:
 641              	.L60:
 386:Drivers/STM32F4xx_HAL_Driver/Src/stm32f4xx_hal_gpio.c ****   }
 642              		.loc 1 386 0
 643 000a 0120     		movs	r0, #1
 644              	.LVL68:
 645 000c 7047     		bx	lr
 646              		.cfi_endproc
 647              	.LFE125:
 649              		.section	.text.HAL_GPIO_WritePin,"ax",%progbits
 650              		.align	1
 651              		.global	HAL_GPIO_WritePin
 652              		.syntax unified
 653              		.thumb
 654              		.thumb_func
 655              		.fpu fpv4-sp-d16
 657              	HAL_GPIO_WritePin:
 658              	.LFB126:
 394:Drivers/STM32F4xx_HAL_Driver/Src/stm32f4xx_hal_gpio.c **** 
 395:Drivers/STM32F4xx_HAL_Driver/Src/stm32f4xx_hal_gpio.c **** /**
 396:Drivers/STM32F4xx_HAL_Driver/Src/stm32f4xx_hal_gpio.c ****   * @brief  Sets or clears the selected data port bit.
 397:Drivers/STM32F4xx_HAL_Driver/Src/stm32f4xx_hal_gpio.c ****   *
 398:Drivers/STM32F4xx_HAL_Driver/Src/stm32f4xx_hal_gpio.c ****   * @note   This function uses GPIOx_BSRR register to allow atomic read/modify
 399:Drivers/STM32F4xx_HAL_Driver/Src/stm32f4xx_hal_gpio.c ****   *         accesses. In this way, there is no risk of an IRQ occurring between
 400:Drivers/STM32F4xx_HAL_Driver/Src/stm32f4xx_hal_gpio.c ****   *         the read and the modify access.
 401:Drivers/STM32F4xx_HAL_Driver/Src/stm32f4xx_hal_gpio.c ****   *
 402:Drivers/STM32F4xx_HAL_Driver/Src/stm32f4xx_hal_gpio.c ****   * @param  GPIOx where x can be (A..K) to select the GPIO peripheral for STM32F429X device or
 403:Drivers/STM32F4xx_HAL_Driver/Src/stm32f4xx_hal_gpio.c ****   *                      x can be (A..I) to select the GPIO peripheral for STM32F40XX and STM32F427
 404:Drivers/STM32F4xx_HAL_Driver/Src/stm32f4xx_hal_gpio.c ****   * @param  GPIO_Pin specifies the port bit to be written.
 405:Drivers/STM32F4xx_HAL_Driver/Src/stm32f4xx_hal_gpio.c ****   *          This parameter can be one of GPIO_PIN_x where x can be (0..15).
 406:Drivers/STM32F4xx_HAL_Driver/Src/stm32f4xx_hal_gpio.c ****   * @param  PinState specifies the value to be written to the selected bit.
 407:Drivers/STM32F4xx_HAL_Driver/Src/stm32f4xx_hal_gpio.c ****   *          This parameter can be one of the GPIO_PinState enum values:
 408:Drivers/STM32F4xx_HAL_Driver/Src/stm32f4xx_hal_gpio.c ****   *            @arg GPIO_PIN_RESET: to clear the port pin
 409:Drivers/STM32F4xx_HAL_Driver/Src/stm32f4xx_hal_gpio.c ****   *            @arg GPIO_PIN_SET: to set the port pin
 410:Drivers/STM32F4xx_HAL_Driver/Src/stm32f4xx_hal_gpio.c ****   * @retval None
 411:Drivers/STM32F4xx_HAL_Driver/Src/stm32f4xx_hal_gpio.c ****   */
 412:Drivers/STM32F4xx_HAL_Driver/Src/stm32f4xx_hal_gpio.c **** void HAL_GPIO_WritePin(GPIO_TypeDef* GPIOx, uint16_t GPIO_Pin, GPIO_PinState PinState)
 413:Drivers/STM32F4xx_HAL_Driver/Src/stm32f4xx_hal_gpio.c **** {
 659              		.loc 1 413 0
 660              		.cfi_startproc
 661              		@ args = 0, pretend = 0, frame = 0
 662              		@ frame_needed = 0, uses_anonymous_args = 0
 663              		@ link register save eliminated.
 664              	.LVL69:
 414:Drivers/STM32F4xx_HAL_Driver/Src/stm32f4xx_hal_gpio.c ****   /* Check the parameters */
ARM GAS  C:\Users\63143\AppData\Local\Temp\ccSnR133.s 			page 21


 415:Drivers/STM32F4xx_HAL_Driver/Src/stm32f4xx_hal_gpio.c ****   assert_param(IS_GPIO_PIN(GPIO_Pin));
 416:Drivers/STM32F4xx_HAL_Driver/Src/stm32f4xx_hal_gpio.c ****   assert_param(IS_GPIO_PIN_ACTION(PinState));
 417:Drivers/STM32F4xx_HAL_Driver/Src/stm32f4xx_hal_gpio.c **** 
 418:Drivers/STM32F4xx_HAL_Driver/Src/stm32f4xx_hal_gpio.c ****   if(PinState != GPIO_PIN_RESET)
 665              		.loc 1 418 0
 666 0000 12B9     		cbnz	r2, .L64
 419:Drivers/STM32F4xx_HAL_Driver/Src/stm32f4xx_hal_gpio.c ****   {
 420:Drivers/STM32F4xx_HAL_Driver/Src/stm32f4xx_hal_gpio.c ****     GPIOx->BSRR = GPIO_Pin;
 421:Drivers/STM32F4xx_HAL_Driver/Src/stm32f4xx_hal_gpio.c ****   }
 422:Drivers/STM32F4xx_HAL_Driver/Src/stm32f4xx_hal_gpio.c ****   else
 423:Drivers/STM32F4xx_HAL_Driver/Src/stm32f4xx_hal_gpio.c ****   {
 424:Drivers/STM32F4xx_HAL_Driver/Src/stm32f4xx_hal_gpio.c ****     GPIOx->BSRR = (uint32_t)GPIO_Pin << 16U;
 667              		.loc 1 424 0
 668 0002 0904     		lsls	r1, r1, #16
 669              	.LVL70:
 670 0004 8161     		str	r1, [r0, #24]
 425:Drivers/STM32F4xx_HAL_Driver/Src/stm32f4xx_hal_gpio.c ****   }
 426:Drivers/STM32F4xx_HAL_Driver/Src/stm32f4xx_hal_gpio.c **** }
 671              		.loc 1 426 0
 672 0006 7047     		bx	lr
 673              	.LVL71:
 674              	.L64:
 420:Drivers/STM32F4xx_HAL_Driver/Src/stm32f4xx_hal_gpio.c ****   }
 675              		.loc 1 420 0
 676 0008 8161     		str	r1, [r0, #24]
 677 000a 7047     		bx	lr
 678              		.cfi_endproc
 679              	.LFE126:
 681              		.section	.text.HAL_GPIO_TogglePin,"ax",%progbits
 682              		.align	1
 683              		.global	HAL_GPIO_TogglePin
 684              		.syntax unified
 685              		.thumb
 686              		.thumb_func
 687              		.fpu fpv4-sp-d16
 689              	HAL_GPIO_TogglePin:
 690              	.LFB127:
 427:Drivers/STM32F4xx_HAL_Driver/Src/stm32f4xx_hal_gpio.c **** 
 428:Drivers/STM32F4xx_HAL_Driver/Src/stm32f4xx_hal_gpio.c **** /**
 429:Drivers/STM32F4xx_HAL_Driver/Src/stm32f4xx_hal_gpio.c ****   * @brief  Toggles the specified GPIO pins.
 430:Drivers/STM32F4xx_HAL_Driver/Src/stm32f4xx_hal_gpio.c ****   * @param  GPIOx Where x can be (A..K) to select the GPIO peripheral for STM32F429X device or
 431:Drivers/STM32F4xx_HAL_Driver/Src/stm32f4xx_hal_gpio.c ****   *                      x can be (A..I) to select the GPIO peripheral for STM32F40XX and STM32F427
 432:Drivers/STM32F4xx_HAL_Driver/Src/stm32f4xx_hal_gpio.c ****   * @param  GPIO_Pin Specifies the pins to be toggled.
 433:Drivers/STM32F4xx_HAL_Driver/Src/stm32f4xx_hal_gpio.c ****   * @retval None
 434:Drivers/STM32F4xx_HAL_Driver/Src/stm32f4xx_hal_gpio.c ****   */
 435:Drivers/STM32F4xx_HAL_Driver/Src/stm32f4xx_hal_gpio.c **** void HAL_GPIO_TogglePin(GPIO_TypeDef* GPIOx, uint16_t GPIO_Pin)
 436:Drivers/STM32F4xx_HAL_Driver/Src/stm32f4xx_hal_gpio.c **** {
 691              		.loc 1 436 0
 692              		.cfi_startproc
 693              		@ args = 0, pretend = 0, frame = 0
 694              		@ frame_needed = 0, uses_anonymous_args = 0
 695              		@ link register save eliminated.
 696              	.LVL72:
 437:Drivers/STM32F4xx_HAL_Driver/Src/stm32f4xx_hal_gpio.c ****   /* Check the parameters */
 438:Drivers/STM32F4xx_HAL_Driver/Src/stm32f4xx_hal_gpio.c ****   assert_param(IS_GPIO_PIN(GPIO_Pin));
 439:Drivers/STM32F4xx_HAL_Driver/Src/stm32f4xx_hal_gpio.c **** 
 440:Drivers/STM32F4xx_HAL_Driver/Src/stm32f4xx_hal_gpio.c ****   if ((GPIOx->ODR & GPIO_Pin) == GPIO_Pin)
ARM GAS  C:\Users\63143\AppData\Local\Temp\ccSnR133.s 			page 22


 697              		.loc 1 440 0
 698 0000 4369     		ldr	r3, [r0, #20]
 699 0002 31EA0303 		bics	r3, r1, r3
 700 0006 01D0     		beq	.L68
 441:Drivers/STM32F4xx_HAL_Driver/Src/stm32f4xx_hal_gpio.c ****   {
 442:Drivers/STM32F4xx_HAL_Driver/Src/stm32f4xx_hal_gpio.c ****     GPIOx->BSRR = (uint32_t)GPIO_Pin << GPIO_NUMBER;
 443:Drivers/STM32F4xx_HAL_Driver/Src/stm32f4xx_hal_gpio.c ****   }
 444:Drivers/STM32F4xx_HAL_Driver/Src/stm32f4xx_hal_gpio.c ****   else
 445:Drivers/STM32F4xx_HAL_Driver/Src/stm32f4xx_hal_gpio.c ****   {
 446:Drivers/STM32F4xx_HAL_Driver/Src/stm32f4xx_hal_gpio.c ****     GPIOx->BSRR = GPIO_Pin;
 701              		.loc 1 446 0
 702 0008 8161     		str	r1, [r0, #24]
 447:Drivers/STM32F4xx_HAL_Driver/Src/stm32f4xx_hal_gpio.c ****   }
 448:Drivers/STM32F4xx_HAL_Driver/Src/stm32f4xx_hal_gpio.c **** }
 703              		.loc 1 448 0
 704 000a 7047     		bx	lr
 705              	.L68:
 442:Drivers/STM32F4xx_HAL_Driver/Src/stm32f4xx_hal_gpio.c ****   }
 706              		.loc 1 442 0
 707 000c 0904     		lsls	r1, r1, #16
 708              	.LVL73:
 709 000e 8161     		str	r1, [r0, #24]
 710 0010 7047     		bx	lr
 711              		.cfi_endproc
 712              	.LFE127:
 714              		.section	.text.HAL_GPIO_LockPin,"ax",%progbits
 715              		.align	1
 716              		.global	HAL_GPIO_LockPin
 717              		.syntax unified
 718              		.thumb
 719              		.thumb_func
 720              		.fpu fpv4-sp-d16
 722              	HAL_GPIO_LockPin:
 723              	.LFB128:
 449:Drivers/STM32F4xx_HAL_Driver/Src/stm32f4xx_hal_gpio.c **** 
 450:Drivers/STM32F4xx_HAL_Driver/Src/stm32f4xx_hal_gpio.c **** /**
 451:Drivers/STM32F4xx_HAL_Driver/Src/stm32f4xx_hal_gpio.c ****   * @brief  Locks GPIO Pins configuration registers.
 452:Drivers/STM32F4xx_HAL_Driver/Src/stm32f4xx_hal_gpio.c ****   * @note   The locked registers are GPIOx_MODER, GPIOx_OTYPER, GPIOx_OSPEEDR,
 453:Drivers/STM32F4xx_HAL_Driver/Src/stm32f4xx_hal_gpio.c ****   *         GPIOx_PUPDR, GPIOx_AFRL and GPIOx_AFRH.
 454:Drivers/STM32F4xx_HAL_Driver/Src/stm32f4xx_hal_gpio.c ****   * @note   The configuration of the locked GPIO pins can no longer be modified
 455:Drivers/STM32F4xx_HAL_Driver/Src/stm32f4xx_hal_gpio.c ****   *         until the next reset.
 456:Drivers/STM32F4xx_HAL_Driver/Src/stm32f4xx_hal_gpio.c ****   * @param  GPIOx where x can be (A..F) to select the GPIO peripheral for STM32F4 family
 457:Drivers/STM32F4xx_HAL_Driver/Src/stm32f4xx_hal_gpio.c ****   * @param  GPIO_Pin specifies the port bit to be locked.
 458:Drivers/STM32F4xx_HAL_Driver/Src/stm32f4xx_hal_gpio.c ****   *         This parameter can be any combination of GPIO_PIN_x where x can be (0..15).
 459:Drivers/STM32F4xx_HAL_Driver/Src/stm32f4xx_hal_gpio.c ****   * @retval None
 460:Drivers/STM32F4xx_HAL_Driver/Src/stm32f4xx_hal_gpio.c ****   */
 461:Drivers/STM32F4xx_HAL_Driver/Src/stm32f4xx_hal_gpio.c **** HAL_StatusTypeDef HAL_GPIO_LockPin(GPIO_TypeDef* GPIOx, uint16_t GPIO_Pin)
 462:Drivers/STM32F4xx_HAL_Driver/Src/stm32f4xx_hal_gpio.c **** {
 724              		.loc 1 462 0
 725              		.cfi_startproc
 726              		@ args = 0, pretend = 0, frame = 8
 727              		@ frame_needed = 0, uses_anonymous_args = 0
 728              		@ link register save eliminated.
 729              	.LVL74:
 730 0000 82B0     		sub	sp, sp, #8
 731              	.LCFI6:
 732              		.cfi_def_cfa_offset 8
ARM GAS  C:\Users\63143\AppData\Local\Temp\ccSnR133.s 			page 23


 463:Drivers/STM32F4xx_HAL_Driver/Src/stm32f4xx_hal_gpio.c ****   __IO uint32_t tmp = GPIO_LCKR_LCKK;
 733              		.loc 1 463 0
 734 0002 4FF48033 		mov	r3, #65536
 735 0006 0193     		str	r3, [sp, #4]
 464:Drivers/STM32F4xx_HAL_Driver/Src/stm32f4xx_hal_gpio.c **** 
 465:Drivers/STM32F4xx_HAL_Driver/Src/stm32f4xx_hal_gpio.c ****   /* Check the parameters */
 466:Drivers/STM32F4xx_HAL_Driver/Src/stm32f4xx_hal_gpio.c ****   assert_param(IS_GPIO_PIN(GPIO_Pin));
 467:Drivers/STM32F4xx_HAL_Driver/Src/stm32f4xx_hal_gpio.c **** 
 468:Drivers/STM32F4xx_HAL_Driver/Src/stm32f4xx_hal_gpio.c ****   /* Apply lock key write sequence */
 469:Drivers/STM32F4xx_HAL_Driver/Src/stm32f4xx_hal_gpio.c ****   tmp |= GPIO_Pin;
 736              		.loc 1 469 0
 737 0008 019B     		ldr	r3, [sp, #4]
 738 000a 0B43     		orrs	r3, r3, r1
 739 000c 0193     		str	r3, [sp, #4]
 470:Drivers/STM32F4xx_HAL_Driver/Src/stm32f4xx_hal_gpio.c ****   /* Set LCKx bit(s): LCKK='1' + LCK[15-0] */
 471:Drivers/STM32F4xx_HAL_Driver/Src/stm32f4xx_hal_gpio.c ****   GPIOx->LCKR = tmp;
 740              		.loc 1 471 0
 741 000e 019B     		ldr	r3, [sp, #4]
 742 0010 C361     		str	r3, [r0, #28]
 472:Drivers/STM32F4xx_HAL_Driver/Src/stm32f4xx_hal_gpio.c ****   /* Reset LCKx bit(s): LCKK='0' + LCK[15-0] */
 473:Drivers/STM32F4xx_HAL_Driver/Src/stm32f4xx_hal_gpio.c ****   GPIOx->LCKR = GPIO_Pin;
 743              		.loc 1 473 0
 744 0012 C161     		str	r1, [r0, #28]
 474:Drivers/STM32F4xx_HAL_Driver/Src/stm32f4xx_hal_gpio.c ****   /* Set LCKx bit(s): LCKK='1' + LCK[15-0] */
 475:Drivers/STM32F4xx_HAL_Driver/Src/stm32f4xx_hal_gpio.c ****   GPIOx->LCKR = tmp;
 745              		.loc 1 475 0
 746 0014 019B     		ldr	r3, [sp, #4]
 747 0016 C361     		str	r3, [r0, #28]
 476:Drivers/STM32F4xx_HAL_Driver/Src/stm32f4xx_hal_gpio.c ****   /* Read LCKK bit*/
 477:Drivers/STM32F4xx_HAL_Driver/Src/stm32f4xx_hal_gpio.c ****   tmp = GPIOx->LCKR;
 748              		.loc 1 477 0
 749 0018 C369     		ldr	r3, [r0, #28]
 750 001a 0193     		str	r3, [sp, #4]
 478:Drivers/STM32F4xx_HAL_Driver/Src/stm32f4xx_hal_gpio.c **** 
 479:Drivers/STM32F4xx_HAL_Driver/Src/stm32f4xx_hal_gpio.c ****  if((GPIOx->LCKR & GPIO_LCKR_LCKK) != RESET)
 751              		.loc 1 479 0
 752 001c C369     		ldr	r3, [r0, #28]
 753 001e 13F4803F 		tst	r3, #65536
 754 0022 02D1     		bne	.L73
 480:Drivers/STM32F4xx_HAL_Driver/Src/stm32f4xx_hal_gpio.c ****   {
 481:Drivers/STM32F4xx_HAL_Driver/Src/stm32f4xx_hal_gpio.c ****     return HAL_OK;
 482:Drivers/STM32F4xx_HAL_Driver/Src/stm32f4xx_hal_gpio.c ****   }
 483:Drivers/STM32F4xx_HAL_Driver/Src/stm32f4xx_hal_gpio.c ****   else
 484:Drivers/STM32F4xx_HAL_Driver/Src/stm32f4xx_hal_gpio.c ****   {
 485:Drivers/STM32F4xx_HAL_Driver/Src/stm32f4xx_hal_gpio.c ****     return HAL_ERROR;
 755              		.loc 1 485 0
 756 0024 0120     		movs	r0, #1
 757              	.LVL75:
 758              	.L70:
 486:Drivers/STM32F4xx_HAL_Driver/Src/stm32f4xx_hal_gpio.c ****   }
 487:Drivers/STM32F4xx_HAL_Driver/Src/stm32f4xx_hal_gpio.c **** }
 759              		.loc 1 487 0
 760 0026 02B0     		add	sp, sp, #8
 761              	.LCFI7:
 762              		.cfi_remember_state
 763              		.cfi_def_cfa_offset 0
 764              		@ sp needed
ARM GAS  C:\Users\63143\AppData\Local\Temp\ccSnR133.s 			page 24


 765 0028 7047     		bx	lr
 766              	.LVL76:
 767              	.L73:
 768              	.LCFI8:
 769              		.cfi_restore_state
 481:Drivers/STM32F4xx_HAL_Driver/Src/stm32f4xx_hal_gpio.c ****   }
 770              		.loc 1 481 0
 771 002a 0020     		movs	r0, #0
 772              	.LVL77:
 773 002c FBE7     		b	.L70
 774              		.cfi_endproc
 775              	.LFE128:
 777              		.section	.text.HAL_GPIO_EXTI_Callback,"ax",%progbits
 778              		.align	1
 779              		.weak	HAL_GPIO_EXTI_Callback
 780              		.syntax unified
 781              		.thumb
 782              		.thumb_func
 783              		.fpu fpv4-sp-d16
 785              	HAL_GPIO_EXTI_Callback:
 786              	.LFB130:
 488:Drivers/STM32F4xx_HAL_Driver/Src/stm32f4xx_hal_gpio.c **** 
 489:Drivers/STM32F4xx_HAL_Driver/Src/stm32f4xx_hal_gpio.c **** /**
 490:Drivers/STM32F4xx_HAL_Driver/Src/stm32f4xx_hal_gpio.c ****   * @brief  This function handles EXTI interrupt request.
 491:Drivers/STM32F4xx_HAL_Driver/Src/stm32f4xx_hal_gpio.c ****   * @param  GPIO_Pin Specifies the pins connected EXTI line
 492:Drivers/STM32F4xx_HAL_Driver/Src/stm32f4xx_hal_gpio.c ****   * @retval None
 493:Drivers/STM32F4xx_HAL_Driver/Src/stm32f4xx_hal_gpio.c ****   */
 494:Drivers/STM32F4xx_HAL_Driver/Src/stm32f4xx_hal_gpio.c **** void HAL_GPIO_EXTI_IRQHandler(uint16_t GPIO_Pin)
 495:Drivers/STM32F4xx_HAL_Driver/Src/stm32f4xx_hal_gpio.c **** {
 496:Drivers/STM32F4xx_HAL_Driver/Src/stm32f4xx_hal_gpio.c ****   /* EXTI line interrupt detected */
 497:Drivers/STM32F4xx_HAL_Driver/Src/stm32f4xx_hal_gpio.c ****   if(__HAL_GPIO_EXTI_GET_IT(GPIO_Pin) != RESET)
 498:Drivers/STM32F4xx_HAL_Driver/Src/stm32f4xx_hal_gpio.c ****   {
 499:Drivers/STM32F4xx_HAL_Driver/Src/stm32f4xx_hal_gpio.c ****     __HAL_GPIO_EXTI_CLEAR_IT(GPIO_Pin);
 500:Drivers/STM32F4xx_HAL_Driver/Src/stm32f4xx_hal_gpio.c ****     HAL_GPIO_EXTI_Callback(GPIO_Pin);
 501:Drivers/STM32F4xx_HAL_Driver/Src/stm32f4xx_hal_gpio.c ****   }
 502:Drivers/STM32F4xx_HAL_Driver/Src/stm32f4xx_hal_gpio.c **** }
 503:Drivers/STM32F4xx_HAL_Driver/Src/stm32f4xx_hal_gpio.c **** 
 504:Drivers/STM32F4xx_HAL_Driver/Src/stm32f4xx_hal_gpio.c **** /**
 505:Drivers/STM32F4xx_HAL_Driver/Src/stm32f4xx_hal_gpio.c ****   * @brief  EXTI line detection callbacks.
 506:Drivers/STM32F4xx_HAL_Driver/Src/stm32f4xx_hal_gpio.c ****   * @param  GPIO_Pin Specifies the pins connected EXTI line
 507:Drivers/STM32F4xx_HAL_Driver/Src/stm32f4xx_hal_gpio.c ****   * @retval None
 508:Drivers/STM32F4xx_HAL_Driver/Src/stm32f4xx_hal_gpio.c ****   */
 509:Drivers/STM32F4xx_HAL_Driver/Src/stm32f4xx_hal_gpio.c **** __weak void HAL_GPIO_EXTI_Callback(uint16_t GPIO_Pin)
 510:Drivers/STM32F4xx_HAL_Driver/Src/stm32f4xx_hal_gpio.c **** {
 787              		.loc 1 510 0
 788              		.cfi_startproc
 789              		@ args = 0, pretend = 0, frame = 0
 790              		@ frame_needed = 0, uses_anonymous_args = 0
 791              		@ link register save eliminated.
 792              	.LVL78:
 511:Drivers/STM32F4xx_HAL_Driver/Src/stm32f4xx_hal_gpio.c ****   /* Prevent unused argument(s) compilation warning */
 512:Drivers/STM32F4xx_HAL_Driver/Src/stm32f4xx_hal_gpio.c ****   UNUSED(GPIO_Pin);
 513:Drivers/STM32F4xx_HAL_Driver/Src/stm32f4xx_hal_gpio.c ****   /* NOTE: This function Should not be modified, when the callback is needed,
 514:Drivers/STM32F4xx_HAL_Driver/Src/stm32f4xx_hal_gpio.c ****            the HAL_GPIO_EXTI_Callback could be implemented in the user file
 515:Drivers/STM32F4xx_HAL_Driver/Src/stm32f4xx_hal_gpio.c ****    */
 516:Drivers/STM32F4xx_HAL_Driver/Src/stm32f4xx_hal_gpio.c **** }
 793              		.loc 1 516 0
ARM GAS  C:\Users\63143\AppData\Local\Temp\ccSnR133.s 			page 25


 794 0000 7047     		bx	lr
 795              		.cfi_endproc
 796              	.LFE130:
 798              		.section	.text.HAL_GPIO_EXTI_IRQHandler,"ax",%progbits
 799              		.align	1
 800              		.global	HAL_GPIO_EXTI_IRQHandler
 801              		.syntax unified
 802              		.thumb
 803              		.thumb_func
 804              		.fpu fpv4-sp-d16
 806              	HAL_GPIO_EXTI_IRQHandler:
 807              	.LFB129:
 495:Drivers/STM32F4xx_HAL_Driver/Src/stm32f4xx_hal_gpio.c ****   /* EXTI line interrupt detected */
 808              		.loc 1 495 0
 809              		.cfi_startproc
 810              		@ args = 0, pretend = 0, frame = 0
 811              		@ frame_needed = 0, uses_anonymous_args = 0
 812              	.LVL79:
 813 0000 08B5     		push	{r3, lr}
 814              	.LCFI9:
 815              		.cfi_def_cfa_offset 8
 816              		.cfi_offset 3, -8
 817              		.cfi_offset 14, -4
 497:Drivers/STM32F4xx_HAL_Driver/Src/stm32f4xx_hal_gpio.c ****   {
 818              		.loc 1 497 0
 819 0002 054B     		ldr	r3, .L79
 820 0004 5B69     		ldr	r3, [r3, #20]
 821 0006 0342     		tst	r3, r0
 822 0008 00D1     		bne	.L78
 823              	.LVL80:
 824              	.L75:
 502:Drivers/STM32F4xx_HAL_Driver/Src/stm32f4xx_hal_gpio.c **** 
 825              		.loc 1 502 0
 826 000a 08BD     		pop	{r3, pc}
 827              	.LVL81:
 828              	.L78:
 499:Drivers/STM32F4xx_HAL_Driver/Src/stm32f4xx_hal_gpio.c ****     HAL_GPIO_EXTI_Callback(GPIO_Pin);
 829              		.loc 1 499 0
 830 000c 024B     		ldr	r3, .L79
 831 000e 5861     		str	r0, [r3, #20]
 500:Drivers/STM32F4xx_HAL_Driver/Src/stm32f4xx_hal_gpio.c ****   }
 832              		.loc 1 500 0
 833 0010 FFF7FEFF 		bl	HAL_GPIO_EXTI_Callback
 834              	.LVL82:
 502:Drivers/STM32F4xx_HAL_Driver/Src/stm32f4xx_hal_gpio.c **** 
 835              		.loc 1 502 0
 836 0014 F9E7     		b	.L75
 837              	.L80:
 838 0016 00BF     		.align	2
 839              	.L79:
 840 0018 003C0140 		.word	1073822720
 841              		.cfi_endproc
 842              	.LFE129:
 844              		.text
 845              	.Letext0:
 846              		.file 2 "c:\\msys64\\home\\63143\\gcc-arm-none-eabi-7-2018-q2-update-win32\\arm-none-eabi\\include
 847              		.file 3 "c:\\msys64\\home\\63143\\gcc-arm-none-eabi-7-2018-q2-update-win32\\arm-none-eabi\\include
ARM GAS  C:\Users\63143\AppData\Local\Temp\ccSnR133.s 			page 26


 848              		.file 4 "Drivers/CMSIS/Include/core_cm4.h"
 849              		.file 5 "Drivers/CMSIS/Device/ST/STM32F4xx/Include/system_stm32f4xx.h"
 850              		.file 6 "Drivers/CMSIS/Device/ST/STM32F4xx/Include/stm32f429xx.h"
 851              		.file 7 "Drivers/CMSIS/Device/ST/STM32F4xx/Include/stm32f4xx.h"
 852              		.file 8 "Drivers/STM32F4xx_HAL_Driver/Inc/stm32f4xx_hal_def.h"
 853              		.file 9 "Drivers/STM32F4xx_HAL_Driver/Inc/stm32f4xx_hal_gpio.h"
ARM GAS  C:\Users\63143\AppData\Local\Temp\ccSnR133.s 			page 27


DEFINED SYMBOLS
                            *ABS*:00000000 stm32f4xx_hal_gpio.c
C:\Users\63143\AppData\Local\Temp\ccSnR133.s:18     .text.HAL_GPIO_Init:00000000 $t
C:\Users\63143\AppData\Local\Temp\ccSnR133.s:25     .text.HAL_GPIO_Init:00000000 HAL_GPIO_Init
C:\Users\63143\AppData\Local\Temp\ccSnR133.s:383    .text.HAL_GPIO_Init:000001d0 $d
C:\Users\63143\AppData\Local\Temp\ccSnR133.s:391    .text.HAL_GPIO_DeInit:00000000 $t
C:\Users\63143\AppData\Local\Temp\ccSnR133.s:398    .text.HAL_GPIO_DeInit:00000000 HAL_GPIO_DeInit
C:\Users\63143\AppData\Local\Temp\ccSnR133.s:609    .text.HAL_GPIO_DeInit:00000130 $d
C:\Users\63143\AppData\Local\Temp\ccSnR133.s:616    .text.HAL_GPIO_ReadPin:00000000 $t
C:\Users\63143\AppData\Local\Temp\ccSnR133.s:623    .text.HAL_GPIO_ReadPin:00000000 HAL_GPIO_ReadPin
C:\Users\63143\AppData\Local\Temp\ccSnR133.s:650    .text.HAL_GPIO_WritePin:00000000 $t
C:\Users\63143\AppData\Local\Temp\ccSnR133.s:657    .text.HAL_GPIO_WritePin:00000000 HAL_GPIO_WritePin
C:\Users\63143\AppData\Local\Temp\ccSnR133.s:682    .text.HAL_GPIO_TogglePin:00000000 $t
C:\Users\63143\AppData\Local\Temp\ccSnR133.s:689    .text.HAL_GPIO_TogglePin:00000000 HAL_GPIO_TogglePin
C:\Users\63143\AppData\Local\Temp\ccSnR133.s:715    .text.HAL_GPIO_LockPin:00000000 $t
C:\Users\63143\AppData\Local\Temp\ccSnR133.s:722    .text.HAL_GPIO_LockPin:00000000 HAL_GPIO_LockPin
C:\Users\63143\AppData\Local\Temp\ccSnR133.s:778    .text.HAL_GPIO_EXTI_Callback:00000000 $t
C:\Users\63143\AppData\Local\Temp\ccSnR133.s:785    .text.HAL_GPIO_EXTI_Callback:00000000 HAL_GPIO_EXTI_Callback
C:\Users\63143\AppData\Local\Temp\ccSnR133.s:799    .text.HAL_GPIO_EXTI_IRQHandler:00000000 $t
C:\Users\63143\AppData\Local\Temp\ccSnR133.s:806    .text.HAL_GPIO_EXTI_IRQHandler:00000000 HAL_GPIO_EXTI_IRQHandler
C:\Users\63143\AppData\Local\Temp\ccSnR133.s:840    .text.HAL_GPIO_EXTI_IRQHandler:00000018 $d

NO UNDEFINED SYMBOLS
