ARM GAS  C:\Users\63143\AppData\Local\Temp\cckAWw0e.s 			page 1


   1              		.cpu cortex-m4
   2              		.eabi_attribute 27, 1
   3              		.eabi_attribute 28, 1
   4              		.eabi_attribute 20, 1
   5              		.eabi_attribute 21, 1
   6              		.eabi_attribute 23, 3
   7              		.eabi_attribute 24, 1
   8              		.eabi_attribute 25, 1
   9              		.eabi_attribute 26, 1
  10              		.eabi_attribute 30, 1
  11              		.eabi_attribute 34, 1
  12              		.eabi_attribute 18, 4
  13              		.file	"usart.c"
  14              		.text
  15              	.Ltext0:
  16              		.cfi_sections	.debug_frame
  17              		.section	.text.MX_USART1_UART_Init,"ax",%progbits
  18              		.align	1
  19              		.global	MX_USART1_UART_Init
  20              		.syntax unified
  21              		.thumb
  22              		.thumb_func
  23              		.fpu fpv4-sp-d16
  25              	MX_USART1_UART_Init:
  26              	.LFB126:
  27              		.file 1 "Core/Src/usart.c"
   1:Core/Src/usart.c **** /**
   2:Core/Src/usart.c ****   ******************************************************************************
   3:Core/Src/usart.c ****   * File Name          : USART.c
   4:Core/Src/usart.c ****   * Description        : This file provides code for the configuration
   5:Core/Src/usart.c ****   *                      of the USART instances.
   6:Core/Src/usart.c ****   ******************************************************************************
   7:Core/Src/usart.c ****   ** This notice applies to any and all portions of this file
   8:Core/Src/usart.c ****   * that are not between comment pairs USER CODE BEGIN and
   9:Core/Src/usart.c ****   * USER CODE END. Other portions of this file, whether 
  10:Core/Src/usart.c ****   * inserted by the user or by software development tools
  11:Core/Src/usart.c ****   * are owned by their respective copyright owners.
  12:Core/Src/usart.c ****   *
  13:Core/Src/usart.c ****   * COPYRIGHT(c) 2019 STMicroelectronics
  14:Core/Src/usart.c ****   *
  15:Core/Src/usart.c ****   * Redistribution and use in source and binary forms, with or without modification,
  16:Core/Src/usart.c ****   * are permitted provided that the following conditions are met:
  17:Core/Src/usart.c ****   *   1. Redistributions of source code must retain the above copyright notice,
  18:Core/Src/usart.c ****   *      this list of conditions and the following disclaimer.
  19:Core/Src/usart.c ****   *   2. Redistributions in binary form must reproduce the above copyright notice,
  20:Core/Src/usart.c ****   *      this list of conditions and the following disclaimer in the documentation
  21:Core/Src/usart.c ****   *      and/or other materials provided with the distribution.
  22:Core/Src/usart.c ****   *   3. Neither the name of STMicroelectronics nor the names of its contributors
  23:Core/Src/usart.c ****   *      may be used to endorse or promote products derived from this software
  24:Core/Src/usart.c ****   *      without specific prior written permission.
  25:Core/Src/usart.c ****   *
  26:Core/Src/usart.c ****   * THIS SOFTWARE IS PROVIDED BY THE COPYRIGHT HOLDERS AND CONTRIBUTORS "AS IS"
  27:Core/Src/usart.c ****   * AND ANY EXPRESS OR IMPLIED WARRANTIES, INCLUDING, BUT NOT LIMITED TO, THE
  28:Core/Src/usart.c ****   * IMPLIED WARRANTIES OF MERCHANTABILITY AND FITNESS FOR A PARTICULAR PURPOSE ARE
  29:Core/Src/usart.c ****   * DISCLAIMED. IN NO EVENT SHALL THE COPYRIGHT HOLDER OR CONTRIBUTORS BE LIABLE
  30:Core/Src/usart.c ****   * FOR ANY DIRECT, INDIRECT, INCIDENTAL, SPECIAL, EXEMPLARY, OR CONSEQUENTIAL
  31:Core/Src/usart.c ****   * DAMAGES (INCLUDING, BUT NOT LIMITED TO, PROCUREMENT OF SUBSTITUTE GOODS OR
ARM GAS  C:\Users\63143\AppData\Local\Temp\cckAWw0e.s 			page 2


  32:Core/Src/usart.c ****   * SERVICES; LOSS OF USE, DATA, OR PROFITS; OR BUSINESS INTERRUPTION) HOWEVER
  33:Core/Src/usart.c ****   * CAUSED AND ON ANY THEORY OF LIABILITY, WHETHER IN CONTRACT, STRICT LIABILITY,
  34:Core/Src/usart.c ****   * OR TORT (INCLUDING NEGLIGENCE OR OTHERWISE) ARISING IN ANY WAY OUT OF THE USE
  35:Core/Src/usart.c ****   * OF THIS SOFTWARE, EVEN IF ADVISED OF THE POSSIBILITY OF SUCH DAMAGE.
  36:Core/Src/usart.c ****   *
  37:Core/Src/usart.c ****   ******************************************************************************
  38:Core/Src/usart.c ****   */
  39:Core/Src/usart.c **** 
  40:Core/Src/usart.c **** /* Includes ------------------------------------------------------------------*/
  41:Core/Src/usart.c **** #include "usart.h"
  42:Core/Src/usart.c **** #include <stdio.h>
  43:Core/Src/usart.c **** #include "utility.h"
  44:Core/Src/usart.c **** /* USER CODE BEGIN 0 */
  45:Core/Src/usart.c **** #include "crc16.h"
  46:Core/Src/usart.c **** /* USER CODE END 0 */
  47:Core/Src/usart.c **** UART_HandleTypeDef huart1;
  48:Core/Src/usart.c **** UART_HandleTypeDef huart3;
  49:Core/Src/usart.c **** uint8_t uart3_rev_cache[10] = {0};
  50:Core/Src/usart.c **** uint16_t counter = 0;
  51:Core/Src/usart.c **** /* USART1 init function */
  52:Core/Src/usart.c **** 
  53:Core/Src/usart.c **** void MX_USART1_UART_Init(void)
  54:Core/Src/usart.c **** {
  28              		.loc 1 54 0
  29              		.cfi_startproc
  30              		@ args = 0, pretend = 0, frame = 0
  31              		@ frame_needed = 0, uses_anonymous_args = 0
  32 0000 08B5     		push	{r3, lr}
  33              	.LCFI0:
  34              		.cfi_def_cfa_offset 8
  35              		.cfi_offset 3, -8
  36              		.cfi_offset 14, -4
  55:Core/Src/usart.c **** 
  56:Core/Src/usart.c ****   huart1.Instance = USART1;
  37              		.loc 1 56 0
  38 0002 0A48     		ldr	r0, .L5
  39 0004 0A4B     		ldr	r3, .L5+4
  40 0006 0360     		str	r3, [r0]
  57:Core/Src/usart.c ****   huart1.Init.BaudRate = 115200;
  41              		.loc 1 57 0
  42 0008 4FF4E133 		mov	r3, #115200
  43 000c 4360     		str	r3, [r0, #4]
  58:Core/Src/usart.c ****   huart1.Init.WordLength = UART_WORDLENGTH_8B;
  44              		.loc 1 58 0
  45 000e 0023     		movs	r3, #0
  46 0010 8360     		str	r3, [r0, #8]
  59:Core/Src/usart.c ****   huart1.Init.StopBits = UART_STOPBITS_1;
  47              		.loc 1 59 0
  48 0012 C360     		str	r3, [r0, #12]
  60:Core/Src/usart.c ****   huart1.Init.Parity = UART_PARITY_NONE;
  49              		.loc 1 60 0
  50 0014 0361     		str	r3, [r0, #16]
  61:Core/Src/usart.c ****   huart1.Init.Mode = UART_MODE_TX_RX;
  51              		.loc 1 61 0
  52 0016 0C22     		movs	r2, #12
  53 0018 4261     		str	r2, [r0, #20]
  62:Core/Src/usart.c ****   huart1.Init.HwFlowCtl = UART_HWCONTROL_NONE;
ARM GAS  C:\Users\63143\AppData\Local\Temp\cckAWw0e.s 			page 3


  54              		.loc 1 62 0
  55 001a 8361     		str	r3, [r0, #24]
  63:Core/Src/usart.c ****   huart1.Init.OverSampling = UART_OVERSAMPLING_16;
  56              		.loc 1 63 0
  57 001c C361     		str	r3, [r0, #28]
  64:Core/Src/usart.c ****   if (HAL_UART_Init(&huart1) != HAL_OK)
  58              		.loc 1 64 0
  59 001e FFF7FEFF 		bl	HAL_UART_Init
  60              	.LVL0:
  61 0022 00B9     		cbnz	r0, .L4
  62              	.L1:
  65:Core/Src/usart.c ****   {
  66:Core/Src/usart.c ****     Error_Handler();
  67:Core/Src/usart.c ****   }
  68:Core/Src/usart.c **** }
  63              		.loc 1 68 0
  64 0024 08BD     		pop	{r3, pc}
  65              	.L4:
  66:Core/Src/usart.c ****   }
  66              		.loc 1 66 0
  67 0026 FFF7FEFF 		bl	Error_Handler
  68              	.LVL1:
  69              		.loc 1 68 0
  70 002a FBE7     		b	.L1
  71              	.L6:
  72              		.align	2
  73              	.L5:
  74 002c 00000000 		.word	huart1
  75 0030 00100140 		.word	1073811456
  76              		.cfi_endproc
  77              	.LFE126:
  79              		.section	.text.MX_USART3_UART_Init,"ax",%progbits
  80              		.align	1
  81              		.global	MX_USART3_UART_Init
  82              		.syntax unified
  83              		.thumb
  84              		.thumb_func
  85              		.fpu fpv4-sp-d16
  87              	MX_USART3_UART_Init:
  88              	.LFB127:
  69:Core/Src/usart.c **** 
  70:Core/Src/usart.c **** void MX_USART3_UART_Init(void)
  71:Core/Src/usart.c **** {
  89              		.loc 1 71 0
  90              		.cfi_startproc
  91              		@ args = 0, pretend = 0, frame = 0
  92              		@ frame_needed = 0, uses_anonymous_args = 0
  93 0000 08B5     		push	{r3, lr}
  94              	.LCFI1:
  95              		.cfi_def_cfa_offset 8
  96              		.cfi_offset 3, -8
  97              		.cfi_offset 14, -4
  72:Core/Src/usart.c ****   huart3.Instance = USART3;
  98              		.loc 1 72 0
  99 0002 1148     		ldr	r0, .L13
 100 0004 114B     		ldr	r3, .L13+4
 101 0006 0360     		str	r3, [r0]
ARM GAS  C:\Users\63143\AppData\Local\Temp\cckAWw0e.s 			page 4


  73:Core/Src/usart.c ****   huart3.Init.BaudRate = 115200;
 102              		.loc 1 73 0
 103 0008 4FF4E133 		mov	r3, #115200
 104 000c 4360     		str	r3, [r0, #4]
  74:Core/Src/usart.c ****   huart3.Init.WordLength = UART_WORDLENGTH_8B;
 105              		.loc 1 74 0
 106 000e 0023     		movs	r3, #0
 107 0010 8360     		str	r3, [r0, #8]
  75:Core/Src/usart.c ****   huart3.Init.StopBits = UART_STOPBITS_1;
 108              		.loc 1 75 0
 109 0012 C360     		str	r3, [r0, #12]
  76:Core/Src/usart.c ****   huart3.Init.Parity = UART_PARITY_NONE;
 110              		.loc 1 76 0
 111 0014 0361     		str	r3, [r0, #16]
  77:Core/Src/usart.c ****   huart3.Init.Mode = UART_MODE_TX_RX;
 112              		.loc 1 77 0
 113 0016 0C22     		movs	r2, #12
 114 0018 4261     		str	r2, [r0, #20]
  78:Core/Src/usart.c ****   huart3.Init.HwFlowCtl = UART_HWCONTROL_NONE;
 115              		.loc 1 78 0
 116 001a 8361     		str	r3, [r0, #24]
  79:Core/Src/usart.c ****   huart3.Init.OverSampling = UART_OVERSAMPLING_16;
 117              		.loc 1 79 0
 118 001c C361     		str	r3, [r0, #28]
  80:Core/Src/usart.c ****   if (HAL_UART_Init(&huart3) != HAL_OK)
 119              		.loc 1 80 0
 120 001e FFF7FEFF 		bl	HAL_UART_Init
 121              	.LVL2:
 122 0022 58B9     		cbnz	r0, .L11
 123              	.L8:
  81:Core/Src/usart.c ****   {
  82:Core/Src/usart.c ****     Error_Handler();
  83:Core/Src/usart.c ****   }
  84:Core/Src/usart.c **** 
  85:Core/Src/usart.c ****   __HAL_UART_ENABLE_IT(&huart3, UART_IT_RXNE);
 124              		.loc 1 85 0
 125 0024 0848     		ldr	r0, .L13
 126 0026 0268     		ldr	r2, [r0]
 127 0028 D368     		ldr	r3, [r2, #12]
 128 002a 43F02003 		orr	r3, r3, #32
 129 002e D360     		str	r3, [r2, #12]
  86:Core/Src/usart.c ****   if (HAL_UART_Receive_IT(&huart3, uart3_rev_cache, 1) != HAL_OK)
 130              		.loc 1 86 0
 131 0030 0122     		movs	r2, #1
 132 0032 0749     		ldr	r1, .L13+8
 133 0034 FFF7FEFF 		bl	HAL_UART_Receive_IT
 134              	.LVL3:
 135 0038 18B9     		cbnz	r0, .L12
 136              	.L7:
  87:Core/Src/usart.c ****   {
  88:Core/Src/usart.c ****     Error_Handler();
  89:Core/Src/usart.c ****   }
  90:Core/Src/usart.c ****   
  91:Core/Src/usart.c **** }
 137              		.loc 1 91 0
 138 003a 08BD     		pop	{r3, pc}
 139              	.L11:
ARM GAS  C:\Users\63143\AppData\Local\Temp\cckAWw0e.s 			page 5


  82:Core/Src/usart.c ****   }
 140              		.loc 1 82 0
 141 003c FFF7FEFF 		bl	Error_Handler
 142              	.LVL4:
 143 0040 F0E7     		b	.L8
 144              	.L12:
  88:Core/Src/usart.c ****   }
 145              		.loc 1 88 0
 146 0042 FFF7FEFF 		bl	Error_Handler
 147              	.LVL5:
 148              		.loc 1 91 0
 149 0046 F8E7     		b	.L7
 150              	.L14:
 151              		.align	2
 152              	.L13:
 153 0048 00000000 		.word	huart3
 154 004c 00480040 		.word	1073760256
 155 0050 00000000 		.word	.LANCHOR0
 156              		.cfi_endproc
 157              	.LFE127:
 159              		.section	.text.HAL_UART_MspInit,"ax",%progbits
 160              		.align	1
 161              		.global	HAL_UART_MspInit
 162              		.syntax unified
 163              		.thumb
 164              		.thumb_func
 165              		.fpu fpv4-sp-d16
 167              	HAL_UART_MspInit:
 168              	.LFB128:
  92:Core/Src/usart.c **** 
  93:Core/Src/usart.c **** void HAL_UART_MspInit(UART_HandleTypeDef *uartHandle)
  94:Core/Src/usart.c **** {
 169              		.loc 1 94 0
 170              		.cfi_startproc
 171              		@ args = 0, pretend = 0, frame = 40
 172              		@ frame_needed = 0, uses_anonymous_args = 0
 173              	.LVL6:
 174 0000 10B5     		push	{r4, lr}
 175              	.LCFI2:
 176              		.cfi_def_cfa_offset 8
 177              		.cfi_offset 4, -8
 178              		.cfi_offset 14, -4
 179 0002 8AB0     		sub	sp, sp, #40
 180              	.LCFI3:
 181              		.cfi_def_cfa_offset 48
 182 0004 0446     		mov	r4, r0
  95:Core/Src/usart.c **** 
  96:Core/Src/usart.c ****   GPIO_InitTypeDef GPIO_InitStruct = {0};
 183              		.loc 1 96 0
 184 0006 0023     		movs	r3, #0
 185 0008 0593     		str	r3, [sp, #20]
 186 000a 0693     		str	r3, [sp, #24]
 187 000c 0793     		str	r3, [sp, #28]
 188 000e 0893     		str	r3, [sp, #32]
 189 0010 0993     		str	r3, [sp, #36]
  97:Core/Src/usart.c ****   if (uartHandle->Instance == USART1)
 190              		.loc 1 97 0
ARM GAS  C:\Users\63143\AppData\Local\Temp\cckAWw0e.s 			page 6


 191 0012 0268     		ldr	r2, [r0]
 192 0014 03F18043 		add	r3, r3, #1073741824
 193 0018 03F58833 		add	r3, r3, #69632
 194 001c 9A42     		cmp	r2, r3
 195 001e 05D0     		beq	.L19
 196              	.LVL7:
 197              	.L16:
  98:Core/Src/usart.c ****   {
  99:Core/Src/usart.c ****     /* USER CODE BEGIN USART1_MspInit 0 */
 100:Core/Src/usart.c **** 
 101:Core/Src/usart.c ****     /* USER CODE END USART1_MspInit 0 */
 102:Core/Src/usart.c ****     /* USART1 clock enable */
 103:Core/Src/usart.c ****     __HAL_RCC_USART1_CLK_ENABLE();
 104:Core/Src/usart.c **** 
 105:Core/Src/usart.c ****     __HAL_RCC_GPIOA_CLK_ENABLE();
 106:Core/Src/usart.c ****     /**USART1 GPIO Configuration    
 107:Core/Src/usart.c ****     PA9     ------> USART1_TX
 108:Core/Src/usart.c ****     PA10     ------> USART1_RX 
 109:Core/Src/usart.c ****     */
 110:Core/Src/usart.c ****     GPIO_InitStruct.Pin = GPIO_PIN_9 | GPIO_PIN_10;
 111:Core/Src/usart.c ****     GPIO_InitStruct.Mode = GPIO_MODE_AF_PP;
 112:Core/Src/usart.c ****     GPIO_InitStruct.Pull = GPIO_PULLUP;
 113:Core/Src/usart.c ****     GPIO_InitStruct.Speed = GPIO_SPEED_FREQ_VERY_HIGH;
 114:Core/Src/usart.c ****     GPIO_InitStruct.Alternate = GPIO_AF7_USART1;
 115:Core/Src/usart.c ****     HAL_GPIO_Init(GPIOA, &GPIO_InitStruct);
 116:Core/Src/usart.c **** 
 117:Core/Src/usart.c ****     /* USER CODE BEGIN USART1_MspInit 1 */
 118:Core/Src/usart.c **** 
 119:Core/Src/usart.c ****     /* USER CODE END USART1_MspInit 1 */
 120:Core/Src/usart.c ****   }
 121:Core/Src/usart.c **** 
 122:Core/Src/usart.c ****   if (uartHandle->Instance == USART3)
 198              		.loc 1 122 0
 199 0020 2268     		ldr	r2, [r4]
 200 0022 2D4B     		ldr	r3, .L21
 201 0024 9A42     		cmp	r2, r3
 202 0026 28D0     		beq	.L20
 203              	.LVL8:
 204              	.L15:
 123:Core/Src/usart.c ****   {
 124:Core/Src/usart.c ****     /* USER CODE BEGIN USART3_MspInit 0 */
 125:Core/Src/usart.c **** 
 126:Core/Src/usart.c ****     /* USER CODE END USART3_MspInit 0 */
 127:Core/Src/usart.c ****     /* USART3 clock enable */
 128:Core/Src/usart.c ****     // __HAL_RCC_USART3_CLK_ENABLE();
 129:Core/Src/usart.c ****     __HAL_RCC_USART3_CLK_ENABLE();
 130:Core/Src/usart.c **** 
 131:Core/Src/usart.c ****     __HAL_RCC_GPIOC_CLK_ENABLE();
 132:Core/Src/usart.c ****     /**USART3 GPIO Configuration    
 133:Core/Src/usart.c ****     PC10     ------> USART3_TX
 134:Core/Src/usart.c ****     PC11     ------> USART3_RX 
 135:Core/Src/usart.c ****     */
 136:Core/Src/usart.c ****     GPIO_InitStruct.Pin = GPIO_PIN_10 | GPIO_PIN_11;
 137:Core/Src/usart.c ****     GPIO_InitStruct.Mode = GPIO_MODE_AF_PP;
 138:Core/Src/usart.c ****     GPIO_InitStruct.Pull = GPIO_PULLUP;
 139:Core/Src/usart.c ****     GPIO_InitStruct.Speed = GPIO_SPEED_FREQ_VERY_HIGH;
 140:Core/Src/usart.c ****     GPIO_InitStruct.Alternate = GPIO_AF7_USART3;
ARM GAS  C:\Users\63143\AppData\Local\Temp\cckAWw0e.s 			page 7


 141:Core/Src/usart.c ****     HAL_GPIO_Init(GPIOC, &GPIO_InitStruct);
 142:Core/Src/usart.c **** 
 143:Core/Src/usart.c ****     HAL_NVIC_SetPriority(USART3_IRQn, 0, 0);
 144:Core/Src/usart.c ****     // HAL_NVIC_SetPendingIRQ(USART3_IRQn);
 145:Core/Src/usart.c ****     HAL_NVIC_EnableIRQ(USART3_IRQn);
 146:Core/Src/usart.c ****     /* USER CODE BEGIN USART3_MspInit 1 */
 147:Core/Src/usart.c **** 
 148:Core/Src/usart.c ****     /* USER CODE END USART3_MspInit 1 */
 149:Core/Src/usart.c ****   }
 150:Core/Src/usart.c **** }
 205              		.loc 1 150 0
 206 0028 0AB0     		add	sp, sp, #40
 207              	.LCFI4:
 208              		.cfi_remember_state
 209              		.cfi_def_cfa_offset 8
 210              		@ sp needed
 211 002a 10BD     		pop	{r4, pc}
 212              	.LVL9:
 213              	.L19:
 214              	.LCFI5:
 215              		.cfi_restore_state
 216              	.LBB2:
 103:Core/Src/usart.c **** 
 217              		.loc 1 103 0
 218 002c 0021     		movs	r1, #0
 219 002e 0191     		str	r1, [sp, #4]
 220 0030 03F59433 		add	r3, r3, #75776
 221 0034 5A6C     		ldr	r2, [r3, #68]
 222 0036 42F01002 		orr	r2, r2, #16
 223 003a 5A64     		str	r2, [r3, #68]
 224 003c 5A6C     		ldr	r2, [r3, #68]
 225 003e 02F01002 		and	r2, r2, #16
 226 0042 0192     		str	r2, [sp, #4]
 227 0044 019A     		ldr	r2, [sp, #4]
 228              	.LBE2:
 229              	.LBB3:
 105:Core/Src/usart.c ****     /**USART1 GPIO Configuration    
 230              		.loc 1 105 0
 231 0046 0291     		str	r1, [sp, #8]
 232 0048 1A6B     		ldr	r2, [r3, #48]
 233 004a 42F00102 		orr	r2, r2, #1
 234 004e 1A63     		str	r2, [r3, #48]
 235 0050 1B6B     		ldr	r3, [r3, #48]
 236 0052 03F00103 		and	r3, r3, #1
 237 0056 0293     		str	r3, [sp, #8]
 238 0058 029B     		ldr	r3, [sp, #8]
 239              	.LBE3:
 110:Core/Src/usart.c ****     GPIO_InitStruct.Mode = GPIO_MODE_AF_PP;
 240              		.loc 1 110 0
 241 005a 4FF4C063 		mov	r3, #1536
 242 005e 0593     		str	r3, [sp, #20]
 111:Core/Src/usart.c ****     GPIO_InitStruct.Pull = GPIO_PULLUP;
 243              		.loc 1 111 0
 244 0060 0223     		movs	r3, #2
 245 0062 0693     		str	r3, [sp, #24]
 112:Core/Src/usart.c ****     GPIO_InitStruct.Speed = GPIO_SPEED_FREQ_VERY_HIGH;
 246              		.loc 1 112 0
ARM GAS  C:\Users\63143\AppData\Local\Temp\cckAWw0e.s 			page 8


 247 0064 0123     		movs	r3, #1
 248 0066 0793     		str	r3, [sp, #28]
 113:Core/Src/usart.c ****     GPIO_InitStruct.Alternate = GPIO_AF7_USART1;
 249              		.loc 1 113 0
 250 0068 0323     		movs	r3, #3
 251 006a 0893     		str	r3, [sp, #32]
 114:Core/Src/usart.c ****     HAL_GPIO_Init(GPIOA, &GPIO_InitStruct);
 252              		.loc 1 114 0
 253 006c 0723     		movs	r3, #7
 254 006e 0993     		str	r3, [sp, #36]
 115:Core/Src/usart.c **** 
 255              		.loc 1 115 0
 256 0070 05A9     		add	r1, sp, #20
 257 0072 1A48     		ldr	r0, .L21+4
 258              	.LVL10:
 259 0074 FFF7FEFF 		bl	HAL_GPIO_Init
 260              	.LVL11:
 261 0078 D2E7     		b	.L16
 262              	.L20:
 263              	.LBB4:
 129:Core/Src/usart.c **** 
 264              		.loc 1 129 0
 265 007a 0024     		movs	r4, #0
 266              	.LVL12:
 267 007c 0394     		str	r4, [sp, #12]
 268 007e 03F5F833 		add	r3, r3, #126976
 269 0082 1A6C     		ldr	r2, [r3, #64]
 270 0084 42F48022 		orr	r2, r2, #262144
 271 0088 1A64     		str	r2, [r3, #64]
 272 008a 1A6C     		ldr	r2, [r3, #64]
 273 008c 02F48022 		and	r2, r2, #262144
 274 0090 0392     		str	r2, [sp, #12]
 275 0092 039A     		ldr	r2, [sp, #12]
 276              	.LBE4:
 277              	.LBB5:
 131:Core/Src/usart.c ****     /**USART3 GPIO Configuration    
 278              		.loc 1 131 0
 279 0094 0494     		str	r4, [sp, #16]
 280 0096 1A6B     		ldr	r2, [r3, #48]
 281 0098 42F00402 		orr	r2, r2, #4
 282 009c 1A63     		str	r2, [r3, #48]
 283 009e 1B6B     		ldr	r3, [r3, #48]
 284 00a0 03F00403 		and	r3, r3, #4
 285 00a4 0493     		str	r3, [sp, #16]
 286 00a6 049B     		ldr	r3, [sp, #16]
 287              	.LBE5:
 136:Core/Src/usart.c ****     GPIO_InitStruct.Mode = GPIO_MODE_AF_PP;
 288              		.loc 1 136 0
 289 00a8 4FF44063 		mov	r3, #3072
 290 00ac 0593     		str	r3, [sp, #20]
 137:Core/Src/usart.c ****     GPIO_InitStruct.Pull = GPIO_PULLUP;
 291              		.loc 1 137 0
 292 00ae 0223     		movs	r3, #2
 293 00b0 0693     		str	r3, [sp, #24]
 138:Core/Src/usart.c ****     GPIO_InitStruct.Speed = GPIO_SPEED_FREQ_VERY_HIGH;
 294              		.loc 1 138 0
 295 00b2 0123     		movs	r3, #1
ARM GAS  C:\Users\63143\AppData\Local\Temp\cckAWw0e.s 			page 9


 296 00b4 0793     		str	r3, [sp, #28]
 139:Core/Src/usart.c ****     GPIO_InitStruct.Alternate = GPIO_AF7_USART3;
 297              		.loc 1 139 0
 298 00b6 0323     		movs	r3, #3
 299 00b8 0893     		str	r3, [sp, #32]
 140:Core/Src/usart.c ****     HAL_GPIO_Init(GPIOC, &GPIO_InitStruct);
 300              		.loc 1 140 0
 301 00ba 0723     		movs	r3, #7
 302 00bc 0993     		str	r3, [sp, #36]
 141:Core/Src/usart.c **** 
 303              		.loc 1 141 0
 304 00be 05A9     		add	r1, sp, #20
 305 00c0 0748     		ldr	r0, .L21+8
 306 00c2 FFF7FEFF 		bl	HAL_GPIO_Init
 307              	.LVL13:
 143:Core/Src/usart.c ****     // HAL_NVIC_SetPendingIRQ(USART3_IRQn);
 308              		.loc 1 143 0
 309 00c6 2246     		mov	r2, r4
 310 00c8 2146     		mov	r1, r4
 311 00ca 2720     		movs	r0, #39
 312 00cc FFF7FEFF 		bl	HAL_NVIC_SetPriority
 313              	.LVL14:
 145:Core/Src/usart.c ****     /* USER CODE BEGIN USART3_MspInit 1 */
 314              		.loc 1 145 0
 315 00d0 2720     		movs	r0, #39
 316 00d2 FFF7FEFF 		bl	HAL_NVIC_EnableIRQ
 317              	.LVL15:
 318              		.loc 1 150 0
 319 00d6 A7E7     		b	.L15
 320              	.L22:
 321              		.align	2
 322              	.L21:
 323 00d8 00480040 		.word	1073760256
 324 00dc 00000240 		.word	1073872896
 325 00e0 00080240 		.word	1073874944
 326              		.cfi_endproc
 327              	.LFE128:
 329              		.section	.text.HAL_UART_MspDeInit,"ax",%progbits
 330              		.align	1
 331              		.global	HAL_UART_MspDeInit
 332              		.syntax unified
 333              		.thumb
 334              		.thumb_func
 335              		.fpu fpv4-sp-d16
 337              	HAL_UART_MspDeInit:
 338              	.LFB129:
 151:Core/Src/usart.c **** 
 152:Core/Src/usart.c **** void HAL_UART_MspDeInit(UART_HandleTypeDef *uartHandle)
 153:Core/Src/usart.c **** {
 339              		.loc 1 153 0
 340              		.cfi_startproc
 341              		@ args = 0, pretend = 0, frame = 0
 342              		@ frame_needed = 0, uses_anonymous_args = 0
 343              	.LVL16:
 344 0000 10B5     		push	{r4, lr}
 345              	.LCFI6:
 346              		.cfi_def_cfa_offset 8
ARM GAS  C:\Users\63143\AppData\Local\Temp\cckAWw0e.s 			page 10


 347              		.cfi_offset 4, -8
 348              		.cfi_offset 14, -4
 349 0002 0446     		mov	r4, r0
 154:Core/Src/usart.c **** 
 155:Core/Src/usart.c ****   if (uartHandle->Instance == USART1)
 350              		.loc 1 155 0
 351 0004 0268     		ldr	r2, [r0]
 352 0006 104B     		ldr	r3, .L29
 353 0008 9A42     		cmp	r2, r3
 354 000a 04D0     		beq	.L27
 355              	.LVL17:
 356              	.L24:
 156:Core/Src/usart.c ****   {
 157:Core/Src/usart.c ****     /* USER CODE BEGIN USART1_MspDeInit 0 */
 158:Core/Src/usart.c **** 
 159:Core/Src/usart.c ****     /* USER CODE END USART1_MspDeInit 0 */
 160:Core/Src/usart.c ****     /* Peripheral clock disable */
 161:Core/Src/usart.c ****     __HAL_RCC_USART1_CLK_DISABLE();
 162:Core/Src/usart.c **** 
 163:Core/Src/usart.c ****     /**USART1 GPIO Configuration    
 164:Core/Src/usart.c ****     PA9     ------> USART1_TX
 165:Core/Src/usart.c ****     PA10     ------> USART1_RX 
 166:Core/Src/usart.c ****     */
 167:Core/Src/usart.c ****     HAL_GPIO_DeInit(GPIOA, GPIO_PIN_9 | GPIO_PIN_10);
 168:Core/Src/usart.c **** 
 169:Core/Src/usart.c ****     /* USER CODE BEGIN USART1_MspDeInit 1 */
 170:Core/Src/usart.c **** 
 171:Core/Src/usart.c ****     /* USER CODE END USART1_MspDeInit 1 */
 172:Core/Src/usart.c ****   }
 173:Core/Src/usart.c **** 
 174:Core/Src/usart.c ****   if (uartHandle->Instance == USART3)
 357              		.loc 1 174 0
 358 000c 2268     		ldr	r2, [r4]
 359 000e 0F4B     		ldr	r3, .L29+4
 360 0010 9A42     		cmp	r2, r3
 361 0012 0BD0     		beq	.L28
 362              	.L23:
 175:Core/Src/usart.c ****   {
 176:Core/Src/usart.c ****     /* USER CODE BEGIN USART3_MspDeInit 0 */
 177:Core/Src/usart.c **** 
 178:Core/Src/usart.c ****     /* USER CODE END USART3_MspDeInit 0 */
 179:Core/Src/usart.c ****     /* Peripheral clock disable */
 180:Core/Src/usart.c ****     __HAL_RCC_USART3_CLK_DISABLE();
 181:Core/Src/usart.c **** 
 182:Core/Src/usart.c ****     /**USART3 GPIO Configuration    
 183:Core/Src/usart.c ****     PC10     ------> USART3_TX
 184:Core/Src/usart.c ****     PC11     ------> USART3_RX 
 185:Core/Src/usart.c ****     */
 186:Core/Src/usart.c ****     HAL_GPIO_DeInit(GPIOC, GPIO_PIN_10 | GPIO_PIN_11);
 187:Core/Src/usart.c **** 
 188:Core/Src/usart.c ****     // HAL_DMA_DeInit(uartHandle->hdmarx);
 189:Core/Src/usart.c **** 
 190:Core/Src/usart.c ****     HAL_NVIC_DisableIRQ(USART3_IRQn);
 191:Core/Src/usart.c **** 
 192:Core/Src/usart.c ****     /* USER CODE BEGIN USART3_MspDeInit 1 */
 193:Core/Src/usart.c **** 
 194:Core/Src/usart.c ****     /* USER CODE END USART3_MspDeInit 1 */
ARM GAS  C:\Users\63143\AppData\Local\Temp\cckAWw0e.s 			page 11


 195:Core/Src/usart.c ****   }
 196:Core/Src/usart.c **** }
 363              		.loc 1 196 0
 364 0014 10BD     		pop	{r4, pc}
 365              	.LVL18:
 366              	.L27:
 161:Core/Src/usart.c **** 
 367              		.loc 1 161 0
 368 0016 0E4A     		ldr	r2, .L29+8
 369 0018 536C     		ldr	r3, [r2, #68]
 370 001a 23F01003 		bic	r3, r3, #16
 371 001e 5364     		str	r3, [r2, #68]
 167:Core/Src/usart.c **** 
 372              		.loc 1 167 0
 373 0020 4FF4C061 		mov	r1, #1536
 374 0024 0B48     		ldr	r0, .L29+12
 375              	.LVL19:
 376 0026 FFF7FEFF 		bl	HAL_GPIO_DeInit
 377              	.LVL20:
 378 002a EFE7     		b	.L24
 379              	.L28:
 180:Core/Src/usart.c **** 
 380              		.loc 1 180 0
 381 002c 084A     		ldr	r2, .L29+8
 382 002e 136C     		ldr	r3, [r2, #64]
 383 0030 23F48023 		bic	r3, r3, #262144
 384 0034 1364     		str	r3, [r2, #64]
 186:Core/Src/usart.c **** 
 385              		.loc 1 186 0
 386 0036 4FF44061 		mov	r1, #3072
 387 003a 0748     		ldr	r0, .L29+16
 388 003c FFF7FEFF 		bl	HAL_GPIO_DeInit
 389              	.LVL21:
 190:Core/Src/usart.c **** 
 390              		.loc 1 190 0
 391 0040 2720     		movs	r0, #39
 392 0042 FFF7FEFF 		bl	HAL_NVIC_DisableIRQ
 393              	.LVL22:
 394              		.loc 1 196 0
 395 0046 E5E7     		b	.L23
 396              	.L30:
 397              		.align	2
 398              	.L29:
 399 0048 00100140 		.word	1073811456
 400 004c 00480040 		.word	1073760256
 401 0050 00380240 		.word	1073887232
 402 0054 00000240 		.word	1073872896
 403 0058 00080240 		.word	1073874944
 404              		.cfi_endproc
 405              	.LFE129:
 407              		.section	.text.__io_putchar,"ax",%progbits
 408              		.align	1
 409              		.global	__io_putchar
 410              		.syntax unified
 411              		.thumb
 412              		.thumb_func
 413              		.fpu fpv4-sp-d16
ARM GAS  C:\Users\63143\AppData\Local\Temp\cckAWw0e.s 			page 12


 415              	__io_putchar:
 416              	.LFB130:
 197:Core/Src/usart.c **** 
 198:Core/Src/usart.c **** /* USER CODE BEGIN 1 */
 199:Core/Src/usart.c **** int __io_putchar(int ch)
 200:Core/Src/usart.c **** {
 417              		.loc 1 200 0
 418              		.cfi_startproc
 419              		@ args = 0, pretend = 0, frame = 8
 420              		@ frame_needed = 0, uses_anonymous_args = 0
 421              	.LVL23:
 422 0000 00B5     		push	{lr}
 423              	.LCFI7:
 424              		.cfi_def_cfa_offset 4
 425              		.cfi_offset 14, -4
 426 0002 83B0     		sub	sp, sp, #12
 427              	.LCFI8:
 428              		.cfi_def_cfa_offset 16
 429 0004 02A9     		add	r1, sp, #8
 430 0006 41F8040D 		str	r0, [r1, #-4]!
 201:Core/Src/usart.c ****   HAL_UART_Transmit(&huart1, (uint8_t *)(&ch), 1, 0x10);
 431              		.loc 1 201 0
 432 000a 1023     		movs	r3, #16
 433 000c 0122     		movs	r2, #1
 434 000e 0348     		ldr	r0, .L33
 435              	.LVL24:
 436 0010 FFF7FEFF 		bl	HAL_UART_Transmit
 437              	.LVL25:
 202:Core/Src/usart.c ****   return ch;
 203:Core/Src/usart.c **** }
 438              		.loc 1 203 0
 439 0014 0198     		ldr	r0, [sp, #4]
 440 0016 03B0     		add	sp, sp, #12
 441              	.LCFI9:
 442              		.cfi_def_cfa_offset 4
 443              		@ sp needed
 444 0018 5DF804FB 		ldr	pc, [sp], #4
 445              	.L34:
 446              		.align	2
 447              	.L33:
 448 001c 00000000 		.word	huart1
 449              		.cfi_endproc
 450              	.LFE130:
 452              		.section	.text.scope_send,"ax",%progbits
 453              		.align	1
 454              		.global	scope_send
 455              		.syntax unified
 456              		.thumb
 457              		.thumb_func
 458              		.fpu fpv4-sp-d16
 460              	scope_send:
 461              	.LFB131:
 204:Core/Src/usart.c **** 
 205:Core/Src/usart.c **** void scope_send(int16_t *frame)
 206:Core/Src/usart.c **** {
 462              		.loc 1 206 0
 463              		.cfi_startproc
ARM GAS  C:\Users\63143\AppData\Local\Temp\cckAWw0e.s 			page 13


 464              		@ args = 0, pretend = 0, frame = 16
 465              		@ frame_needed = 0, uses_anonymous_args = 0
 466              	.LVL26:
 467 0000 00B5     		push	{lr}
 468              	.LCFI10:
 469              		.cfi_def_cfa_offset 4
 470              		.cfi_offset 14, -4
 471 0002 85B0     		sub	sp, sp, #20
 472              	.LCFI11:
 473              		.cfi_def_cfa_offset 24
 207:Core/Src/usart.c ****   uint8_t cache[10] = {0};
 474              		.loc 1 207 0
 475 0004 0023     		movs	r3, #0
 476 0006 ADF80C30 		strh	r3, [sp, #12]	@ movhi
 208:Core/Src/usart.c ****   cache[0] = GET_LOW_8BITS(frame[0]);
 477              		.loc 1 208 0
 478 000a B0F90030 		ldrsh	r3, [r0]
 479 000e 8DF80430 		strb	r3, [sp, #4]
 209:Core/Src/usart.c ****   cache[1] = GET_HEIGH_8BITS(frame[0]);
 480              		.loc 1 209 0
 481 0012 C3F30723 		ubfx	r3, r3, #8, #8
 482 0016 8DF80530 		strb	r3, [sp, #5]
 210:Core/Src/usart.c **** 
 211:Core/Src/usart.c ****   cache[2] = GET_LOW_8BITS(frame[1]);
 483              		.loc 1 211 0
 484 001a B0F90230 		ldrsh	r3, [r0, #2]
 485 001e 8DF80630 		strb	r3, [sp, #6]
 212:Core/Src/usart.c ****   cache[3] = GET_HEIGH_8BITS(frame[1]);
 486              		.loc 1 212 0
 487 0022 C3F30723 		ubfx	r3, r3, #8, #8
 488 0026 8DF80730 		strb	r3, [sp, #7]
 213:Core/Src/usart.c **** 
 214:Core/Src/usart.c ****   cache[4] = GET_LOW_8BITS(frame[2]);
 489              		.loc 1 214 0
 490 002a B0F90430 		ldrsh	r3, [r0, #4]
 491 002e 8DF80830 		strb	r3, [sp, #8]
 215:Core/Src/usart.c ****   cache[5] = GET_HEIGH_8BITS(frame[2]);
 492              		.loc 1 215 0
 493 0032 C3F30723 		ubfx	r3, r3, #8, #8
 494 0036 8DF80930 		strb	r3, [sp, #9]
 216:Core/Src/usart.c **** 
 217:Core/Src/usart.c ****   cache[6] = GET_LOW_8BITS(frame[3]);
 495              		.loc 1 217 0
 496 003a B0F90630 		ldrsh	r3, [r0, #6]
 497 003e 8DF80A30 		strb	r3, [sp, #10]
 218:Core/Src/usart.c ****   cache[7] = GET_HEIGH_8BITS(frame[3]);
 498              		.loc 1 218 0
 499 0042 C3F30723 		ubfx	r3, r3, #8, #8
 500 0046 8DF80B30 		strb	r3, [sp, #11]
 219:Core/Src/usart.c **** 
 220:Core/Src/usart.c ****   uint16_t crc_val = CRC16(cache, 8);
 501              		.loc 1 220 0
 502 004a 0821     		movs	r1, #8
 503 004c 01A8     		add	r0, sp, #4
 504              	.LVL27:
 505 004e FFF7FEFF 		bl	CRC16
 506              	.LVL28:
ARM GAS  C:\Users\63143\AppData\Local\Temp\cckAWw0e.s 			page 14


 221:Core/Src/usart.c **** 
 222:Core/Src/usart.c ****   cache[8] = GET_LOW_8BITS(crc_val);
 507              		.loc 1 222 0
 508 0052 8DF80C00 		strb	r0, [sp, #12]
 223:Core/Src/usart.c ****   cache[9] = GET_HEIGH_8BITS(crc_val);
 509              		.loc 1 223 0
 510 0056 C0F30720 		ubfx	r0, r0, #8, #8
 511              	.LVL29:
 512 005a 8DF80D00 		strb	r0, [sp, #13]
 224:Core/Src/usart.c **** 
 225:Core/Src/usart.c ****   HAL_UART_Transmit(&huart3, cache, 10, 0x100);
 513              		.loc 1 225 0
 514 005e 4FF48073 		mov	r3, #256
 515 0062 0A22     		movs	r2, #10
 516 0064 01A9     		add	r1, sp, #4
 517 0066 0348     		ldr	r0, .L37
 518 0068 FFF7FEFF 		bl	HAL_UART_Transmit
 519              	.LVL30:
 226:Core/Src/usart.c **** }
 520              		.loc 1 226 0
 521 006c 05B0     		add	sp, sp, #20
 522              	.LCFI12:
 523              		.cfi_def_cfa_offset 4
 524              		@ sp needed
 525 006e 5DF804FB 		ldr	pc, [sp], #4
 526              	.L38:
 527 0072 00BF     		.align	2
 528              	.L37:
 529 0074 00000000 		.word	huart3
 530              		.cfi_endproc
 531              	.LFE131:
 533              		.global	counter
 534              		.global	uart3_rev_cache
 535              		.comm	huart3,64,4
 536              		.comm	huart1,64,4
 537              		.section	.bss.counter,"aw",%nobits
 538              		.align	1
 541              	counter:
 542 0000 0000     		.space	2
 543              		.section	.bss.uart3_rev_cache,"aw",%nobits
 544              		.align	2
 545              		.set	.LANCHOR0,. + 0
 548              	uart3_rev_cache:
 549 0000 00000000 		.space	10
 549      00000000 
 549      0000
 550              		.text
 551              	.Letext0:
 552              		.file 2 "c:\\msys64\\home\\63143\\gcc-arm-none-eabi-7-2018-q2-update-win32\\arm-none-eabi\\include
 553              		.file 3 "c:\\msys64\\home\\63143\\gcc-arm-none-eabi-7-2018-q2-update-win32\\arm-none-eabi\\include
 554              		.file 4 "Drivers/CMSIS/Include/core_cm4.h"
 555              		.file 5 "Drivers/CMSIS/Device/ST/STM32F4xx/Include/system_stm32f4xx.h"
 556              		.file 6 "Drivers/CMSIS/Device/ST/STM32F4xx/Include/stm32f429xx.h"
 557              		.file 7 "Drivers/STM32F4xx_HAL_Driver/Inc/stm32f4xx_hal_def.h"
 558              		.file 8 "Drivers/STM32F4xx_HAL_Driver/Inc/stm32f4xx_hal_gpio.h"
 559              		.file 9 "Drivers/STM32F4xx_HAL_Driver/Inc/stm32f4xx_hal_dma.h"
 560              		.file 10 "Drivers/STM32F4xx_HAL_Driver/Inc/stm32f4xx_hal_uart.h"
ARM GAS  C:\Users\63143\AppData\Local\Temp\cckAWw0e.s 			page 15


 561              		.file 11 "Core/Inc/usart.h"
 562              		.file 12 "c:\\msys64\\home\\63143\\gcc-arm-none-eabi-7-2018-q2-update-win32\\arm-none-eabi\\includ
 563              		.file 13 "c:\\msys64\\home\\63143\\gcc-arm-none-eabi-7-2018-q2-update-win32\\arm-none-eabi\\includ
 564              		.file 14 "c:\\msys64\\home\\63143\\gcc-arm-none-eabi-7-2018-q2-update-win32\\lib\\gcc\\arm-none-ea
 565              		.file 15 "c:\\msys64\\home\\63143\\gcc-arm-none-eabi-7-2018-q2-update-win32\\arm-none-eabi\\includ
 566              		.file 16 "Core/Inc/utility.h"
 567              		.file 17 "Core/Inc/crc16.h"
 568              		.file 18 "Drivers/STM32F4xx_HAL_Driver/Inc/stm32f4xx_hal_cortex.h"
 569              		.file 19 "Core/Inc/main.h"
ARM GAS  C:\Users\63143\AppData\Local\Temp\cckAWw0e.s 			page 16


DEFINED SYMBOLS
                            *ABS*:00000000 usart.c
C:\Users\63143\AppData\Local\Temp\cckAWw0e.s:18     .text.MX_USART1_UART_Init:00000000 $t
C:\Users\63143\AppData\Local\Temp\cckAWw0e.s:25     .text.MX_USART1_UART_Init:00000000 MX_USART1_UART_Init
C:\Users\63143\AppData\Local\Temp\cckAWw0e.s:74     .text.MX_USART1_UART_Init:0000002c $d
                            *COM*:00000040 huart1
C:\Users\63143\AppData\Local\Temp\cckAWw0e.s:80     .text.MX_USART3_UART_Init:00000000 $t
C:\Users\63143\AppData\Local\Temp\cckAWw0e.s:87     .text.MX_USART3_UART_Init:00000000 MX_USART3_UART_Init
C:\Users\63143\AppData\Local\Temp\cckAWw0e.s:153    .text.MX_USART3_UART_Init:00000048 $d
                            *COM*:00000040 huart3
C:\Users\63143\AppData\Local\Temp\cckAWw0e.s:160    .text.HAL_UART_MspInit:00000000 $t
C:\Users\63143\AppData\Local\Temp\cckAWw0e.s:167    .text.HAL_UART_MspInit:00000000 HAL_UART_MspInit
C:\Users\63143\AppData\Local\Temp\cckAWw0e.s:323    .text.HAL_UART_MspInit:000000d8 $d
C:\Users\63143\AppData\Local\Temp\cckAWw0e.s:330    .text.HAL_UART_MspDeInit:00000000 $t
C:\Users\63143\AppData\Local\Temp\cckAWw0e.s:337    .text.HAL_UART_MspDeInit:00000000 HAL_UART_MspDeInit
C:\Users\63143\AppData\Local\Temp\cckAWw0e.s:399    .text.HAL_UART_MspDeInit:00000048 $d
C:\Users\63143\AppData\Local\Temp\cckAWw0e.s:408    .text.__io_putchar:00000000 $t
C:\Users\63143\AppData\Local\Temp\cckAWw0e.s:415    .text.__io_putchar:00000000 __io_putchar
C:\Users\63143\AppData\Local\Temp\cckAWw0e.s:448    .text.__io_putchar:0000001c $d
C:\Users\63143\AppData\Local\Temp\cckAWw0e.s:453    .text.scope_send:00000000 $t
C:\Users\63143\AppData\Local\Temp\cckAWw0e.s:460    .text.scope_send:00000000 scope_send
C:\Users\63143\AppData\Local\Temp\cckAWw0e.s:529    .text.scope_send:00000074 $d
C:\Users\63143\AppData\Local\Temp\cckAWw0e.s:541    .bss.counter:00000000 counter
C:\Users\63143\AppData\Local\Temp\cckAWw0e.s:548    .bss.uart3_rev_cache:00000000 uart3_rev_cache
C:\Users\63143\AppData\Local\Temp\cckAWw0e.s:538    .bss.counter:00000000 $d
C:\Users\63143\AppData\Local\Temp\cckAWw0e.s:544    .bss.uart3_rev_cache:00000000 $d

UNDEFINED SYMBOLS
HAL_UART_Init
Error_Handler
HAL_UART_Receive_IT
HAL_GPIO_Init
HAL_NVIC_SetPriority
HAL_NVIC_EnableIRQ
HAL_GPIO_DeInit
HAL_NVIC_DisableIRQ
HAL_UART_Transmit
CRC16
